/ExoMy_Sensors/install/joy_publisher/lib/python3.10/site-packages/joy_publisher/joy_publisher.py
/ExoMy_Sensors/install/joy_publisher/lib/python3.10/site-packages/joy_publisher/distance_calculator.py
/ExoMy_Sensors/install/joy_publisher/lib/python3.10/site-packages/joy_publisher/__init__.py
/ExoMy_Sensors/install/joy_publisher/lib/python3.10/site-packages/joy_publisher/position_calculator.py
/ExoMy_Sensors/install/joy_publisher/lib/python3.10/site-packages/joy_publisher/__pycache__/joy_publisher.cpython-310.pyc
/ExoMy_Sensors/install/joy_publisher/lib/python3.10/site-packages/joy_publisher/__pycache__/distance_calculator.cpython-310.pyc
/ExoMy_Sensors/install/joy_publisher/lib/python3.10/site-packages/joy_publisher/__pycache__/__init__.cpython-310.pyc
/ExoMy_Sensors/install/joy_publisher/lib/python3.10/site-packages/joy_publisher/__pycache__/position_calculator.cpython-310.pyc
/ExoMy_Sensors/install/joy_publisher/share/ament_index/resource_index/packages/joy_publisher
/ExoMy_Sensors/install/joy_publisher/share/joy_publisher/package.xml
/ExoMy_Sensors/install/joy_publisher/share/joy_publisher
/ExoMy_Sensors/install/joy_publisher/lib/python3.10/site-packages/joy_publisher-2.0.0-py3.10.egg-info/zip-safe
/ExoMy_Sensors/install/joy_publisher/lib/python3.10/site-packages/joy_publisher-2.0.0-py3.10.egg-info/dependency_links.txt
/ExoMy_Sensors/install/joy_publisher/lib/python3.10/site-packages/joy_publisher-2.0.0-py3.10.egg-info/SOURCES.txt
/ExoMy_Sensors/install/joy_publisher/lib/python3.10/site-packages/joy_publisher-2.0.0-py3.10.egg-info/top_level.txt
/ExoMy_Sensors/install/joy_publisher/lib/python3.10/site-packages/joy_publisher-2.0.0-py3.10.egg-info/entry_points.txt
/ExoMy_Sensors/install/joy_publisher/lib/python3.10/site-packages/joy_publisher-2.0.0-py3.10.egg-info/PKG-INFO
/ExoMy_Sensors/install/joy_publisher/lib/python3.10/site-packages/joy_publisher-2.0.0-py3.10.egg-info/requires.txt
/ExoMy_Sensors/install/joy_publisher/lib/joy_publisher/distance_calculator
/ExoMy_Sensors/install/joy_publisher/lib/joy_publisher/joy_publisher
/ExoMy_Sensors/install/joy_publisher/lib/joy_publisher/position_calculator
