[4.070s] Invoking command in '/ExoMy_Sensors/brain': PYTHONPATH=/ExoMy_Sensors/build/brain/prefix_override:/usr/lib/python3/dist-packages/colcon_core/task/python/colcon_distutils_commands:/ExoMy_Sensors/install/brain/lib/python3.10/site-packages:${PYTHONPATH} /usr/bin/python3 -W ignore:setup.py install is deprecated -W ignore:easy_install command is deprecated setup.py egg_info --egg-base ../build/brain build --build-base /ExoMy_Sensors/build/brain/build install --record /ExoMy_Sensors/build/brain/install.log --single-version-externally-managed install_data
[4.950s] running egg_info
[4.952s] writing ../build/brain/brain.egg-info/PKG-INFO
[4.961s] writing dependency_links to ../build/brain/brain.egg-info/dependency_links.txt
[4.962s] writing entry points to ../build/brain/brain.egg-info/entry_points.txt
[4.963s] writing requirements to ../build/brain/brain.egg-info/requires.txt
[4.965s] writing top-level names to ../build/brain/brain.egg-info/top_level.txt
[4.973s] reading manifest file '../build/brain/brain.egg-info/SOURCES.txt'
[4.978s] writing manifest file '../build/brain/brain.egg-info/SOURCES.txt'
[4.980s] running build
[4.980s] running build_py
[4.983s] running install
[4.991s] running install_lib
[5.017s] running install_data
[5.038s] running install_egg_info
[5.054s] removing '/ExoMy_Sensors/install/brain/lib/python3.10/site-packages/brain-0.0.0-py3.10.egg-info' (and everything under it)
[5.056s] Copying ../build/brain/brain.egg-info to /ExoMy_Sensors/install/brain/lib/python3.10/site-packages/brain-0.0.0-py3.10.egg-info
[5.068s] running install_scripts
[5.143s] writing list of installed files to '/ExoMy_Sensors/build/brain/install.log'
[5.401s] Invoked command in '/ExoMy_Sensors/brain' returned '0': PYTHONPATH=/ExoMy_Sensors/build/brain/prefix_override:/usr/lib/python3/dist-packages/colcon_core/task/python/colcon_distutils_commands:/ExoMy_Sensors/install/brain/lib/python3.10/site-packages:${PYTHONPATH} /usr/bin/python3 -W ignore:setup.py install is deprecated -W ignore:easy_install command is deprecated setup.py egg_info --egg-base ../build/brain build --build-base /ExoMy_Sensors/build/brain/build install --record /ExoMy_Sensors/build/brain/install.log --single-version-externally-managed install_data
