[7.957s] Invoking command in '/ExoMy_Sensors/brain': PYTHONPATH=/ExoMy_Sensors/build/brain/prefix_override:/usr/lib/python3/dist-packages/colcon_core/task/python/colcon_distutils_commands:/ExoMy_Sensors/install/brain/lib/python3.10/site-packages:${PYTHONPATH} /usr/bin/python3 -W ignore:setup.py install is deprecated -W ignore:easy_install command is deprecated setup.py egg_info --egg-base ../build/brain build --build-base /ExoMy_Sensors/build/brain/build install --record /ExoMy_Sensors/build/brain/install.log --single-version-externally-managed install_data
[10.203s] running egg_info
[10.213s] writing ../build/brain/brain.egg-info/PKG-INFO
[10.217s] writing dependency_links to ../build/brain/brain.egg-info/dependency_links.txt
[10.223s] writing entry points to ../build/brain/brain.egg-info/entry_points.txt
[10.226s] writing requirements to ../build/brain/brain.egg-info/requires.txt
[10.229s] writing top-level names to ../build/brain/brain.egg-info/top_level.txt
[10.247s] reading manifest file '../build/brain/brain.egg-info/SOURCES.txt'
[10.256s] writing manifest file '../build/brain/brain.egg-info/SOURCES.txt'
[10.257s] running build
[10.257s] running build_py
[10.261s] running install
[10.261s] running install_lib
[10.293s] running install_data
[10.293s] running install_egg_info
[10.312s] removing '/ExoMy_Sensors/install/brain/lib/python3.10/site-packages/brain-0.0.0-py3.10.egg-info' (and everything under it)
[10.345s] Copying ../build/brain/brain.egg-info to /ExoMy_Sensors/install/brain/lib/python3.10/site-packages/brain-0.0.0-py3.10.egg-info
[10.364s] running install_scripts
[10.537s] writing list of installed files to '/ExoMy_Sensors/build/brain/install.log'
[10.764s] Invoked command in '/ExoMy_Sensors/brain' returned '0': PYTHONPATH=/ExoMy_Sensors/build/brain/prefix_override:/usr/lib/python3/dist-packages/colcon_core/task/python/colcon_distutils_commands:/ExoMy_Sensors/install/brain/lib/python3.10/site-packages:${PYTHONPATH} /usr/bin/python3 -W ignore:setup.py install is deprecated -W ignore:easy_install command is deprecated setup.py egg_info --egg-base ../build/brain build --build-base /ExoMy_Sensors/build/brain/build install --record /ExoMy_Sensors/build/brain/install.log --single-version-externally-managed install_data
