[1.034s] DEBUG:colcon:Command line arguments: ['/usr/bin/colcon', 'build']
[1.034s] DEBUG:colcon:Parsed command line arguments: Namespace(log_base=None, log_level=None, verb_name='build', build_base='build', install_base='install', merge_install=False, symlink_install=False, test_result_base=None, continue_on_error=False, executor='parallel', parallel_workers=4, event_handlers=None, ignore_user_meta=False, metas=['./colcon.meta'], base_paths=['.'], packages_ignore=None, packages_ignore_regex=None, paths=None, packages_up_to=None, packages_up_to_regex=None, packages_above=None, packages_above_and_dependencies=None, packages_above_depth=None, packages_select_by_dep=None, packages_skip_by_dep=None, packages_skip_up_to=None, packages_select_build_failed=False, packages_skip_build_finished=False, packages_select_test_failures=False, packages_skip_test_passed=False, packages_select=None, packages_skip=None, packages_select_regex=None, packages_skip_regex=None, packages_start=None, packages_end=None, cmake_args=None, cmake_target=None, cmake_target_skip_unavailable=False, cmake_clean_cache=False, cmake_clean_first=False, cmake_force_configure=False, ament_cmake_args=None, catkin_cmake_args=None, catkin_skip_building_tests=False, mixin_files=None, mixin=None, verb_parser=<colcon_mixin.mixin.mixin_argument.MixinArgumentDecorator object at 0x7fadb794b0>, verb_extension=<colcon_core.verb.build.BuildVerb object at 0x7fadb78fd0>, main=<bound method BuildVerb.main of <colcon_core.verb.build.BuildVerb object at 0x7fadb78fd0>>, mixin_verb=('build',))
[1.686s] Level 1:colcon.colcon_core.package_discovery:discover_packages(colcon_meta) check parameters
[1.693s] INFO:colcon.colcon_metadata.package_discovery.colcon_meta:Using configuration from '/root/.colcon/metadata/default/Gazebo.meta'
[1.695s] INFO:colcon.colcon_metadata.package_discovery.colcon_meta:Using configuration from '/root/.colcon/metadata/default/fastrtps.meta'
[1.696s] Level 1:colcon.colcon_core.package_discovery:discover_packages(recursive) check parameters
[1.696s] Level 1:colcon.colcon_core.package_discovery:discover_packages(ignore) check parameters
[1.696s] Level 1:colcon.colcon_core.package_discovery:discover_packages(path) check parameters
[1.696s] Level 1:colcon.colcon_core.package_discovery:discover_packages(colcon_meta) discover
[1.696s] Level 1:colcon.colcon_core.package_discovery:discover_packages(recursive) discover
[1.696s] INFO:colcon.colcon_core.package_discovery:Crawling recursively for packages in '/ExoMy_Sensors'
[1.697s] Level 1:colcon.colcon_core.package_identification:_identify(.) by extensions ['ignore', 'ignore_ament_install']
[1.697s] Level 1:colcon.colcon_core.package_identification:_identify(.) by extension 'ignore'
[1.697s] Level 1:colcon.colcon_core.package_identification:_identify(.) by extension 'ignore_ament_install'
[1.697s] Level 1:colcon.colcon_core.package_identification:_identify(.) by extensions ['colcon_pkg']
[1.698s] Level 1:colcon.colcon_core.package_identification:_identify(.) by extension 'colcon_pkg'
[1.698s] Level 1:colcon.colcon_core.package_identification:_identify(.) by extensions ['colcon_meta']
[1.698s] Level 1:colcon.colcon_core.package_identification:_identify(.) by extension 'colcon_meta'
[1.698s] Level 1:colcon.colcon_core.package_identification:_identify(.) by extensions ['ros']
[1.698s] Level 1:colcon.colcon_core.package_identification:_identify(.) by extension 'ros'
[1.760s] Level 1:colcon.colcon_core.package_identification:_identify(.) by extensions ['cmake', 'python']
[1.760s] Level 1:colcon.colcon_core.package_identification:_identify(.) by extension 'cmake'
[1.761s] Level 1:colcon.colcon_core.package_identification:_identify(.) by extension 'python'
[1.761s] Level 1:colcon.colcon_core.package_identification:_identify(.) by extensions ['python_setup_py']
[1.761s] Level 1:colcon.colcon_core.package_identification:_identify(.) by extension 'python_setup_py'
[1.762s] Level 1:colcon.colcon_core.package_identification:_identify(brain) by extensions ['ignore', 'ignore_ament_install']
[1.762s] Level 1:colcon.colcon_core.package_identification:_identify(brain) by extension 'ignore'
[1.763s] Level 1:colcon.colcon_core.package_identification:_identify(brain) by extension 'ignore_ament_install'
[1.763s] Level 1:colcon.colcon_core.package_identification:_identify(brain) by extensions ['colcon_pkg']
[1.763s] Level 1:colcon.colcon_core.package_identification:_identify(brain) by extension 'colcon_pkg'
[1.763s] Level 1:colcon.colcon_core.package_identification:_identify(brain) by extensions ['colcon_meta']
[1.763s] Level 1:colcon.colcon_core.package_identification:_identify(brain) by extension 'colcon_meta'
[1.763s] Level 1:colcon.colcon_core.package_identification:_identify(brain) by extensions ['ros']
[1.763s] Level 1:colcon.colcon_core.package_identification:_identify(brain) by extension 'ros'
[1.775s] DEBUG:colcon.colcon_core.package_identification:Package 'brain' with type 'ros.ament_python' and name 'brain'
[1.776s] Level 1:colcon.colcon_core.package_identification:_identify(build) by extensions ['ignore', 'ignore_ament_install']
[1.776s] Level 1:colcon.colcon_core.package_identification:_identify(build) by extension 'ignore'
[1.776s] Level 1:colcon.colcon_core.package_identification:_identify(build) ignored
[1.777s] Level 1:colcon.colcon_core.package_identification:_identify(data_processor) by extensions ['ignore', 'ignore_ament_install']
[1.778s] Level 1:colcon.colcon_core.package_identification:_identify(data_processor) by extension 'ignore'
[1.778s] Level 1:colcon.colcon_core.package_identification:_identify(data_processor) by extension 'ignore_ament_install'
[1.778s] Level 1:colcon.colcon_core.package_identification:_identify(data_processor) by extensions ['colcon_pkg']
[1.778s] Level 1:colcon.colcon_core.package_identification:_identify(data_processor) by extension 'colcon_pkg'
[1.778s] Level 1:colcon.colcon_core.package_identification:_identify(data_processor) by extensions ['colcon_meta']
[1.779s] Level 1:colcon.colcon_core.package_identification:_identify(data_processor) by extension 'colcon_meta'
[1.779s] Level 1:colcon.colcon_core.package_identification:_identify(data_processor) by extensions ['ros']
[1.779s] Level 1:colcon.colcon_core.package_identification:_identify(data_processor) by extension 'ros'
[1.782s] DEBUG:colcon.colcon_core.package_identification:Package 'data_processor' with type 'ros.ament_python' and name 'data_processor'
[1.783s] Level 1:colcon.colcon_core.package_identification:_identify(install) by extensions ['ignore', 'ignore_ament_install']
[1.783s] Level 1:colcon.colcon_core.package_identification:_identify(install) by extension 'ignore'
[1.783s] Level 1:colcon.colcon_core.package_identification:_identify(install) ignored
[1.784s] Level 1:colcon.colcon_core.package_identification:_identify(log) by extensions ['ignore', 'ignore_ament_install']
[1.784s] Level 1:colcon.colcon_core.package_identification:_identify(log) by extension 'ignore'
[1.784s] Level 1:colcon.colcon_core.package_identification:_identify(log) ignored
[1.785s] Level 1:colcon.colcon_core.package_identification:_identify(raw_data_publisher) by extensions ['ignore', 'ignore_ament_install']
[1.785s] Level 1:colcon.colcon_core.package_identification:_identify(raw_data_publisher) by extension 'ignore'
[1.785s] Level 1:colcon.colcon_core.package_identification:_identify(raw_data_publisher) by extension 'ignore_ament_install'
[1.786s] Level 1:colcon.colcon_core.package_identification:_identify(raw_data_publisher) by extensions ['colcon_pkg']
[1.786s] Level 1:colcon.colcon_core.package_identification:_identify(raw_data_publisher) by extension 'colcon_pkg'
[1.786s] Level 1:colcon.colcon_core.package_identification:_identify(raw_data_publisher) by extensions ['colcon_meta']
[1.786s] Level 1:colcon.colcon_core.package_identification:_identify(raw_data_publisher) by extension 'colcon_meta'
[1.786s] Level 1:colcon.colcon_core.package_identification:_identify(raw_data_publisher) by extensions ['ros']
[1.786s] Level 1:colcon.colcon_core.package_identification:_identify(raw_data_publisher) by extension 'ros'
[1.790s] DEBUG:colcon.colcon_core.package_identification:Package 'raw_data_publisher' with type 'ros.ament_python' and name 'raw_data_publisher'
[1.790s] Level 1:colcon.colcon_core.package_discovery:discover_packages(recursive) using defaults
[1.790s] Level 1:colcon.colcon_core.package_discovery:discover_packages(ignore) discover
[1.790s] Level 1:colcon.colcon_core.package_discovery:discover_packages(ignore) using defaults
[1.791s] Level 1:colcon.colcon_core.package_discovery:discover_packages(path) discover
[1.791s] Level 1:colcon.colcon_core.package_discovery:discover_packages(path) using defaults
[1.919s] Level 5:colcon.colcon_core.verb:set package 'brain' build argument 'cmake_args' from command line to 'None'
[1.919s] Level 5:colcon.colcon_core.verb:set package 'brain' build argument 'cmake_target' from command line to 'None'
[1.919s] Level 5:colcon.colcon_core.verb:set package 'brain' build argument 'cmake_target_skip_unavailable' from command line to 'False'
[1.920s] Level 5:colcon.colcon_core.verb:set package 'brain' build argument 'cmake_clean_cache' from command line to 'False'
[1.920s] Level 5:colcon.colcon_core.verb:set package 'brain' build argument 'cmake_clean_first' from command line to 'False'
[1.920s] Level 5:colcon.colcon_core.verb:set package 'brain' build argument 'cmake_force_configure' from command line to 'False'
[1.920s] Level 5:colcon.colcon_core.verb:set package 'brain' build argument 'ament_cmake_args' from command line to 'None'
[1.920s] Level 5:colcon.colcon_core.verb:set package 'brain' build argument 'catkin_cmake_args' from command line to 'None'
[1.920s] Level 5:colcon.colcon_core.verb:set package 'brain' build argument 'catkin_skip_building_tests' from command line to 'False'
[1.920s] DEBUG:colcon.colcon_core.verb:Building package 'brain' with the following arguments: {'ament_cmake_args': None, 'build_base': '/ExoMy_Sensors/build/brain', 'catkin_cmake_args': None, 'catkin_skip_building_tests': False, 'cmake_args': None, 'cmake_clean_cache': False, 'cmake_clean_first': False, 'cmake_force_configure': False, 'cmake_target': None, 'cmake_target_skip_unavailable': False, 'install_base': '/ExoMy_Sensors/install/brain', 'merge_install': False, 'path': '/ExoMy_Sensors/brain', 'symlink_install': False, 'test_result_base': None}
[1.921s] Level 5:colcon.colcon_core.verb:set package 'data_processor' build argument 'cmake_args' from command line to 'None'
[1.922s] Level 5:colcon.colcon_core.verb:set package 'data_processor' build argument 'cmake_target' from command line to 'None'
[1.922s] Level 5:colcon.colcon_core.verb:set package 'data_processor' build argument 'cmake_target_skip_unavailable' from command line to 'False'
[1.922s] Level 5:colcon.colcon_core.verb:set package 'data_processor' build argument 'cmake_clean_cache' from command line to 'False'
[1.922s] Level 5:colcon.colcon_core.verb:set package 'data_processor' build argument 'cmake_clean_first' from command line to 'False'
[1.922s] Level 5:colcon.colcon_core.verb:set package 'data_processor' build argument 'cmake_force_configure' from command line to 'False'
[1.922s] Level 5:colcon.colcon_core.verb:set package 'data_processor' build argument 'ament_cmake_args' from command line to 'None'
[1.922s] Level 5:colcon.colcon_core.verb:set package 'data_processor' build argument 'catkin_cmake_args' from command line to 'None'
[1.922s] Level 5:colcon.colcon_core.verb:set package 'data_processor' build argument 'catkin_skip_building_tests' from command line to 'False'
[1.922s] DEBUG:colcon.colcon_core.verb:Building package 'data_processor' with the following arguments: {'ament_cmake_args': None, 'build_base': '/ExoMy_Sensors/build/data_processor', 'catkin_cmake_args': None, 'catkin_skip_building_tests': False, 'cmake_args': None, 'cmake_clean_cache': False, 'cmake_clean_first': False, 'cmake_force_configure': False, 'cmake_target': None, 'cmake_target_skip_unavailable': False, 'install_base': '/ExoMy_Sensors/install/data_processor', 'merge_install': False, 'path': '/ExoMy_Sensors/data_processor', 'symlink_install': False, 'test_result_base': None}
[1.924s] Level 5:colcon.colcon_core.verb:set package 'raw_data_publisher' build argument 'cmake_args' from command line to 'None'
[1.924s] Level 5:colcon.colcon_core.verb:set package 'raw_data_publisher' build argument 'cmake_target' from command line to 'None'
[1.924s] Level 5:colcon.colcon_core.verb:set package 'raw_data_publisher' build argument 'cmake_target_skip_unavailable' from command line to 'False'
[1.924s] Level 5:colcon.colcon_core.verb:set package 'raw_data_publisher' build argument 'cmake_clean_cache' from command line to 'False'
[1.924s] Level 5:colcon.colcon_core.verb:set package 'raw_data_publisher' build argument 'cmake_clean_first' from command line to 'False'
[1.924s] Level 5:colcon.colcon_core.verb:set package 'raw_data_publisher' build argument 'cmake_force_configure' from command line to 'False'
[1.924s] Level 5:colcon.colcon_core.verb:set package 'raw_data_publisher' build argument 'ament_cmake_args' from command line to 'None'
[1.924s] Level 5:colcon.colcon_core.verb:set package 'raw_data_publisher' build argument 'catkin_cmake_args' from command line to 'None'
[1.924s] Level 5:colcon.colcon_core.verb:set package 'raw_data_publisher' build argument 'catkin_skip_building_tests' from command line to 'False'
[1.924s] DEBUG:colcon.colcon_core.verb:Building package 'raw_data_publisher' with the following arguments: {'ament_cmake_args': None, 'build_base': '/ExoMy_Sensors/build/raw_data_publisher', 'catkin_cmake_args': None, 'catkin_skip_building_tests': False, 'cmake_args': None, 'cmake_clean_cache': False, 'cmake_clean_first': False, 'cmake_force_configure': False, 'cmake_target': None, 'cmake_target_skip_unavailable': False, 'install_base': '/ExoMy_Sensors/install/raw_data_publisher', 'merge_install': False, 'path': '/ExoMy_Sensors/raw_data_publisher', 'symlink_install': False, 'test_result_base': None}
[1.925s] INFO:colcon.colcon_core.executor:Executing jobs using 'parallel' executor
[1.928s] DEBUG:colcon.colcon_parallel_executor.executor.parallel:run_until_complete
[1.929s] INFO:colcon.colcon_ros.task.ament_python.build:Building ROS package in '/ExoMy_Sensors/brain' with build type 'ament_python'
[1.930s] Level 1:colcon.colcon_core.shell:create_environment_hook('brain', 'ament_prefix_path')
[1.948s] INFO:colcon.colcon_core.plugin_system:Skipping extension 'colcon_core.shell.bat': Not used on non-Windows systems
[1.948s] INFO:colcon.colcon_core.shell:Creating environment hook '/ExoMy_Sensors/install/brain/share/brain/hook/ament_prefix_path.ps1'
[1.957s] INFO:colcon.colcon_core.shell:Creating environment descriptor '/ExoMy_Sensors/install/brain/share/brain/hook/ament_prefix_path.dsv'
[1.963s] INFO:colcon.colcon_core.shell:Creating environment hook '/ExoMy_Sensors/install/brain/share/brain/hook/ament_prefix_path.sh'
[1.967s] INFO:colcon.colcon_core.shell:Skip shell extension 'powershell' for command environment: Not usable outside of PowerShell
[1.968s] DEBUG:colcon.colcon_core.shell:Skip shell extension 'dsv' for command environment
[1.988s] INFO:colcon.colcon_ros.task.ament_python.build:Building ROS package in '/ExoMy_Sensors/data_processor' with build type 'ament_python'
[1.988s] Level 1:colcon.colcon_core.shell:create_environment_hook('data_processor', 'ament_prefix_path')
[1.989s] INFO:colcon.colcon_core.shell:Creating environment hook '/ExoMy_Sensors/install/data_processor/share/data_processor/hook/ament_prefix_path.ps1'
[1.996s] INFO:colcon.colcon_core.shell:Creating environment descriptor '/ExoMy_Sensors/install/data_processor/share/data_processor/hook/ament_prefix_path.dsv'
[1.998s] INFO:colcon.colcon_core.shell:Creating environment hook '/ExoMy_Sensors/install/data_processor/share/data_processor/hook/ament_prefix_path.sh'
[2.000s] INFO:colcon.colcon_core.shell:Skip shell extension 'powershell' for command environment: Not usable outside of PowerShell
[2.000s] DEBUG:colcon.colcon_core.shell:Skip shell extension 'dsv' for command environment
[2.008s] INFO:colcon.colcon_ros.task.ament_python.build:Building ROS package in '/ExoMy_Sensors/raw_data_publisher' with build type 'ament_python'
[2.008s] Level 1:colcon.colcon_core.shell:create_environment_hook('raw_data_publisher', 'ament_prefix_path')
[2.009s] INFO:colcon.colcon_core.shell:Creating environment hook '/ExoMy_Sensors/install/raw_data_publisher/share/raw_data_publisher/hook/ament_prefix_path.ps1'
[2.014s] INFO:colcon.colcon_core.shell:Creating environment descriptor '/ExoMy_Sensors/install/raw_data_publisher/share/raw_data_publisher/hook/ament_prefix_path.dsv'
[2.016s] INFO:colcon.colcon_core.shell:Creating environment hook '/ExoMy_Sensors/install/raw_data_publisher/share/raw_data_publisher/hook/ament_prefix_path.sh'
[2.018s] INFO:colcon.colcon_core.shell:Skip shell extension 'powershell' for command environment: Not usable outside of PowerShell
[2.018s] DEBUG:colcon.colcon_core.shell:Skip shell extension 'dsv' for command environment
[2.743s] INFO:colcon.colcon_core.task.python.build:Building Python package in '/ExoMy_Sensors/brain'
[2.744s] INFO:colcon.colcon_core.shell:Skip shell extension 'powershell' for command environment: Not usable outside of PowerShell
[2.744s] DEBUG:colcon.colcon_core.shell:Skip shell extension 'dsv' for command environment
[3.450s] INFO:colcon.colcon_core.task.python.build:Building Python package in '/ExoMy_Sensors/data_processor'
[3.451s] INFO:colcon.colcon_core.shell:Skip shell extension 'powershell' for command environment: Not usable outside of PowerShell
[3.451s] DEBUG:colcon.colcon_core.shell:Skip shell extension 'dsv' for command environment
[4.175s] WARNING:colcon.colcon_ros.task.ament_python.build:Package 'raw_data_publisher' doesn't explicitly install a marker in the package index (colcon-ros currently does it implicitly but that fallback will be removed in the future)
[4.178s] WARNING:colcon.colcon_ros.task.ament_python.build:Package 'raw_data_publisher' doesn't explicitly install the 'package.xml' file (colcon-ros currently does it implicitly but that fallback will be removed in the future)
[4.179s] INFO:colcon.colcon_core.task.python.build:Building Python package in '/ExoMy_Sensors/raw_data_publisher'
[4.180s] INFO:colcon.colcon_core.shell:Skip shell extension 'powershell' for command environment: Not usable outside of PowerShell
[4.180s] DEBUG:colcon.colcon_core.shell:Skip shell extension 'dsv' for command environment
[5.794s] DEBUG:colcon.colcon_core.event_handler.log_command:Invoking command in '/ExoMy_Sensors/raw_data_publisher': PYTHONPATH=/ExoMy_Sensors/build/raw_data_publisher/prefix_override:/usr/lib/python3/dist-packages/colcon_core/task/python/colcon_distutils_commands:/ExoMy_Sensors/install/raw_data_publisher/lib/python3.10/site-packages:${PYTHONPATH} /usr/bin/python3 -W ignore:setup.py install is deprecated -W ignore:easy_install command is deprecated setup.py egg_info --egg-base ../build/raw_data_publisher build --build-base /ExoMy_Sensors/build/raw_data_publisher/build install --record /ExoMy_Sensors/build/raw_data_publisher/install.log --single-version-externally-managed install_data
[5.819s] DEBUG:colcon.colcon_core.event_handler.log_command:Invoking command in '/ExoMy_Sensors/data_processor': PYTHONPATH=/ExoMy_Sensors/build/data_processor/prefix_override:/usr/lib/python3/dist-packages/colcon_core/task/python/colcon_distutils_commands:/ExoMy_Sensors/install/data_processor/lib/python3.10/site-packages:${PYTHONPATH} /usr/bin/python3 -W ignore:setup.py install is deprecated -W ignore:easy_install command is deprecated setup.py egg_info --egg-base ../build/data_processor build --build-base /ExoMy_Sensors/build/data_processor/build install --record /ExoMy_Sensors/build/data_processor/install.log --single-version-externally-managed install_data
[5.823s] DEBUG:colcon.colcon_core.event_handler.log_command:Invoking command in '/ExoMy_Sensors/brain': PYTHONPATH=/ExoMy_Sensors/build/brain/prefix_override:/usr/lib/python3/dist-packages/colcon_core/task/python/colcon_distutils_commands:/ExoMy_Sensors/install/brain/lib/python3.10/site-packages:${PYTHONPATH} /usr/bin/python3 -W ignore:setup.py install is deprecated -W ignore:easy_install command is deprecated setup.py egg_info --egg-base ../build/brain build --build-base /ExoMy_Sensors/build/brain/build install --record /ExoMy_Sensors/build/brain/install.log --single-version-externally-managed install_data
[7.104s] DEBUG:colcon.colcon_core.event_handler.log_command:Invoked command in '/ExoMy_Sensors/brain' returned '0': PYTHONPATH=/ExoMy_Sensors/build/brain/prefix_override:/usr/lib/python3/dist-packages/colcon_core/task/python/colcon_distutils_commands:/ExoMy_Sensors/install/brain/lib/python3.10/site-packages:${PYTHONPATH} /usr/bin/python3 -W ignore:setup.py install is deprecated -W ignore:easy_install command is deprecated setup.py egg_info --egg-base ../build/brain build --build-base /ExoMy_Sensors/build/brain/build install --record /ExoMy_Sensors/build/brain/install.log --single-version-externally-managed install_data
[7.132s] Level 1:colcon.colcon_core.environment:checking '/ExoMy_Sensors/install/brain' for CMake module files
[7.134s] Level 1:colcon.colcon_core.environment:checking '/ExoMy_Sensors/install/brain' for CMake config files
[7.137s] Level 1:colcon.colcon_core.environment:checking '/ExoMy_Sensors/install/brain/lib'
[7.138s] Level 1:colcon.colcon_core.environment:checking '/ExoMy_Sensors/install/brain/bin'
[7.138s] Level 1:colcon.colcon_core.environment:checking '/ExoMy_Sensors/install/brain/lib/pkgconfig/brain.pc'
[7.139s] Level 1:colcon.colcon_core.environment:checking '/ExoMy_Sensors/install/brain/lib/python3.10/site-packages'
[7.139s] Level 1:colcon.colcon_core.shell:create_environment_hook('brain', 'pythonpath')
[7.140s] INFO:colcon.colcon_core.shell:Creating environment hook '/ExoMy_Sensors/install/brain/share/brain/hook/pythonpath.ps1'
[7.141s] INFO:colcon.colcon_core.shell:Creating environment descriptor '/ExoMy_Sensors/install/brain/share/brain/hook/pythonpath.dsv'
[7.144s] INFO:colcon.colcon_core.shell:Creating environment hook '/ExoMy_Sensors/install/brain/share/brain/hook/pythonpath.sh'
[7.147s] Level 1:colcon.colcon_core.environment:checking '/ExoMy_Sensors/install/brain/bin'
[7.147s] Level 1:colcon.colcon_core.environment:create_environment_scripts_only(brain)
[7.148s] INFO:colcon.colcon_core.shell:Creating package script '/ExoMy_Sensors/install/brain/share/brain/package.ps1'
[7.152s] INFO:colcon.colcon_core.shell:Creating package descriptor '/ExoMy_Sensors/install/brain/share/brain/package.dsv'
[7.157s] INFO:colcon.colcon_core.shell:Creating package script '/ExoMy_Sensors/install/brain/share/brain/package.sh'
[7.163s] INFO:colcon.colcon_core.shell:Creating package script '/ExoMy_Sensors/install/brain/share/brain/package.bash'
[7.170s] INFO:colcon.colcon_core.shell:Creating package script '/ExoMy_Sensors/install/brain/share/brain/package.zsh'
[7.176s] Level 1:colcon.colcon_core.environment:create_file_with_runtime_dependencies(/ExoMy_Sensors/install/brain/share/colcon-core/packages/brain)
[7.182s] Level 1:colcon.colcon_core.environment:checking '/ExoMy_Sensors/install/raw_data_publisher' for CMake module files
[7.185s] DEBUG:colcon.colcon_core.event_handler.log_command:Invoked command in '/ExoMy_Sensors/raw_data_publisher' returned '0': PYTHONPATH=/ExoMy_Sensors/build/raw_data_publisher/prefix_override:/usr/lib/python3/dist-packages/colcon_core/task/python/colcon_distutils_commands:/ExoMy_Sensors/install/raw_data_publisher/lib/python3.10/site-packages:${PYTHONPATH} /usr/bin/python3 -W ignore:setup.py install is deprecated -W ignore:easy_install command is deprecated setup.py egg_info --egg-base ../build/raw_data_publisher build --build-base /ExoMy_Sensors/build/raw_data_publisher/build install --record /ExoMy_Sensors/build/raw_data_publisher/install.log --single-version-externally-managed install_data
[7.185s] Level 1:colcon.colcon_core.environment:checking '/ExoMy_Sensors/install/raw_data_publisher' for CMake config files
[7.189s] Level 1:colcon.colcon_core.environment:checking '/ExoMy_Sensors/install/raw_data_publisher/lib'
[7.189s] Level 1:colcon.colcon_core.environment:checking '/ExoMy_Sensors/install/raw_data_publisher/bin'
[7.189s] Level 1:colcon.colcon_core.environment:checking '/ExoMy_Sensors/install/raw_data_publisher/lib/pkgconfig/raw_data_publisher.pc'
[7.190s] Level 1:colcon.colcon_core.environment:checking '/ExoMy_Sensors/install/raw_data_publisher/lib/python3.10/site-packages'
[7.190s] Level 1:colcon.colcon_core.shell:create_environment_hook('raw_data_publisher', 'pythonpath')
[7.191s] INFO:colcon.colcon_core.shell:Creating environment hook '/ExoMy_Sensors/install/raw_data_publisher/share/raw_data_publisher/hook/pythonpath.ps1'
[7.194s] INFO:colcon.colcon_core.shell:Creating environment descriptor '/ExoMy_Sensors/install/raw_data_publisher/share/raw_data_publisher/hook/pythonpath.dsv'
[7.196s] INFO:colcon.colcon_core.shell:Creating environment hook '/ExoMy_Sensors/install/raw_data_publisher/share/raw_data_publisher/hook/pythonpath.sh'
[7.199s] Level 1:colcon.colcon_core.environment:checking '/ExoMy_Sensors/install/raw_data_publisher/bin'
[7.199s] Level 1:colcon.colcon_core.environment:create_environment_scripts_only(raw_data_publisher)
[7.200s] INFO:colcon.colcon_core.shell:Creating package script '/ExoMy_Sensors/install/raw_data_publisher/share/raw_data_publisher/package.ps1'
[7.203s] INFO:colcon.colcon_core.shell:Creating package descriptor '/ExoMy_Sensors/install/raw_data_publisher/share/raw_data_publisher/package.dsv'
[7.205s] INFO:colcon.colcon_core.shell:Creating package script '/ExoMy_Sensors/install/raw_data_publisher/share/raw_data_publisher/package.sh'
[7.207s] INFO:colcon.colcon_core.shell:Creating package script '/ExoMy_Sensors/install/raw_data_publisher/share/raw_data_publisher/package.bash'
[7.209s] INFO:colcon.colcon_core.shell:Creating package script '/ExoMy_Sensors/install/raw_data_publisher/share/raw_data_publisher/package.zsh'
[7.212s] Level 1:colcon.colcon_core.environment:create_file_with_runtime_dependencies(/ExoMy_Sensors/install/raw_data_publisher/share/colcon-core/packages/raw_data_publisher)
[7.219s] Level 1:colcon.colcon_core.environment:checking '/ExoMy_Sensors/install/data_processor' for CMake module files
[7.224s] DEBUG:colcon.colcon_core.event_handler.log_command:Invoked command in '/ExoMy_Sensors/data_processor' returned '0': PYTHONPATH=/ExoMy_Sensors/build/data_processor/prefix_override:/usr/lib/python3/dist-packages/colcon_core/task/python/colcon_distutils_commands:/ExoMy_Sensors/install/data_processor/lib/python3.10/site-packages:${PYTHONPATH} /usr/bin/python3 -W ignore:setup.py install is deprecated -W ignore:easy_install command is deprecated setup.py egg_info --egg-base ../build/data_processor build --build-base /ExoMy_Sensors/build/data_processor/build install --record /ExoMy_Sensors/build/data_processor/install.log --single-version-externally-managed install_data
[7.224s] Level 1:colcon.colcon_core.environment:checking '/ExoMy_Sensors/install/data_processor' for CMake config files
[7.229s] Level 1:colcon.colcon_core.environment:checking '/ExoMy_Sensors/install/data_processor/lib'
[7.230s] Level 1:colcon.colcon_core.environment:checking '/ExoMy_Sensors/install/data_processor/bin'
[7.230s] Level 1:colcon.colcon_core.environment:checking '/ExoMy_Sensors/install/data_processor/lib/pkgconfig/data_processor.pc'
[7.231s] Level 1:colcon.colcon_core.environment:checking '/ExoMy_Sensors/install/data_processor/lib/python3.10/site-packages'
[7.231s] Level 1:colcon.colcon_core.shell:create_environment_hook('data_processor', 'pythonpath')
[7.232s] INFO:colcon.colcon_core.shell:Creating environment hook '/ExoMy_Sensors/install/data_processor/share/data_processor/hook/pythonpath.ps1'
[7.234s] INFO:colcon.colcon_core.shell:Creating environment descriptor '/ExoMy_Sensors/install/data_processor/share/data_processor/hook/pythonpath.dsv'
[7.238s] INFO:colcon.colcon_core.shell:Creating environment hook '/ExoMy_Sensors/install/data_processor/share/data_processor/hook/pythonpath.sh'
[7.241s] Level 1:colcon.colcon_core.environment:checking '/ExoMy_Sensors/install/data_processor/bin'
[7.241s] Level 1:colcon.colcon_core.environment:create_environment_scripts_only(data_processor)
[7.242s] INFO:colcon.colcon_core.shell:Creating package script '/ExoMy_Sensors/install/data_processor/share/data_processor/package.ps1'
[7.244s] INFO:colcon.colcon_core.shell:Creating package descriptor '/ExoMy_Sensors/install/data_processor/share/data_processor/package.dsv'
[7.247s] INFO:colcon.colcon_core.shell:Creating package script '/ExoMy_Sensors/install/data_processor/share/data_processor/package.sh'
[7.249s] INFO:colcon.colcon_core.shell:Creating package script '/ExoMy_Sensors/install/data_processor/share/data_processor/package.bash'
[7.251s] INFO:colcon.colcon_core.shell:Creating package script '/ExoMy_Sensors/install/data_processor/share/data_processor/package.zsh'
[7.253s] Level 1:colcon.colcon_core.environment:create_file_with_runtime_dependencies(/ExoMy_Sensors/install/data_processor/share/colcon-core/packages/data_processor)
[7.255s] DEBUG:colcon.colcon_parallel_executor.executor.parallel:closing loop
[7.257s] DEBUG:colcon.colcon_parallel_executor.executor.parallel:loop closed
[7.257s] DEBUG:colcon.colcon_parallel_executor.executor.parallel:run_until_complete finished with '0'
[7.257s] DEBUG:colcon.colcon_core.event_reactor:joining thread
[7.346s] INFO:colcon.colcon_core.plugin_system:Skipping extension 'colcon_notification.desktop_notification.notify_send': Could not find 'notify-send'
[7.347s] INFO:colcon.colcon_core.plugin_system:Skipping extension 'colcon_notification.desktop_notification.terminal_notifier': Not used on non-Darwin systems
[7.347s] INFO:colcon.colcon_core.plugin_system:Skipping extension 'colcon_notification.desktop_notification.win32': Not used on non-Windows systems
[7.347s] INFO:colcon.colcon_notification.desktop_notification:Sending desktop notification using 'notify2'
[7.347s] DEBUG:colcon.colcon_notification.desktop_notification.notify2:Failed to initialize notify2: org.freedesktop.DBus.Error.NotSupported: Unable to autolaunch a dbus-daemon without a $DISPLAY for X11
[7.348s] DEBUG:colcon.colcon_core.event_reactor:joined thread
[7.348s] INFO:colcon.colcon_core.shell:Creating prefix script '/ExoMy_Sensors/install/local_setup.ps1'
[7.352s] INFO:colcon.colcon_core.shell:Creating prefix util module '/ExoMy_Sensors/install/_local_setup_util_ps1.py'
[7.363s] INFO:colcon.colcon_core.shell:Creating prefix chain script '/ExoMy_Sensors/install/setup.ps1'
[7.370s] INFO:colcon.colcon_core.shell:Creating prefix script '/ExoMy_Sensors/install/local_setup.sh'
[7.378s] INFO:colcon.colcon_core.shell:Creating prefix util module '/ExoMy_Sensors/install/_local_setup_util_sh.py'
[7.381s] INFO:colcon.colcon_core.shell:Creating prefix chain script '/ExoMy_Sensors/install/setup.sh'
[7.388s] INFO:colcon.colcon_core.shell:Creating prefix script '/ExoMy_Sensors/install/local_setup.bash'
[7.392s] INFO:colcon.colcon_core.shell:Creating prefix chain script '/ExoMy_Sensors/install/setup.bash'
[7.398s] INFO:colcon.colcon_core.shell:Creating prefix script '/ExoMy_Sensors/install/local_setup.zsh'
[7.402s] INFO:colcon.colcon_core.shell:Creating prefix chain script '/ExoMy_Sensors/install/setup.zsh'
