[4.824s] Invoking command in '/ExoMy_Sensors/data_processor': PYTHONPATH=/ExoMy_Sensors/build/data_processor/prefix_override:/usr/lib/python3/dist-packages/colcon_core/task/python/colcon_distutils_commands:/ExoMy_Sensors/install/data_processor/lib/python3.10/site-packages:${PYTHONPATH} /usr/bin/python3 -W ignore:setup.py install is deprecated -W ignore:easy_install command is deprecated setup.py egg_info --egg-base ../build/data_processor build --build-base /ExoMy_Sensors/build/data_processor/build install --record /ExoMy_Sensors/build/data_processor/install.log --single-version-externally-managed install_data
[6.049s] running egg_info
[6.049s] writing ../build/data_processor/data_processor.egg-info/PKG-INFO
[6.050s] writing dependency_links to ../build/data_processor/data_processor.egg-info/dependency_links.txt
[6.050s] writing entry points to ../build/data_processor/data_processor.egg-info/entry_points.txt
[6.050s] writing requirements to ../build/data_processor/data_processor.egg-info/requires.txt
[6.051s] writing top-level names to ../build/data_processor/data_processor.egg-info/top_level.txt
[6.058s] reading manifest file '../build/data_processor/data_processor.egg-info/SOURCES.txt'
[6.065s] writing manifest file '../build/data_processor/data_processor.egg-info/SOURCES.txt'
[6.065s] running build
[6.068s] running build_py
[6.070s] running install
[6.072s] running install_lib
[6.080s] running install_data
[6.081s] running install_egg_info
[6.093s] removing '/ExoMy_Sensors/install/data_processor/lib/python3.10/site-packages/data_processor-0.0.0-py3.10.egg-info' (and everything under it)
[6.094s] Copying ../build/data_processor/data_processor.egg-info to /ExoMy_Sensors/install/data_processor/lib/python3.10/site-packages/data_processor-0.0.0-py3.10.egg-info
[6.101s] running install_scripts
[6.242s] Installing imu_data_processor script to /ExoMy_Sensors/install/data_processor/lib/data_processor
[6.245s] Installing tof_data_processor script to /ExoMy_Sensors/install/data_processor/lib/data_processor
[6.253s] writing list of installed files to '/ExoMy_Sensors/build/data_processor/install.log'
[6.585s] Invoked command in '/ExoMy_Sensors/data_processor' returned '0': PYTHONPATH=/ExoMy_Sensors/build/data_processor/prefix_override:/usr/lib/python3/dist-packages/colcon_core/task/python/colcon_distutils_commands:/ExoMy_Sensors/install/data_processor/lib/python3.10/site-packages:${PYTHONPATH} /usr/bin/python3 -W ignore:setup.py install is deprecated -W ignore:easy_install command is deprecated setup.py egg_info --egg-base ../build/data_processor build --build-base /ExoMy_Sensors/build/data_processor/build install --record /ExoMy_Sensors/build/data_processor/install.log --single-version-externally-managed install_data
