[5.971s] Invoking command in '/ExoMy_Sensors/brain': PYTHONPATH=/ExoMy_Sensors/build/brain/prefix_override:/usr/lib/python3/dist-packages/colcon_core/task/python/colcon_distutils_commands:/ExoMy_Sensors/install/brain/lib/python3.10/site-packages:${PYTHONPATH} /usr/bin/python3 -W ignore:setup.py install is deprecated -W ignore:easy_install command is deprecated setup.py egg_info --egg-base ../build/brain build --build-base /ExoMy_Sensors/build/brain/build install --record /ExoMy_Sensors/build/brain/install.log --single-version-externally-managed install_data
[7.767s] running egg_info
[7.773s] writing ../build/brain/brain.egg-info/PKG-INFO
[7.784s] writing dependency_links to ../build/brain/brain.egg-info/dependency_links.txt
[7.787s] writing entry points to ../build/brain/brain.egg-info/entry_points.txt
[7.787s] writing requirements to ../build/brain/brain.egg-info/requires.txt
[7.787s] writing top-level names to ../build/brain/brain.egg-info/top_level.txt
[7.801s] reading manifest file '../build/brain/brain.egg-info/SOURCES.txt'
[7.818s] writing manifest file '../build/brain/brain.egg-info/SOURCES.txt'
[7.823s] running build
[7.824s] running build_py
[7.829s] running install
[7.836s] running install_lib
[7.863s] running install_data
[7.867s] running install_egg_info
[7.888s] removing '/ExoMy_Sensors/install/brain/lib/python3.10/site-packages/brain-0.0.0-py3.10.egg-info' (and everything under it)
[7.891s] Copying ../build/brain/brain.egg-info to /ExoMy_Sensors/install/brain/lib/python3.10/site-packages/brain-0.0.0-py3.10.egg-info
[7.900s] running install_scripts
[8.059s] writing list of installed files to '/ExoMy_Sensors/build/brain/install.log'
[8.331s] Invoked command in '/ExoMy_Sensors/brain' returned '0': PYTHONPATH=/ExoMy_Sensors/build/brain/prefix_override:/usr/lib/python3/dist-packages/colcon_core/task/python/colcon_distutils_commands:/ExoMy_Sensors/install/brain/lib/python3.10/site-packages:${PYTHONPATH} /usr/bin/python3 -W ignore:setup.py install is deprecated -W ignore:easy_install command is deprecated setup.py egg_info --egg-base ../build/brain build --build-base /ExoMy_Sensors/build/brain/build install --record /ExoMy_Sensors/build/brain/install.log --single-version-externally-managed install_data
