[6.955s] Invoking command in '/ExoMy_Sensors/data_processor': PYTHONPATH=/ExoMy_Sensors/build/data_processor/prefix_override:/usr/lib/python3/dist-packages/colcon_core/task/python/colcon_distutils_commands:/ExoMy_Sensors/install/data_processor/lib/python3.10/site-packages:${PYTHONPATH} /usr/bin/python3 -W ignore:setup.py install is deprecated -W ignore:easy_install command is deprecated setup.py egg_info --egg-base ../build/data_processor build --build-base /ExoMy_Sensors/build/data_processor/build install --record /ExoMy_Sensors/build/data_processor/install.log --single-version-externally-managed install_data
[7.847s] running egg_info
[7.851s] writing ../build/data_processor/data_processor.egg-info/PKG-INFO
[7.853s] writing dependency_links to ../build/data_processor/data_processor.egg-info/dependency_links.txt
[7.855s] writing entry points to ../build/data_processor/data_processor.egg-info/entry_points.txt
[7.856s] writing requirements to ../build/data_processor/data_processor.egg-info/requires.txt
[7.859s] writing top-level names to ../build/data_processor/data_processor.egg-info/top_level.txt
[7.865s] reading manifest file '../build/data_processor/data_processor.egg-info/SOURCES.txt'
[7.870s] writing manifest file '../build/data_processor/data_processor.egg-info/SOURCES.txt'
[7.871s] running build
[7.872s] running build_py
[7.878s] running install
[7.880s] running install_lib
[7.887s] running install_data
[7.894s] running install_egg_info
[7.907s] removing '/ExoMy_Sensors/install/data_processor/lib/python3.10/site-packages/data_processor-0.0.0-py3.10.egg-info' (and everything under it)
[7.909s] Copying ../build/data_processor/data_processor.egg-info to /ExoMy_Sensors/install/data_processor/lib/python3.10/site-packages/data_processor-0.0.0-py3.10.egg-info
[7.915s] running install_scripts
[8.040s] Installing imu_data_processor script to /ExoMy_Sensors/install/data_processor/lib/data_processor
[8.043s] Installing tof_data_processor script to /ExoMy_Sensors/install/data_processor/lib/data_processor
[8.048s] writing list of installed files to '/ExoMy_Sensors/build/data_processor/install.log'
[8.350s] Invoked command in '/ExoMy_Sensors/data_processor' returned '0': PYTHONPATH=/ExoMy_Sensors/build/data_processor/prefix_override:/usr/lib/python3/dist-packages/colcon_core/task/python/colcon_distutils_commands:/ExoMy_Sensors/install/data_processor/lib/python3.10/site-packages:${PYTHONPATH} /usr/bin/python3 -W ignore:setup.py install is deprecated -W ignore:easy_install command is deprecated setup.py egg_info --egg-base ../build/data_processor build --build-base /ExoMy_Sensors/build/data_processor/build install --record /ExoMy_Sensors/build/data_processor/install.log --single-version-externally-managed install_data
