[4.971s] Invoking command in '/ExoMy_Sensors/data_processor': PYTHONPATH=/ExoMy_Sensors/build/data_processor/prefix_override:/usr/lib/python3/dist-packages/colcon_core/task/python/colcon_distutils_commands:/ExoMy_Sensors/install/data_processor/lib/python3.10/site-packages:${PYTHONPATH} /usr/bin/python3 -W ignore:setup.py install is deprecated -W ignore:easy_install command is deprecated setup.py egg_info --egg-base ../build/data_processor build --build-base /ExoMy_Sensors/build/data_processor/build install --record /ExoMy_Sensors/build/data_processor/install.log --single-version-externally-managed install_data
[5.857s] running egg_info
[5.861s] writing ../build/data_processor/data_processor.egg-info/PKG-INFO
[5.862s] writing dependency_links to ../build/data_processor/data_processor.egg-info/dependency_links.txt
[5.865s] writing entry points to ../build/data_processor/data_processor.egg-info/entry_points.txt
[5.867s] writing requirements to ../build/data_processor/data_processor.egg-info/requires.txt
[5.867s] writing top-level names to ../build/data_processor/data_processor.egg-info/top_level.txt
[5.882s] reading manifest file '../build/data_processor/data_processor.egg-info/SOURCES.txt'
[5.897s] writing manifest file '../build/data_processor/data_processor.egg-info/SOURCES.txt'
[5.899s] running build
[5.905s] running build_py
[5.918s] running install
[5.919s] running install_lib
[5.921s] running install_data
[5.922s] running install_egg_info
[5.925s] removing '/ExoMy_Sensors/install/data_processor/lib/python3.10/site-packages/data_processor-0.0.0-py3.10.egg-info' (and everything under it)
[5.926s] Copying ../build/data_processor/data_processor.egg-info to /ExoMy_Sensors/install/data_processor/lib/python3.10/site-packages/data_processor-0.0.0-py3.10.egg-info
[5.927s] running install_scripts
[6.006s] Installing imu_data_processor script to /ExoMy_Sensors/install/data_processor/lib/data_processor
[6.011s] Installing tof_data_processor script to /ExoMy_Sensors/install/data_processor/lib/data_processor
[6.015s] writing list of installed files to '/ExoMy_Sensors/build/data_processor/install.log'
[6.227s] Invoked command in '/ExoMy_Sensors/data_processor' returned '0': PYTHONPATH=/ExoMy_Sensors/build/data_processor/prefix_override:/usr/lib/python3/dist-packages/colcon_core/task/python/colcon_distutils_commands:/ExoMy_Sensors/install/data_processor/lib/python3.10/site-packages:${PYTHONPATH} /usr/bin/python3 -W ignore:setup.py install is deprecated -W ignore:easy_install command is deprecated setup.py egg_info --egg-base ../build/data_processor build --build-base /ExoMy_Sensors/build/data_processor/build install --record /ExoMy_Sensors/build/data_processor/install.log --single-version-externally-managed install_data
