[4.702s] Invoking command in '/ExoMy_Sensors/data_processor': PYTHONPATH=/ExoMy_Sensors/build/data_processor/prefix_override:/usr/lib/python3/dist-packages/colcon_core/task/python/colcon_distutils_commands:/ExoMy_Sensors/install/data_processor/lib/python3.10/site-packages:${PYTHONPATH} /usr/bin/python3 -W ignore:setup.py install is deprecated -W ignore:easy_install command is deprecated setup.py egg_info --egg-base ../build/data_processor build --build-base /ExoMy_Sensors/build/data_processor/build install --record /ExoMy_Sensors/build/data_processor/install.log --single-version-externally-managed install_data
[6.322s] running egg_info
[6.325s] writing ../build/data_processor/data_processor.egg-info/PKG-INFO
[6.327s] writing dependency_links to ../build/data_processor/data_processor.egg-info/dependency_links.txt
[6.338s] writing entry points to ../build/data_processor/data_processor.egg-info/entry_points.txt
[6.338s] writing requirements to ../build/data_processor/data_processor.egg-info/requires.txt
[6.340s] writing top-level names to ../build/data_processor/data_processor.egg-info/top_level.txt
[6.355s] reading manifest file '../build/data_processor/data_processor.egg-info/SOURCES.txt'
[6.360s] writing manifest file '../build/data_processor/data_processor.egg-info/SOURCES.txt'
[6.361s] running build
[6.364s] running build_py
[6.365s] running install
[6.367s] running install_lib
[6.387s] running install_data
[6.392s] running install_egg_info
[6.402s] removing '/ExoMy_Sensors/install/data_processor/lib/python3.10/site-packages/data_processor-0.0.0-py3.10.egg-info' (and everything under it)
[6.408s] Copying ../build/data_processor/data_processor.egg-info to /ExoMy_Sensors/install/data_processor/lib/python3.10/site-packages/data_processor-0.0.0-py3.10.egg-info
[6.420s] running install_scripts
[6.525s] Installing imu_data_processor script to /ExoMy_Sensors/install/data_processor/lib/data_processor
[6.526s] Installing tof_data_processor script to /ExoMy_Sensors/install/data_processor/lib/data_processor
[6.527s] writing list of installed files to '/ExoMy_Sensors/build/data_processor/install.log'
[6.720s] Invoked command in '/ExoMy_Sensors/data_processor' returned '0': PYTHONPATH=/ExoMy_Sensors/build/data_processor/prefix_override:/usr/lib/python3/dist-packages/colcon_core/task/python/colcon_distutils_commands:/ExoMy_Sensors/install/data_processor/lib/python3.10/site-packages:${PYTHONPATH} /usr/bin/python3 -W ignore:setup.py install is deprecated -W ignore:easy_install command is deprecated setup.py egg_info --egg-base ../build/data_processor build --build-base /ExoMy_Sensors/build/data_processor/build install --record /ExoMy_Sensors/build/data_processor/install.log --single-version-externally-managed install_data
