[4.168s] Invoking command in '/ExoMy_Sensors/brain': PYTHONPATH=/ExoMy_Sensors/build/brain/prefix_override:/usr/lib/python3/dist-packages/colcon_core/task/python/colcon_distutils_commands:/ExoMy_Sensors/install/brain/lib/python3.10/site-packages:${PYTHONPATH} /usr/bin/python3 -W ignore:setup.py install is deprecated -W ignore:easy_install command is deprecated setup.py egg_info --egg-base ../build/brain build --build-base /ExoMy_Sensors/build/brain/build install --record /ExoMy_Sensors/build/brain/install.log --single-version-externally-managed install_data
[5.315s] running egg_info
[5.321s] writing ../build/brain/brain.egg-info/PKG-INFO
[5.326s] writing dependency_links to ../build/brain/brain.egg-info/dependency_links.txt
[5.330s] writing entry points to ../build/brain/brain.egg-info/entry_points.txt
[5.331s] writing requirements to ../build/brain/brain.egg-info/requires.txt
[5.332s] writing top-level names to ../build/brain/brain.egg-info/top_level.txt
[5.359s] reading manifest file '../build/brain/brain.egg-info/SOURCES.txt'
[5.368s] writing manifest file '../build/brain/brain.egg-info/SOURCES.txt'
[5.370s] running build
[5.377s] running build_py
[5.380s] running install
[5.381s] running install_lib
[5.405s] running install_data
[5.405s] running install_egg_info
[5.425s] removing '/ExoMy_Sensors/install/brain/lib/python3.10/site-packages/brain-0.0.0-py3.10.egg-info' (and everything under it)
[5.428s] Copying ../build/brain/brain.egg-info to /ExoMy_Sensors/install/brain/lib/python3.10/site-packages/brain-0.0.0-py3.10.egg-info
[5.445s] running install_scripts
[5.657s] writing list of installed files to '/ExoMy_Sensors/build/brain/install.log'
[5.898s] Invoked command in '/ExoMy_Sensors/brain' returned '0': PYTHONPATH=/ExoMy_Sensors/build/brain/prefix_override:/usr/lib/python3/dist-packages/colcon_core/task/python/colcon_distutils_commands:/ExoMy_Sensors/install/brain/lib/python3.10/site-packages:${PYTHONPATH} /usr/bin/python3 -W ignore:setup.py install is deprecated -W ignore:easy_install command is deprecated setup.py egg_info --egg-base ../build/brain build --build-base /ExoMy_Sensors/build/brain/build install --record /ExoMy_Sensors/build/brain/install.log --single-version-externally-managed install_data
