[3.893s] Invoking command in '/ExoMy_Sensors/brain': PYTHONPATH=/ExoMy_Sensors/build/brain/prefix_override:/usr/lib/python3/dist-packages/colcon_core/task/python/colcon_distutils_commands:/ExoMy_Sensors/install/brain/lib/python3.10/site-packages:${PYTHONPATH} /usr/bin/python3 -W ignore:setup.py install is deprecated -W ignore:easy_install command is deprecated setup.py egg_info --egg-base ../build/brain build --build-base /ExoMy_Sensors/build/brain/build install --record /ExoMy_Sensors/build/brain/install.log --single-version-externally-managed install_data
[4.754s] running egg_info
[4.754s] writing ../build/brain/brain.egg-info/PKG-INFO
[4.771s] writing dependency_links to ../build/brain/brain.egg-info/dependency_links.txt
[4.772s] writing entry points to ../build/brain/brain.egg-info/entry_points.txt
[4.772s] writing requirements to ../build/brain/brain.egg-info/requires.txt
[4.773s] writing top-level names to ../build/brain/brain.egg-info/top_level.txt
[4.779s] reading manifest file '../build/brain/brain.egg-info/SOURCES.txt'
[4.790s] writing manifest file '../build/brain/brain.egg-info/SOURCES.txt'
[4.791s] running build
[4.791s] running build_py
[4.800s] running install
[4.801s] running install_lib
[4.808s] running install_data
[4.812s] running install_egg_info
[4.827s] removing '/ExoMy_Sensors/install/brain/lib/python3.10/site-packages/brain-0.0.0-py3.10.egg-info' (and everything under it)
[4.829s] Copying ../build/brain/brain.egg-info to /ExoMy_Sensors/install/brain/lib/python3.10/site-packages/brain-0.0.0-py3.10.egg-info
[4.834s] running install_scripts
[4.923s] writing list of installed files to '/ExoMy_Sensors/build/brain/install.log'
[5.173s] Invoked command in '/ExoMy_Sensors/brain' returned '0': PYTHONPATH=/ExoMy_Sensors/build/brain/prefix_override:/usr/lib/python3/dist-packages/colcon_core/task/python/colcon_distutils_commands:/ExoMy_Sensors/install/brain/lib/python3.10/site-packages:${PYTHONPATH} /usr/bin/python3 -W ignore:setup.py install is deprecated -W ignore:easy_install command is deprecated setup.py egg_info --egg-base ../build/brain build --build-base /ExoMy_Sensors/build/brain/build install --record /ExoMy_Sensors/build/brain/install.log --single-version-externally-managed install_data
