[0.907s] DEBUG:colcon:Command line arguments: ['/usr/bin/colcon', 'build']
[0.907s] DEBUG:colcon:Parsed command line arguments: Namespace(log_base=None, log_level=None, verb_name='build', build_base='build', install_base='install', merge_install=False, symlink_install=False, test_result_base=None, continue_on_error=False, executor='parallel', parallel_workers=4, event_handlers=None, ignore_user_meta=False, metas=['./colcon.meta'], base_paths=['.'], packages_ignore=None, packages_ignore_regex=None, paths=None, packages_up_to=None, packages_up_to_regex=None, packages_above=None, packages_above_and_dependencies=None, packages_above_depth=None, packages_select_by_dep=None, packages_skip_by_dep=None, packages_skip_up_to=None, packages_select_build_failed=False, packages_skip_build_finished=False, packages_select_test_failures=False, packages_skip_test_passed=False, packages_select=None, packages_skip=None, packages_select_regex=None, packages_skip_regex=None, packages_start=None, packages_end=None, cmake_args=None, cmake_target=None, cmake_target_skip_unavailable=False, cmake_clean_cache=False, cmake_clean_first=False, cmake_force_configure=False, ament_cmake_args=None, catkin_cmake_args=None, catkin_skip_building_tests=False, mixin_files=None, mixin=None, verb_parser=<colcon_mixin.mixin.mixin_argument.MixinArgumentDecorator object at 0x7fa3816140>, verb_extension=<colcon_core.verb.build.BuildVerb object at 0x7fa3815bd0>, main=<bound method BuildVerb.main of <colcon_core.verb.build.BuildVerb object at 0x7fa3815bd0>>, mixin_verb=('build',))
[1.784s] Level 1:colcon.colcon_core.package_discovery:discover_packages(colcon_meta) check parameters
[1.792s] INFO:colcon.colcon_metadata.package_discovery.colcon_meta:Using configuration from '/root/.colcon/metadata/default/Gazebo.meta'
[1.796s] INFO:colcon.colcon_metadata.package_discovery.colcon_meta:Using configuration from '/root/.colcon/metadata/default/fastrtps.meta'
[1.796s] Level 1:colcon.colcon_core.package_discovery:discover_packages(recursive) check parameters
[1.797s] Level 1:colcon.colcon_core.package_discovery:discover_packages(ignore) check parameters
[1.797s] Level 1:colcon.colcon_core.package_discovery:discover_packages(path) check parameters
[1.797s] Level 1:colcon.colcon_core.package_discovery:discover_packages(colcon_meta) discover
[1.797s] Level 1:colcon.colcon_core.package_discovery:discover_packages(recursive) discover
[1.797s] INFO:colcon.colcon_core.package_discovery:Crawling recursively for packages in '/ExoMy_Sensors'
[1.797s] Level 1:colcon.colcon_core.package_identification:_identify(.) by extensions ['ignore', 'ignore_ament_install']
[1.798s] Level 1:colcon.colcon_core.package_identification:_identify(.) by extension 'ignore'
[1.798s] Level 1:colcon.colcon_core.package_identification:_identify(.) by extension 'ignore_ament_install'
[1.798s] Level 1:colcon.colcon_core.package_identification:_identify(.) by extensions ['colcon_pkg']
[1.798s] Level 1:colcon.colcon_core.package_identification:_identify(.) by extension 'colcon_pkg'
[1.799s] Level 1:colcon.colcon_core.package_identification:_identify(.) by extensions ['colcon_meta']
[1.799s] Level 1:colcon.colcon_core.package_identification:_identify(.) by extension 'colcon_meta'
[1.799s] Level 1:colcon.colcon_core.package_identification:_identify(.) by extensions ['ros']
[1.799s] Level 1:colcon.colcon_core.package_identification:_identify(.) by extension 'ros'
[1.874s] Level 1:colcon.colcon_core.package_identification:_identify(.) by extensions ['cmake', 'python']
[1.875s] Level 1:colcon.colcon_core.package_identification:_identify(.) by extension 'cmake'
[1.875s] Level 1:colcon.colcon_core.package_identification:_identify(.) by extension 'python'
[1.876s] Level 1:colcon.colcon_core.package_identification:_identify(.) by extensions ['python_setup_py']
[1.876s] Level 1:colcon.colcon_core.package_identification:_identify(.) by extension 'python_setup_py'
[1.878s] Level 1:colcon.colcon_core.package_identification:_identify(brain) by extensions ['ignore', 'ignore_ament_install']
[1.879s] Level 1:colcon.colcon_core.package_identification:_identify(brain) by extension 'ignore'
[1.879s] Level 1:colcon.colcon_core.package_identification:_identify(brain) by extension 'ignore_ament_install'
[1.880s] Level 1:colcon.colcon_core.package_identification:_identify(brain) by extensions ['colcon_pkg']
[1.880s] Level 1:colcon.colcon_core.package_identification:_identify(brain) by extension 'colcon_pkg'
[1.881s] Level 1:colcon.colcon_core.package_identification:_identify(brain) by extensions ['colcon_meta']
[1.881s] Level 1:colcon.colcon_core.package_identification:_identify(brain) by extension 'colcon_meta'
[1.882s] Level 1:colcon.colcon_core.package_identification:_identify(brain) by extensions ['ros']
[1.882s] Level 1:colcon.colcon_core.package_identification:_identify(brain) by extension 'ros'
[1.898s] DEBUG:colcon.colcon_core.package_identification:Package 'brain' with type 'ros.ament_python' and name 'brain'
[1.899s] Level 1:colcon.colcon_core.package_identification:_identify(build) by extensions ['ignore', 'ignore_ament_install']
[1.900s] Level 1:colcon.colcon_core.package_identification:_identify(build) by extension 'ignore'
[1.901s] Level 1:colcon.colcon_core.package_identification:_identify(build) ignored
[1.902s] Level 1:colcon.colcon_core.package_identification:_identify(data_processor) by extensions ['ignore', 'ignore_ament_install']
[1.903s] Level 1:colcon.colcon_core.package_identification:_identify(data_processor) by extension 'ignore'
[1.904s] Level 1:colcon.colcon_core.package_identification:_identify(data_processor) by extension 'ignore_ament_install'
[1.904s] Level 1:colcon.colcon_core.package_identification:_identify(data_processor) by extensions ['colcon_pkg']
[1.905s] Level 1:colcon.colcon_core.package_identification:_identify(data_processor) by extension 'colcon_pkg'
[1.905s] Level 1:colcon.colcon_core.package_identification:_identify(data_processor) by extensions ['colcon_meta']
[1.906s] Level 1:colcon.colcon_core.package_identification:_identify(data_processor) by extension 'colcon_meta'
[1.906s] Level 1:colcon.colcon_core.package_identification:_identify(data_processor) by extensions ['ros']
[1.907s] Level 1:colcon.colcon_core.package_identification:_identify(data_processor) by extension 'ros'
[1.911s] DEBUG:colcon.colcon_core.package_identification:Package 'data_processor' with type 'ros.ament_python' and name 'data_processor'
[1.912s] Level 1:colcon.colcon_core.package_identification:_identify(install) by extensions ['ignore', 'ignore_ament_install']
[1.913s] Level 1:colcon.colcon_core.package_identification:_identify(install) by extension 'ignore'
[1.913s] Level 1:colcon.colcon_core.package_identification:_identify(install) ignored
[1.914s] Level 1:colcon.colcon_core.package_identification:_identify(log) by extensions ['ignore', 'ignore_ament_install']
[1.914s] Level 1:colcon.colcon_core.package_identification:_identify(log) by extension 'ignore'
[1.914s] Level 1:colcon.colcon_core.package_identification:_identify(log) ignored
[1.915s] Level 1:colcon.colcon_core.package_identification:_identify(raw_data_publisher) by extensions ['ignore', 'ignore_ament_install']
[1.915s] Level 1:colcon.colcon_core.package_identification:_identify(raw_data_publisher) by extension 'ignore'
[1.915s] Level 1:colcon.colcon_core.package_identification:_identify(raw_data_publisher) by extension 'ignore_ament_install'
[1.915s] Level 1:colcon.colcon_core.package_identification:_identify(raw_data_publisher) by extensions ['colcon_pkg']
[1.915s] Level 1:colcon.colcon_core.package_identification:_identify(raw_data_publisher) by extension 'colcon_pkg'
[1.916s] Level 1:colcon.colcon_core.package_identification:_identify(raw_data_publisher) by extensions ['colcon_meta']
[1.916s] Level 1:colcon.colcon_core.package_identification:_identify(raw_data_publisher) by extension 'colcon_meta'
[1.916s] Level 1:colcon.colcon_core.package_identification:_identify(raw_data_publisher) by extensions ['ros']
[1.916s] Level 1:colcon.colcon_core.package_identification:_identify(raw_data_publisher) by extension 'ros'
[1.921s] DEBUG:colcon.colcon_core.package_identification:Package 'raw_data_publisher' with type 'ros.ament_python' and name 'raw_data_publisher'
[1.921s] Level 1:colcon.colcon_core.package_discovery:discover_packages(recursive) using defaults
[1.922s] Level 1:colcon.colcon_core.package_discovery:discover_packages(ignore) discover
[1.922s] Level 1:colcon.colcon_core.package_discovery:discover_packages(ignore) using defaults
[1.923s] Level 1:colcon.colcon_core.package_discovery:discover_packages(path) discover
[1.924s] Level 1:colcon.colcon_core.package_discovery:discover_packages(path) using defaults
[2.076s] Level 5:colcon.colcon_core.verb:set package 'brain' build argument 'cmake_args' from command line to 'None'
[2.077s] Level 5:colcon.colcon_core.verb:set package 'brain' build argument 'cmake_target' from command line to 'None'
[2.077s] Level 5:colcon.colcon_core.verb:set package 'brain' build argument 'cmake_target_skip_unavailable' from command line to 'False'
[2.078s] Level 5:colcon.colcon_core.verb:set package 'brain' build argument 'cmake_clean_cache' from command line to 'False'
[2.078s] Level 5:colcon.colcon_core.verb:set package 'brain' build argument 'cmake_clean_first' from command line to 'False'
[2.078s] Level 5:colcon.colcon_core.verb:set package 'brain' build argument 'cmake_force_configure' from command line to 'False'
[2.078s] Level 5:colcon.colcon_core.verb:set package 'brain' build argument 'ament_cmake_args' from command line to 'None'
[2.078s] Level 5:colcon.colcon_core.verb:set package 'brain' build argument 'catkin_cmake_args' from command line to 'None'
[2.079s] Level 5:colcon.colcon_core.verb:set package 'brain' build argument 'catkin_skip_building_tests' from command line to 'False'
[2.079s] DEBUG:colcon.colcon_core.verb:Building package 'brain' with the following arguments: {'ament_cmake_args': None, 'build_base': '/ExoMy_Sensors/build/brain', 'catkin_cmake_args': None, 'catkin_skip_building_tests': False, 'cmake_args': None, 'cmake_clean_cache': False, 'cmake_clean_first': False, 'cmake_force_configure': False, 'cmake_target': None, 'cmake_target_skip_unavailable': False, 'install_base': '/ExoMy_Sensors/install/brain', 'merge_install': False, 'path': '/ExoMy_Sensors/brain', 'symlink_install': False, 'test_result_base': None}
[2.081s] Level 5:colcon.colcon_core.verb:set package 'data_processor' build argument 'cmake_args' from command line to 'None'
[2.082s] Level 5:colcon.colcon_core.verb:set package 'data_processor' build argument 'cmake_target' from command line to 'None'
[2.082s] Level 5:colcon.colcon_core.verb:set package 'data_processor' build argument 'cmake_target_skip_unavailable' from command line to 'False'
[2.082s] Level 5:colcon.colcon_core.verb:set package 'data_processor' build argument 'cmake_clean_cache' from command line to 'False'
[2.083s] Level 5:colcon.colcon_core.verb:set package 'data_processor' build argument 'cmake_clean_first' from command line to 'False'
[2.083s] Level 5:colcon.colcon_core.verb:set package 'data_processor' build argument 'cmake_force_configure' from command line to 'False'
[2.083s] Level 5:colcon.colcon_core.verb:set package 'data_processor' build argument 'ament_cmake_args' from command line to 'None'
[2.084s] Level 5:colcon.colcon_core.verb:set package 'data_processor' build argument 'catkin_cmake_args' from command line to 'None'
[2.084s] Level 5:colcon.colcon_core.verb:set package 'data_processor' build argument 'catkin_skip_building_tests' from command line to 'False'
[2.084s] DEBUG:colcon.colcon_core.verb:Building package 'data_processor' with the following arguments: {'ament_cmake_args': None, 'build_base': '/ExoMy_Sensors/build/data_processor', 'catkin_cmake_args': None, 'catkin_skip_building_tests': False, 'cmake_args': None, 'cmake_clean_cache': False, 'cmake_clean_first': False, 'cmake_force_configure': False, 'cmake_target': None, 'cmake_target_skip_unavailable': False, 'install_base': '/ExoMy_Sensors/install/data_processor', 'merge_install': False, 'path': '/ExoMy_Sensors/data_processor', 'symlink_install': False, 'test_result_base': None}
[2.086s] Level 5:colcon.colcon_core.verb:set package 'raw_data_publisher' build argument 'cmake_args' from command line to 'None'
[2.087s] Level 5:colcon.colcon_core.verb:set package 'raw_data_publisher' build argument 'cmake_target' from command line to 'None'
[2.087s] Level 5:colcon.colcon_core.verb:set package 'raw_data_publisher' build argument 'cmake_target_skip_unavailable' from command line to 'False'
[2.088s] Level 5:colcon.colcon_core.verb:set package 'raw_data_publisher' build argument 'cmake_clean_cache' from command line to 'False'
[2.088s] Level 5:colcon.colcon_core.verb:set package 'raw_data_publisher' build argument 'cmake_clean_first' from command line to 'False'
[2.088s] Level 5:colcon.colcon_core.verb:set package 'raw_data_publisher' build argument 'cmake_force_configure' from command line to 'False'
[2.088s] Level 5:colcon.colcon_core.verb:set package 'raw_data_publisher' build argument 'ament_cmake_args' from command line to 'None'
[2.088s] Level 5:colcon.colcon_core.verb:set package 'raw_data_publisher' build argument 'catkin_cmake_args' from command line to 'None'
[2.089s] Level 5:colcon.colcon_core.verb:set package 'raw_data_publisher' build argument 'catkin_skip_building_tests' from command line to 'False'
[2.089s] DEBUG:colcon.colcon_core.verb:Building package 'raw_data_publisher' with the following arguments: {'ament_cmake_args': None, 'build_base': '/ExoMy_Sensors/build/raw_data_publisher', 'catkin_cmake_args': None, 'catkin_skip_building_tests': False, 'cmake_args': None, 'cmake_clean_cache': False, 'cmake_clean_first': False, 'cmake_force_configure': False, 'cmake_target': None, 'cmake_target_skip_unavailable': False, 'install_base': '/ExoMy_Sensors/install/raw_data_publisher', 'merge_install': False, 'path': '/ExoMy_Sensors/raw_data_publisher', 'symlink_install': False, 'test_result_base': None}
[2.090s] INFO:colcon.colcon_core.executor:Executing jobs using 'parallel' executor
[2.094s] DEBUG:colcon.colcon_parallel_executor.executor.parallel:run_until_complete
[2.096s] INFO:colcon.colcon_ros.task.ament_python.build:Building ROS package in '/ExoMy_Sensors/brain' with build type 'ament_python'
[2.098s] Level 1:colcon.colcon_core.shell:create_environment_hook('brain', 'ament_prefix_path')
[2.117s] INFO:colcon.colcon_core.plugin_system:Skipping extension 'colcon_core.shell.bat': Not used on non-Windows systems
[2.118s] INFO:colcon.colcon_core.shell:Creating environment hook '/ExoMy_Sensors/install/brain/share/brain/hook/ament_prefix_path.ps1'
[2.126s] INFO:colcon.colcon_core.shell:Creating environment descriptor '/ExoMy_Sensors/install/brain/share/brain/hook/ament_prefix_path.dsv'
[2.131s] INFO:colcon.colcon_core.shell:Creating environment hook '/ExoMy_Sensors/install/brain/share/brain/hook/ament_prefix_path.sh'
[2.141s] INFO:colcon.colcon_core.shell:Skip shell extension 'powershell' for command environment: Not usable outside of PowerShell
[2.142s] DEBUG:colcon.colcon_core.shell:Skip shell extension 'dsv' for command environment
[2.175s] INFO:colcon.colcon_ros.task.ament_python.build:Building ROS package in '/ExoMy_Sensors/data_processor' with build type 'ament_python'
[2.178s] Level 1:colcon.colcon_core.shell:create_environment_hook('data_processor', 'ament_prefix_path')
[2.179s] INFO:colcon.colcon_core.shell:Creating environment hook '/ExoMy_Sensors/install/data_processor/share/data_processor/hook/ament_prefix_path.ps1'
[2.182s] INFO:colcon.colcon_core.shell:Creating environment descriptor '/ExoMy_Sensors/install/data_processor/share/data_processor/hook/ament_prefix_path.dsv'
[2.184s] INFO:colcon.colcon_core.shell:Creating environment hook '/ExoMy_Sensors/install/data_processor/share/data_processor/hook/ament_prefix_path.sh'
[2.187s] INFO:colcon.colcon_core.shell:Skip shell extension 'powershell' for command environment: Not usable outside of PowerShell
[2.188s] DEBUG:colcon.colcon_core.shell:Skip shell extension 'dsv' for command environment
[2.201s] INFO:colcon.colcon_ros.task.ament_python.build:Building ROS package in '/ExoMy_Sensors/raw_data_publisher' with build type 'ament_python'
[2.202s] Level 1:colcon.colcon_core.shell:create_environment_hook('raw_data_publisher', 'ament_prefix_path')
[2.203s] INFO:colcon.colcon_core.shell:Creating environment hook '/ExoMy_Sensors/install/raw_data_publisher/share/raw_data_publisher/hook/ament_prefix_path.ps1'
[2.206s] INFO:colcon.colcon_core.shell:Creating environment descriptor '/ExoMy_Sensors/install/raw_data_publisher/share/raw_data_publisher/hook/ament_prefix_path.dsv'
[2.208s] INFO:colcon.colcon_core.shell:Creating environment hook '/ExoMy_Sensors/install/raw_data_publisher/share/raw_data_publisher/hook/ament_prefix_path.sh'
[2.212s] INFO:colcon.colcon_core.shell:Skip shell extension 'powershell' for command environment: Not usable outside of PowerShell
[2.214s] DEBUG:colcon.colcon_core.shell:Skip shell extension 'dsv' for command environment
[3.177s] INFO:colcon.colcon_core.task.python.build:Building Python package in '/ExoMy_Sensors/brain'
[3.179s] INFO:colcon.colcon_core.shell:Skip shell extension 'powershell' for command environment: Not usable outside of PowerShell
[3.179s] DEBUG:colcon.colcon_core.shell:Skip shell extension 'dsv' for command environment
[4.149s] INFO:colcon.colcon_core.task.python.build:Building Python package in '/ExoMy_Sensors/data_processor'
[4.150s] INFO:colcon.colcon_core.shell:Skip shell extension 'powershell' for command environment: Not usable outside of PowerShell
[4.151s] DEBUG:colcon.colcon_core.shell:Skip shell extension 'dsv' for command environment
[5.089s] WARNING:colcon.colcon_ros.task.ament_python.build:Package 'raw_data_publisher' doesn't explicitly install a marker in the package index (colcon-ros currently does it implicitly but that fallback will be removed in the future)
[5.091s] WARNING:colcon.colcon_ros.task.ament_python.build:Package 'raw_data_publisher' doesn't explicitly install the 'package.xml' file (colcon-ros currently does it implicitly but that fallback will be removed in the future)
[5.094s] INFO:colcon.colcon_core.task.python.build:Building Python package in '/ExoMy_Sensors/raw_data_publisher'
[5.095s] INFO:colcon.colcon_core.shell:Skip shell extension 'powershell' for command environment: Not usable outside of PowerShell
[5.096s] DEBUG:colcon.colcon_core.shell:Skip shell extension 'dsv' for command environment
[6.841s] DEBUG:colcon.colcon_core.event_handler.log_command:Invoking command in '/ExoMy_Sensors/data_processor': PYTHONPATH=/ExoMy_Sensors/build/data_processor/prefix_override:/usr/lib/python3/dist-packages/colcon_core/task/python/colcon_distutils_commands:/ExoMy_Sensors/install/data_processor/lib/python3.10/site-packages:${PYTHONPATH} /usr/bin/python3 -W ignore:setup.py install is deprecated -W ignore:easy_install command is deprecated setup.py egg_info --egg-base ../build/data_processor build --build-base /ExoMy_Sensors/build/data_processor/build install --record /ExoMy_Sensors/build/data_processor/install.log --single-version-externally-managed install_data
[7.489s] DEBUG:colcon.colcon_core.event_handler.log_command:Invoking command in '/ExoMy_Sensors/raw_data_publisher': PYTHONPATH=/ExoMy_Sensors/build/raw_data_publisher/prefix_override:/usr/lib/python3/dist-packages/colcon_core/task/python/colcon_distutils_commands:/ExoMy_Sensors/install/raw_data_publisher/lib/python3.10/site-packages:${PYTHONPATH} /usr/bin/python3 -W ignore:setup.py install is deprecated -W ignore:easy_install command is deprecated setup.py egg_info --egg-base ../build/raw_data_publisher build --build-base /ExoMy_Sensors/build/raw_data_publisher/build install --record /ExoMy_Sensors/build/raw_data_publisher/install.log --single-version-externally-managed install_data
[8.170s] DEBUG:colcon.colcon_core.event_handler.log_command:Invoking command in '/ExoMy_Sensors/brain': PYTHONPATH=/ExoMy_Sensors/build/brain/prefix_override:/usr/lib/python3/dist-packages/colcon_core/task/python/colcon_distutils_commands:/ExoMy_Sensors/install/brain/lib/python3.10/site-packages:${PYTHONPATH} /usr/bin/python3 -W ignore:setup.py install is deprecated -W ignore:easy_install command is deprecated setup.py egg_info --egg-base ../build/brain build --build-base /ExoMy_Sensors/build/brain/build install --record /ExoMy_Sensors/build/brain/install.log --single-version-externally-managed install_data
[8.676s] DEBUG:colcon.colcon_core.event_handler.log_command:Invoked command in '/ExoMy_Sensors/data_processor' returned '0': PYTHONPATH=/ExoMy_Sensors/build/data_processor/prefix_override:/usr/lib/python3/dist-packages/colcon_core/task/python/colcon_distutils_commands:/ExoMy_Sensors/install/data_processor/lib/python3.10/site-packages:${PYTHONPATH} /usr/bin/python3 -W ignore:setup.py install is deprecated -W ignore:easy_install command is deprecated setup.py egg_info --egg-base ../build/data_processor build --build-base /ExoMy_Sensors/build/data_processor/build install --record /ExoMy_Sensors/build/data_processor/install.log --single-version-externally-managed install_data
[8.718s] Level 1:colcon.colcon_core.environment:checking '/ExoMy_Sensors/install/data_processor' for CMake module files
[8.722s] Level 1:colcon.colcon_core.environment:checking '/ExoMy_Sensors/install/data_processor' for CMake config files
[8.733s] Level 1:colcon.colcon_core.environment:checking '/ExoMy_Sensors/install/data_processor/lib'
[8.734s] Level 1:colcon.colcon_core.environment:checking '/ExoMy_Sensors/install/data_processor/bin'
[8.734s] Level 1:colcon.colcon_core.environment:checking '/ExoMy_Sensors/install/data_processor/lib/pkgconfig/data_processor.pc'
[8.735s] Level 1:colcon.colcon_core.environment:checking '/ExoMy_Sensors/install/data_processor/lib/python3.10/site-packages'
[8.736s] Level 1:colcon.colcon_core.shell:create_environment_hook('data_processor', 'pythonpath')
[8.753s] INFO:colcon.colcon_core.shell:Creating environment hook '/ExoMy_Sensors/install/data_processor/share/data_processor/hook/pythonpath.ps1'
[8.757s] INFO:colcon.colcon_core.shell:Creating environment descriptor '/ExoMy_Sensors/install/data_processor/share/data_processor/hook/pythonpath.dsv'
[8.769s] INFO:colcon.colcon_core.shell:Creating environment hook '/ExoMy_Sensors/install/data_processor/share/data_processor/hook/pythonpath.sh'
[8.778s] Level 1:colcon.colcon_core.environment:checking '/ExoMy_Sensors/install/data_processor/bin'
[8.789s] Level 1:colcon.colcon_core.environment:create_environment_scripts_only(data_processor)
[8.790s] INFO:colcon.colcon_core.shell:Creating package script '/ExoMy_Sensors/install/data_processor/share/data_processor/package.ps1'
[8.797s] INFO:colcon.colcon_core.shell:Creating package descriptor '/ExoMy_Sensors/install/data_processor/share/data_processor/package.dsv'
[8.808s] INFO:colcon.colcon_core.shell:Creating package script '/ExoMy_Sensors/install/data_processor/share/data_processor/package.sh'
[8.821s] INFO:colcon.colcon_core.shell:Creating package script '/ExoMy_Sensors/install/data_processor/share/data_processor/package.bash'
[8.826s] INFO:colcon.colcon_core.shell:Creating package script '/ExoMy_Sensors/install/data_processor/share/data_processor/package.zsh'
[8.835s] Level 1:colcon.colcon_core.environment:create_file_with_runtime_dependencies(/ExoMy_Sensors/install/data_processor/share/colcon-core/packages/data_processor)
[9.241s] Level 1:colcon.colcon_core.environment:checking '/ExoMy_Sensors/install/raw_data_publisher' for CMake module files
[9.242s] DEBUG:colcon.colcon_core.event_handler.log_command:Invoked command in '/ExoMy_Sensors/raw_data_publisher' returned '0': PYTHONPATH=/ExoMy_Sensors/build/raw_data_publisher/prefix_override:/usr/lib/python3/dist-packages/colcon_core/task/python/colcon_distutils_commands:/ExoMy_Sensors/install/raw_data_publisher/lib/python3.10/site-packages:${PYTHONPATH} /usr/bin/python3 -W ignore:setup.py install is deprecated -W ignore:easy_install command is deprecated setup.py egg_info --egg-base ../build/raw_data_publisher build --build-base /ExoMy_Sensors/build/raw_data_publisher/build install --record /ExoMy_Sensors/build/raw_data_publisher/install.log --single-version-externally-managed install_data
[9.247s] Level 1:colcon.colcon_core.environment:checking '/ExoMy_Sensors/install/raw_data_publisher' for CMake config files
[9.261s] Level 1:colcon.colcon_core.environment:checking '/ExoMy_Sensors/install/raw_data_publisher/lib'
[9.262s] Level 1:colcon.colcon_core.environment:checking '/ExoMy_Sensors/install/raw_data_publisher/bin'
[9.262s] Level 1:colcon.colcon_core.environment:checking '/ExoMy_Sensors/install/raw_data_publisher/lib/pkgconfig/raw_data_publisher.pc'
[9.263s] Level 1:colcon.colcon_core.environment:checking '/ExoMy_Sensors/install/raw_data_publisher/lib/python3.10/site-packages'
[9.264s] Level 1:colcon.colcon_core.shell:create_environment_hook('raw_data_publisher', 'pythonpath')
[9.265s] INFO:colcon.colcon_core.shell:Creating environment hook '/ExoMy_Sensors/install/raw_data_publisher/share/raw_data_publisher/hook/pythonpath.ps1'
[9.267s] INFO:colcon.colcon_core.shell:Creating environment descriptor '/ExoMy_Sensors/install/raw_data_publisher/share/raw_data_publisher/hook/pythonpath.dsv'
[9.273s] INFO:colcon.colcon_core.shell:Creating environment hook '/ExoMy_Sensors/install/raw_data_publisher/share/raw_data_publisher/hook/pythonpath.sh'
[9.276s] Level 1:colcon.colcon_core.environment:checking '/ExoMy_Sensors/install/raw_data_publisher/bin'
[9.277s] Level 1:colcon.colcon_core.environment:create_environment_scripts_only(raw_data_publisher)
[9.278s] INFO:colcon.colcon_core.shell:Creating package script '/ExoMy_Sensors/install/raw_data_publisher/share/raw_data_publisher/package.ps1'
[9.285s] INFO:colcon.colcon_core.shell:Creating package descriptor '/ExoMy_Sensors/install/raw_data_publisher/share/raw_data_publisher/package.dsv'
[9.287s] INFO:colcon.colcon_core.shell:Creating package script '/ExoMy_Sensors/install/raw_data_publisher/share/raw_data_publisher/package.sh'
[9.291s] INFO:colcon.colcon_core.shell:Creating package script '/ExoMy_Sensors/install/raw_data_publisher/share/raw_data_publisher/package.bash'
[9.298s] INFO:colcon.colcon_core.shell:Creating package script '/ExoMy_Sensors/install/raw_data_publisher/share/raw_data_publisher/package.zsh'
[9.300s] Level 1:colcon.colcon_core.environment:create_file_with_runtime_dependencies(/ExoMy_Sensors/install/raw_data_publisher/share/colcon-core/packages/raw_data_publisher)
[9.799s] Level 1:colcon.colcon_core.environment:checking '/ExoMy_Sensors/install/brain' for CMake module files
[9.800s] DEBUG:colcon.colcon_core.event_handler.log_command:Invoked command in '/ExoMy_Sensors/brain' returned '0': PYTHONPATH=/ExoMy_Sensors/build/brain/prefix_override:/usr/lib/python3/dist-packages/colcon_core/task/python/colcon_distutils_commands:/ExoMy_Sensors/install/brain/lib/python3.10/site-packages:${PYTHONPATH} /usr/bin/python3 -W ignore:setup.py install is deprecated -W ignore:easy_install command is deprecated setup.py egg_info --egg-base ../build/brain build --build-base /ExoMy_Sensors/build/brain/build install --record /ExoMy_Sensors/build/brain/install.log --single-version-externally-managed install_data
[9.804s] Level 1:colcon.colcon_core.environment:checking '/ExoMy_Sensors/install/brain' for CMake config files
[9.812s] Level 1:colcon.colcon_core.environment:checking '/ExoMy_Sensors/install/brain/lib'
[9.812s] Level 1:colcon.colcon_core.environment:checking '/ExoMy_Sensors/install/brain/bin'
[9.813s] Level 1:colcon.colcon_core.environment:checking '/ExoMy_Sensors/install/brain/lib/pkgconfig/brain.pc'
[9.814s] Level 1:colcon.colcon_core.environment:checking '/ExoMy_Sensors/install/brain/lib/python3.10/site-packages'
[9.814s] Level 1:colcon.colcon_core.shell:create_environment_hook('brain', 'pythonpath')
[9.815s] INFO:colcon.colcon_core.shell:Creating environment hook '/ExoMy_Sensors/install/brain/share/brain/hook/pythonpath.ps1'
[9.817s] INFO:colcon.colcon_core.shell:Creating environment descriptor '/ExoMy_Sensors/install/brain/share/brain/hook/pythonpath.dsv'
[9.819s] INFO:colcon.colcon_core.shell:Creating environment hook '/ExoMy_Sensors/install/brain/share/brain/hook/pythonpath.sh'
[9.822s] Level 1:colcon.colcon_core.environment:checking '/ExoMy_Sensors/install/brain/bin'
[9.822s] Level 1:colcon.colcon_core.environment:create_environment_scripts_only(brain)
[9.823s] INFO:colcon.colcon_core.shell:Creating package script '/ExoMy_Sensors/install/brain/share/brain/package.ps1'
[9.826s] INFO:colcon.colcon_core.shell:Creating package descriptor '/ExoMy_Sensors/install/brain/share/brain/package.dsv'
[9.829s] INFO:colcon.colcon_core.shell:Creating package script '/ExoMy_Sensors/install/brain/share/brain/package.sh'
[9.832s] INFO:colcon.colcon_core.shell:Creating package script '/ExoMy_Sensors/install/brain/share/brain/package.bash'
[9.834s] INFO:colcon.colcon_core.shell:Creating package script '/ExoMy_Sensors/install/brain/share/brain/package.zsh'
[9.839s] Level 1:colcon.colcon_core.environment:create_file_with_runtime_dependencies(/ExoMy_Sensors/install/brain/share/colcon-core/packages/brain)
[9.841s] DEBUG:colcon.colcon_parallel_executor.executor.parallel:closing loop
[9.841s] DEBUG:colcon.colcon_parallel_executor.executor.parallel:loop closed
[9.841s] DEBUG:colcon.colcon_parallel_executor.executor.parallel:run_until_complete finished with '0'
[9.845s] DEBUG:colcon.colcon_core.event_reactor:joining thread
[9.949s] INFO:colcon.colcon_core.plugin_system:Skipping extension 'colcon_notification.desktop_notification.notify_send': Could not find 'notify-send'
[9.950s] INFO:colcon.colcon_core.plugin_system:Skipping extension 'colcon_notification.desktop_notification.terminal_notifier': Not used on non-Darwin systems
[9.950s] INFO:colcon.colcon_core.plugin_system:Skipping extension 'colcon_notification.desktop_notification.win32': Not used on non-Windows systems
[9.950s] INFO:colcon.colcon_notification.desktop_notification:Sending desktop notification using 'notify2'
[9.951s] DEBUG:colcon.colcon_notification.desktop_notification.notify2:Failed to initialize notify2: org.freedesktop.DBus.Error.NotSupported: Unable to autolaunch a dbus-daemon without a $DISPLAY for X11
[9.951s] DEBUG:colcon.colcon_core.event_reactor:joined thread
[9.952s] INFO:colcon.colcon_core.shell:Creating prefix script '/ExoMy_Sensors/install/local_setup.ps1'
[9.957s] INFO:colcon.colcon_core.shell:Creating prefix util module '/ExoMy_Sensors/install/_local_setup_util_ps1.py'
[9.969s] INFO:colcon.colcon_core.shell:Creating prefix chain script '/ExoMy_Sensors/install/setup.ps1'
[9.974s] INFO:colcon.colcon_core.shell:Creating prefix script '/ExoMy_Sensors/install/local_setup.sh'
[9.982s] INFO:colcon.colcon_core.shell:Creating prefix util module '/ExoMy_Sensors/install/_local_setup_util_sh.py'
[9.989s] INFO:colcon.colcon_core.shell:Creating prefix chain script '/ExoMy_Sensors/install/setup.sh'
[9.995s] INFO:colcon.colcon_core.shell:Creating prefix script '/ExoMy_Sensors/install/local_setup.bash'
[9.999s] INFO:colcon.colcon_core.shell:Creating prefix chain script '/ExoMy_Sensors/install/setup.bash'
[10.008s] INFO:colcon.colcon_core.shell:Creating prefix script '/ExoMy_Sensors/install/local_setup.zsh'
[10.011s] INFO:colcon.colcon_core.shell:Creating prefix chain script '/ExoMy_Sensors/install/setup.zsh'
