[7.302s] Invoking command in '/ExoMy_Sensors/brain': PYTHONPATH=/ExoMy_Sensors/build/brain/prefix_override:/usr/lib/python3/dist-packages/colcon_core/task/python/colcon_distutils_commands:/ExoMy_Sensors/install/brain/lib/python3.10/site-packages:${PYTHONPATH} /usr/bin/python3 -W ignore:setup.py install is deprecated -W ignore:easy_install command is deprecated setup.py egg_info --egg-base ../build/brain build --build-base /ExoMy_Sensors/build/brain/build install --record /ExoMy_Sensors/build/brain/install.log --single-version-externally-managed install_data
[9.074s] running egg_info
[9.079s] writing ../build/brain/brain.egg-info/PKG-INFO
[9.084s] writing dependency_links to ../build/brain/brain.egg-info/dependency_links.txt
[9.087s] writing entry points to ../build/brain/brain.egg-info/entry_points.txt
[9.092s] writing requirements to ../build/brain/brain.egg-info/requires.txt
[9.092s] writing top-level names to ../build/brain/brain.egg-info/top_level.txt
[9.100s] reading manifest file '../build/brain/brain.egg-info/SOURCES.txt'
[9.105s] writing manifest file '../build/brain/brain.egg-info/SOURCES.txt'
[9.107s] running build
[9.108s] running build_py
[9.110s] running install
[9.112s] running install_lib
[9.120s] running install_data
[9.121s] running install_egg_info
[9.154s] removing '/ExoMy_Sensors/install/brain/lib/python3.10/site-packages/brain-0.0.0-py3.10.egg-info' (and everything under it)
[9.164s] Copying ../build/brain/brain.egg-info to /ExoMy_Sensors/install/brain/lib/python3.10/site-packages/brain-0.0.0-py3.10.egg-info
[9.172s] running install_scripts
[9.347s] writing list of installed files to '/ExoMy_Sensors/build/brain/install.log'
[9.603s] Invoked command in '/ExoMy_Sensors/brain' returned '0': PYTHONPATH=/ExoMy_Sensors/build/brain/prefix_override:/usr/lib/python3/dist-packages/colcon_core/task/python/colcon_distutils_commands:/ExoMy_Sensors/install/brain/lib/python3.10/site-packages:${PYTHONPATH} /usr/bin/python3 -W ignore:setup.py install is deprecated -W ignore:easy_install command is deprecated setup.py egg_info --egg-base ../build/brain build --build-base /ExoMy_Sensors/build/brain/build install --record /ExoMy_Sensors/build/brain/install.log --single-version-externally-managed install_data
