[4.592s] Invoking command in '/ExoMy_Sensors/raw_data_publisher': PYTHONPATH=/ExoMy_Sensors/build/raw_data_publisher/prefix_override:/usr/lib/python3/dist-packages/colcon_core/task/python/colcon_distutils_commands:/ExoMy_Sensors/install/raw_data_publisher/lib/python3.10/site-packages:${PYTHONPATH} /usr/bin/python3 -W ignore:setup.py install is deprecated -W ignore:easy_install command is deprecated setup.py egg_info --egg-base ../build/raw_data_publisher build --build-base /ExoMy_Sensors/build/raw_data_publisher/build install --record /ExoMy_Sensors/build/raw_data_publisher/install.log --single-version-externally-managed install_data
[5.799s] running egg_info
[5.800s] writing ../build/raw_data_publisher/raw_data_publisher.egg-info/PKG-INFO
[5.800s] writing dependency_links to ../build/raw_data_publisher/raw_data_publisher.egg-info/dependency_links.txt
[5.801s] writing entry points to ../build/raw_data_publisher/raw_data_publisher.egg-info/entry_points.txt
[5.801s] writing requirements to ../build/raw_data_publisher/raw_data_publisher.egg-info/requires.txt
[5.801s] writing top-level names to ../build/raw_data_publisher/raw_data_publisher.egg-info/top_level.txt
[5.815s] reading manifest file '../build/raw_data_publisher/raw_data_publisher.egg-info/SOURCES.txt'
[5.816s] writing manifest file '../build/raw_data_publisher/raw_data_publisher.egg-info/SOURCES.txt'
[5.817s] running build
[5.817s] running build_py
[5.827s] copying raw_data_publisher/scripts/tof_publisher.py -> /ExoMy_Sensors/build/raw_data_publisher/build/lib/raw_data_publisher/scripts
[5.827s] running install
[5.827s] running install_lib
[5.834s] copying /ExoMy_Sensors/build/raw_data_publisher/build/lib/raw_data_publisher/scripts/tof_publisher.py -> /ExoMy_Sensors/install/raw_data_publisher/lib/python3.10/site-packages/raw_data_publisher/scripts
[5.836s] byte-compiling /ExoMy_Sensors/install/raw_data_publisher/lib/python3.10/site-packages/raw_data_publisher/scripts/tof_publisher.py to tof_publisher.cpython-310.pyc
[5.842s] running install_data
[5.846s] running install_egg_info
[5.856s] removing '/ExoMy_Sensors/install/raw_data_publisher/lib/python3.10/site-packages/raw_data_publisher-0.0.0-py3.10.egg-info' (and everything under it)
[5.862s] Copying ../build/raw_data_publisher/raw_data_publisher.egg-info to /ExoMy_Sensors/install/raw_data_publisher/lib/python3.10/site-packages/raw_data_publisher-0.0.0-py3.10.egg-info
[5.864s] running install_scripts
[5.958s] Installing imu_publisher script to /ExoMy_Sensors/install/raw_data_publisher/lib/raw_data_publisher
[5.967s] Installing tof_publisher script to /ExoMy_Sensors/install/raw_data_publisher/lib/raw_data_publisher
[5.968s] writing list of installed files to '/ExoMy_Sensors/build/raw_data_publisher/install.log'
[6.203s] Invoked command in '/ExoMy_Sensors/raw_data_publisher' returned '0': PYTHONPATH=/ExoMy_Sensors/build/raw_data_publisher/prefix_override:/usr/lib/python3/dist-packages/colcon_core/task/python/colcon_distutils_commands:/ExoMy_Sensors/install/raw_data_publisher/lib/python3.10/site-packages:${PYTHONPATH} /usr/bin/python3 -W ignore:setup.py install is deprecated -W ignore:easy_install command is deprecated setup.py egg_info --egg-base ../build/raw_data_publisher build --build-base /ExoMy_Sensors/build/raw_data_publisher/build install --record /ExoMy_Sensors/build/raw_data_publisher/install.log --single-version-externally-managed install_data
