[0.682s] DEBUG:colcon:Command line arguments: ['/usr/bin/colcon', 'build']
[0.683s] DEBUG:colcon:Parsed command line arguments: Namespace(log_base=None, log_level=None, verb_name='build', build_base='build', install_base='install', merge_install=False, symlink_install=False, test_result_base=None, continue_on_error=False, executor='parallel', parallel_workers=4, event_handlers=None, ignore_user_meta=False, metas=['./colcon.meta'], base_paths=['.'], packages_ignore=None, packages_ignore_regex=None, paths=None, packages_up_to=None, packages_up_to_regex=None, packages_above=None, packages_above_and_dependencies=None, packages_above_depth=None, packages_select_by_dep=None, packages_skip_by_dep=None, packages_skip_up_to=None, packages_select_build_failed=False, packages_skip_build_finished=False, packages_select_test_failures=False, packages_skip_test_passed=False, packages_select=None, packages_skip=None, packages_select_regex=None, packages_skip_regex=None, packages_start=None, packages_end=None, cmake_args=None, cmake_target=None, cmake_target_skip_unavailable=False, cmake_clean_cache=False, cmake_clean_first=False, cmake_force_configure=False, ament_cmake_args=None, catkin_cmake_args=None, catkin_skip_building_tests=False, mixin_files=None, mixin=None, verb_parser=<colcon_mixin.mixin.mixin_argument.MixinArgumentDecorator object at 0x7fb9c094b0>, verb_extension=<colcon_core.verb.build.BuildVerb object at 0x7fb9c08fd0>, main=<bound method BuildVerb.main of <colcon_core.verb.build.BuildVerb object at 0x7fb9c08fd0>>, mixin_verb=('build',))
[1.385s] Level 1:colcon.colcon_core.package_discovery:discover_packages(colcon_meta) check parameters
[1.392s] INFO:colcon.colcon_metadata.package_discovery.colcon_meta:Using configuration from '/root/.colcon/metadata/default/Gazebo.meta'
[1.395s] INFO:colcon.colcon_metadata.package_discovery.colcon_meta:Using configuration from '/root/.colcon/metadata/default/fastrtps.meta'
[1.396s] Level 1:colcon.colcon_core.package_discovery:discover_packages(recursive) check parameters
[1.396s] Level 1:colcon.colcon_core.package_discovery:discover_packages(ignore) check parameters
[1.396s] Level 1:colcon.colcon_core.package_discovery:discover_packages(path) check parameters
[1.396s] Level 1:colcon.colcon_core.package_discovery:discover_packages(colcon_meta) discover
[1.396s] Level 1:colcon.colcon_core.package_discovery:discover_packages(recursive) discover
[1.397s] INFO:colcon.colcon_core.package_discovery:Crawling recursively for packages in '/ExoMy_Sensors'
[1.397s] Level 1:colcon.colcon_core.package_identification:_identify(.) by extensions ['ignore', 'ignore_ament_install']
[1.397s] Level 1:colcon.colcon_core.package_identification:_identify(.) by extension 'ignore'
[1.397s] Level 1:colcon.colcon_core.package_identification:_identify(.) by extension 'ignore_ament_install'
[1.398s] Level 1:colcon.colcon_core.package_identification:_identify(.) by extensions ['colcon_pkg']
[1.398s] Level 1:colcon.colcon_core.package_identification:_identify(.) by extension 'colcon_pkg'
[1.398s] Level 1:colcon.colcon_core.package_identification:_identify(.) by extensions ['colcon_meta']
[1.398s] Level 1:colcon.colcon_core.package_identification:_identify(.) by extension 'colcon_meta'
[1.398s] Level 1:colcon.colcon_core.package_identification:_identify(.) by extensions ['ros']
[1.398s] Level 1:colcon.colcon_core.package_identification:_identify(.) by extension 'ros'
[1.461s] Level 1:colcon.colcon_core.package_identification:_identify(.) by extensions ['cmake', 'python']
[1.461s] Level 1:colcon.colcon_core.package_identification:_identify(.) by extension 'cmake'
[1.461s] Level 1:colcon.colcon_core.package_identification:_identify(.) by extension 'python'
[1.461s] Level 1:colcon.colcon_core.package_identification:_identify(.) by extensions ['python_setup_py']
[1.461s] Level 1:colcon.colcon_core.package_identification:_identify(.) by extension 'python_setup_py'
[1.462s] Level 1:colcon.colcon_core.package_identification:_identify(brain) by extensions ['ignore', 'ignore_ament_install']
[1.463s] Level 1:colcon.colcon_core.package_identification:_identify(brain) by extension 'ignore'
[1.463s] Level 1:colcon.colcon_core.package_identification:_identify(brain) by extension 'ignore_ament_install'
[1.463s] Level 1:colcon.colcon_core.package_identification:_identify(brain) by extensions ['colcon_pkg']
[1.463s] Level 1:colcon.colcon_core.package_identification:_identify(brain) by extension 'colcon_pkg'
[1.463s] Level 1:colcon.colcon_core.package_identification:_identify(brain) by extensions ['colcon_meta']
[1.464s] Level 1:colcon.colcon_core.package_identification:_identify(brain) by extension 'colcon_meta'
[1.464s] Level 1:colcon.colcon_core.package_identification:_identify(brain) by extensions ['ros']
[1.464s] Level 1:colcon.colcon_core.package_identification:_identify(brain) by extension 'ros'
[1.476s] DEBUG:colcon.colcon_core.package_identification:Package 'brain' with type 'ros.ament_python' and name 'brain'
[1.476s] Level 1:colcon.colcon_core.package_identification:_identify(build) by extensions ['ignore', 'ignore_ament_install']
[1.477s] Level 1:colcon.colcon_core.package_identification:_identify(build) by extension 'ignore'
[1.477s] Level 1:colcon.colcon_core.package_identification:_identify(build) ignored
[1.478s] Level 1:colcon.colcon_core.package_identification:_identify(data_processor) by extensions ['ignore', 'ignore_ament_install']
[1.479s] Level 1:colcon.colcon_core.package_identification:_identify(data_processor) by extension 'ignore'
[1.479s] Level 1:colcon.colcon_core.package_identification:_identify(data_processor) by extension 'ignore_ament_install'
[1.479s] Level 1:colcon.colcon_core.package_identification:_identify(data_processor) by extensions ['colcon_pkg']
[1.479s] Level 1:colcon.colcon_core.package_identification:_identify(data_processor) by extension 'colcon_pkg'
[1.479s] Level 1:colcon.colcon_core.package_identification:_identify(data_processor) by extensions ['colcon_meta']
[1.479s] Level 1:colcon.colcon_core.package_identification:_identify(data_processor) by extension 'colcon_meta'
[1.480s] Level 1:colcon.colcon_core.package_identification:_identify(data_processor) by extensions ['ros']
[1.480s] Level 1:colcon.colcon_core.package_identification:_identify(data_processor) by extension 'ros'
[1.485s] DEBUG:colcon.colcon_core.package_identification:Package 'data_processor' with type 'ros.ament_python' and name 'data_processor'
[1.485s] Level 1:colcon.colcon_core.package_identification:_identify(install) by extensions ['ignore', 'ignore_ament_install']
[1.486s] Level 1:colcon.colcon_core.package_identification:_identify(install) by extension 'ignore'
[1.486s] Level 1:colcon.colcon_core.package_identification:_identify(install) ignored
[1.486s] Level 1:colcon.colcon_core.package_identification:_identify(log) by extensions ['ignore', 'ignore_ament_install']
[1.487s] Level 1:colcon.colcon_core.package_identification:_identify(log) by extension 'ignore'
[1.487s] Level 1:colcon.colcon_core.package_identification:_identify(log) ignored
[1.488s] Level 1:colcon.colcon_core.package_identification:_identify(raw_data_publisher) by extensions ['ignore', 'ignore_ament_install']
[1.488s] Level 1:colcon.colcon_core.package_identification:_identify(raw_data_publisher) by extension 'ignore'
[1.488s] Level 1:colcon.colcon_core.package_identification:_identify(raw_data_publisher) by extension 'ignore_ament_install'
[1.488s] Level 1:colcon.colcon_core.package_identification:_identify(raw_data_publisher) by extensions ['colcon_pkg']
[1.488s] Level 1:colcon.colcon_core.package_identification:_identify(raw_data_publisher) by extension 'colcon_pkg'
[1.489s] Level 1:colcon.colcon_core.package_identification:_identify(raw_data_publisher) by extensions ['colcon_meta']
[1.489s] Level 1:colcon.colcon_core.package_identification:_identify(raw_data_publisher) by extension 'colcon_meta'
[1.489s] Level 1:colcon.colcon_core.package_identification:_identify(raw_data_publisher) by extensions ['ros']
[1.489s] Level 1:colcon.colcon_core.package_identification:_identify(raw_data_publisher) by extension 'ros'
[1.493s] DEBUG:colcon.colcon_core.package_identification:Package 'raw_data_publisher' with type 'ros.ament_python' and name 'raw_data_publisher'
[1.493s] Level 1:colcon.colcon_core.package_discovery:discover_packages(recursive) using defaults
[1.493s] Level 1:colcon.colcon_core.package_discovery:discover_packages(ignore) discover
[1.493s] Level 1:colcon.colcon_core.package_discovery:discover_packages(ignore) using defaults
[1.493s] Level 1:colcon.colcon_core.package_discovery:discover_packages(path) discover
[1.493s] Level 1:colcon.colcon_core.package_discovery:discover_packages(path) using defaults
[1.624s] Level 5:colcon.colcon_core.verb:set package 'brain' build argument 'cmake_args' from command line to 'None'
[1.624s] Level 5:colcon.colcon_core.verb:set package 'brain' build argument 'cmake_target' from command line to 'None'
[1.624s] Level 5:colcon.colcon_core.verb:set package 'brain' build argument 'cmake_target_skip_unavailable' from command line to 'False'
[1.624s] Level 5:colcon.colcon_core.verb:set package 'brain' build argument 'cmake_clean_cache' from command line to 'False'
[1.624s] Level 5:colcon.colcon_core.verb:set package 'brain' build argument 'cmake_clean_first' from command line to 'False'
[1.625s] Level 5:colcon.colcon_core.verb:set package 'brain' build argument 'cmake_force_configure' from command line to 'False'
[1.625s] Level 5:colcon.colcon_core.verb:set package 'brain' build argument 'ament_cmake_args' from command line to 'None'
[1.625s] Level 5:colcon.colcon_core.verb:set package 'brain' build argument 'catkin_cmake_args' from command line to 'None'
[1.625s] Level 5:colcon.colcon_core.verb:set package 'brain' build argument 'catkin_skip_building_tests' from command line to 'False'
[1.625s] DEBUG:colcon.colcon_core.verb:Building package 'brain' with the following arguments: {'ament_cmake_args': None, 'build_base': '/ExoMy_Sensors/build/brain', 'catkin_cmake_args': None, 'catkin_skip_building_tests': False, 'cmake_args': None, 'cmake_clean_cache': False, 'cmake_clean_first': False, 'cmake_force_configure': False, 'cmake_target': None, 'cmake_target_skip_unavailable': False, 'install_base': '/ExoMy_Sensors/install/brain', 'merge_install': False, 'path': '/ExoMy_Sensors/brain', 'symlink_install': False, 'test_result_base': None}
[1.626s] Level 5:colcon.colcon_core.verb:set package 'data_processor' build argument 'cmake_args' from command line to 'None'
[1.627s] Level 5:colcon.colcon_core.verb:set package 'data_processor' build argument 'cmake_target' from command line to 'None'
[1.627s] Level 5:colcon.colcon_core.verb:set package 'data_processor' build argument 'cmake_target_skip_unavailable' from command line to 'False'
[1.627s] Level 5:colcon.colcon_core.verb:set package 'data_processor' build argument 'cmake_clean_cache' from command line to 'False'
[1.627s] Level 5:colcon.colcon_core.verb:set package 'data_processor' build argument 'cmake_clean_first' from command line to 'False'
[1.627s] Level 5:colcon.colcon_core.verb:set package 'data_processor' build argument 'cmake_force_configure' from command line to 'False'
[1.627s] Level 5:colcon.colcon_core.verb:set package 'data_processor' build argument 'ament_cmake_args' from command line to 'None'
[1.627s] Level 5:colcon.colcon_core.verb:set package 'data_processor' build argument 'catkin_cmake_args' from command line to 'None'
[1.627s] Level 5:colcon.colcon_core.verb:set package 'data_processor' build argument 'catkin_skip_building_tests' from command line to 'False'
[1.627s] DEBUG:colcon.colcon_core.verb:Building package 'data_processor' with the following arguments: {'ament_cmake_args': None, 'build_base': '/ExoMy_Sensors/build/data_processor', 'catkin_cmake_args': None, 'catkin_skip_building_tests': False, 'cmake_args': None, 'cmake_clean_cache': False, 'cmake_clean_first': False, 'cmake_force_configure': False, 'cmake_target': None, 'cmake_target_skip_unavailable': False, 'install_base': '/ExoMy_Sensors/install/data_processor', 'merge_install': False, 'path': '/ExoMy_Sensors/data_processor', 'symlink_install': False, 'test_result_base': None}
[1.629s] Level 5:colcon.colcon_core.verb:set package 'raw_data_publisher' build argument 'cmake_args' from command line to 'None'
[1.629s] Level 5:colcon.colcon_core.verb:set package 'raw_data_publisher' build argument 'cmake_target' from command line to 'None'
[1.629s] Level 5:colcon.colcon_core.verb:set package 'raw_data_publisher' build argument 'cmake_target_skip_unavailable' from command line to 'False'
[1.629s] Level 5:colcon.colcon_core.verb:set package 'raw_data_publisher' build argument 'cmake_clean_cache' from command line to 'False'
[1.629s] Level 5:colcon.colcon_core.verb:set package 'raw_data_publisher' build argument 'cmake_clean_first' from command line to 'False'
[1.630s] Level 5:colcon.colcon_core.verb:set package 'raw_data_publisher' build argument 'cmake_force_configure' from command line to 'False'
[1.630s] Level 5:colcon.colcon_core.verb:set package 'raw_data_publisher' build argument 'ament_cmake_args' from command line to 'None'
[1.630s] Level 5:colcon.colcon_core.verb:set package 'raw_data_publisher' build argument 'catkin_cmake_args' from command line to 'None'
[1.630s] Level 5:colcon.colcon_core.verb:set package 'raw_data_publisher' build argument 'catkin_skip_building_tests' from command line to 'False'
[1.630s] DEBUG:colcon.colcon_core.verb:Building package 'raw_data_publisher' with the following arguments: {'ament_cmake_args': None, 'build_base': '/ExoMy_Sensors/build/raw_data_publisher', 'catkin_cmake_args': None, 'catkin_skip_building_tests': False, 'cmake_args': None, 'cmake_clean_cache': False, 'cmake_clean_first': False, 'cmake_force_configure': False, 'cmake_target': None, 'cmake_target_skip_unavailable': False, 'install_base': '/ExoMy_Sensors/install/raw_data_publisher', 'merge_install': False, 'path': '/ExoMy_Sensors/raw_data_publisher', 'symlink_install': False, 'test_result_base': None}
[1.630s] INFO:colcon.colcon_core.executor:Executing jobs using 'parallel' executor
[1.634s] DEBUG:colcon.colcon_parallel_executor.executor.parallel:run_until_complete
[1.635s] INFO:colcon.colcon_ros.task.ament_python.build:Building ROS package in '/ExoMy_Sensors/brain' with build type 'ament_python'
[1.636s] Level 1:colcon.colcon_core.shell:create_environment_hook('brain', 'ament_prefix_path')
[1.652s] INFO:colcon.colcon_core.plugin_system:Skipping extension 'colcon_core.shell.bat': Not used on non-Windows systems
[1.653s] INFO:colcon.colcon_core.shell:Creating environment hook '/ExoMy_Sensors/install/brain/share/brain/hook/ament_prefix_path.ps1'
[1.657s] INFO:colcon.colcon_core.shell:Creating environment descriptor '/ExoMy_Sensors/install/brain/share/brain/hook/ament_prefix_path.dsv'
[1.663s] INFO:colcon.colcon_core.shell:Creating environment hook '/ExoMy_Sensors/install/brain/share/brain/hook/ament_prefix_path.sh'
[1.667s] INFO:colcon.colcon_core.shell:Skip shell extension 'powershell' for command environment: Not usable outside of PowerShell
[1.668s] DEBUG:colcon.colcon_core.shell:Skip shell extension 'dsv' for command environment
[1.694s] INFO:colcon.colcon_ros.task.ament_python.build:Building ROS package in '/ExoMy_Sensors/data_processor' with build type 'ament_python'
[1.694s] Level 1:colcon.colcon_core.shell:create_environment_hook('data_processor', 'ament_prefix_path')
[1.695s] INFO:colcon.colcon_core.shell:Creating environment hook '/ExoMy_Sensors/install/data_processor/share/data_processor/hook/ament_prefix_path.ps1'
[1.702s] INFO:colcon.colcon_core.shell:Creating environment descriptor '/ExoMy_Sensors/install/data_processor/share/data_processor/hook/ament_prefix_path.dsv'
[1.703s] INFO:colcon.colcon_core.shell:Creating environment hook '/ExoMy_Sensors/install/data_processor/share/data_processor/hook/ament_prefix_path.sh'
[1.706s] INFO:colcon.colcon_core.shell:Skip shell extension 'powershell' for command environment: Not usable outside of PowerShell
[1.706s] DEBUG:colcon.colcon_core.shell:Skip shell extension 'dsv' for command environment
[1.714s] INFO:colcon.colcon_ros.task.ament_python.build:Building ROS package in '/ExoMy_Sensors/raw_data_publisher' with build type 'ament_python'
[1.715s] Level 1:colcon.colcon_core.shell:create_environment_hook('raw_data_publisher', 'ament_prefix_path')
[1.716s] INFO:colcon.colcon_core.shell:Creating environment hook '/ExoMy_Sensors/install/raw_data_publisher/share/raw_data_publisher/hook/ament_prefix_path.ps1'
[1.720s] INFO:colcon.colcon_core.shell:Creating environment descriptor '/ExoMy_Sensors/install/raw_data_publisher/share/raw_data_publisher/hook/ament_prefix_path.dsv'
[1.722s] INFO:colcon.colcon_core.shell:Creating environment hook '/ExoMy_Sensors/install/raw_data_publisher/share/raw_data_publisher/hook/ament_prefix_path.sh'
[1.724s] INFO:colcon.colcon_core.shell:Skip shell extension 'powershell' for command environment: Not usable outside of PowerShell
[1.724s] DEBUG:colcon.colcon_core.shell:Skip shell extension 'dsv' for command environment
[2.500s] INFO:colcon.colcon_core.task.python.build:Building Python package in '/ExoMy_Sensors/brain'
[2.501s] INFO:colcon.colcon_core.shell:Skip shell extension 'powershell' for command environment: Not usable outside of PowerShell
[2.501s] DEBUG:colcon.colcon_core.shell:Skip shell extension 'dsv' for command environment
[3.241s] INFO:colcon.colcon_core.task.python.build:Building Python package in '/ExoMy_Sensors/data_processor'
[3.242s] INFO:colcon.colcon_core.shell:Skip shell extension 'powershell' for command environment: Not usable outside of PowerShell
[3.242s] DEBUG:colcon.colcon_core.shell:Skip shell extension 'dsv' for command environment
[3.994s] WARNING:colcon.colcon_ros.task.ament_python.build:Package 'raw_data_publisher' doesn't explicitly install a marker in the package index (colcon-ros currently does it implicitly but that fallback will be removed in the future)
[3.995s] WARNING:colcon.colcon_ros.task.ament_python.build:Package 'raw_data_publisher' doesn't explicitly install the 'package.xml' file (colcon-ros currently does it implicitly but that fallback will be removed in the future)
[3.997s] INFO:colcon.colcon_core.task.python.build:Building Python package in '/ExoMy_Sensors/raw_data_publisher'
[3.998s] INFO:colcon.colcon_core.shell:Skip shell extension 'powershell' for command environment: Not usable outside of PowerShell
[3.998s] DEBUG:colcon.colcon_core.shell:Skip shell extension 'dsv' for command environment
[5.723s] DEBUG:colcon.colcon_core.event_handler.log_command:Invoking command in '/ExoMy_Sensors/brain': PYTHONPATH=/ExoMy_Sensors/build/brain/prefix_override:/usr/lib/python3/dist-packages/colcon_core/task/python/colcon_distutils_commands:/ExoMy_Sensors/install/brain/lib/python3.10/site-packages:${PYTHONPATH} /usr/bin/python3 -W ignore:setup.py install is deprecated -W ignore:easy_install command is deprecated setup.py egg_info --egg-base ../build/brain build --build-base /ExoMy_Sensors/build/brain/build install --record /ExoMy_Sensors/build/brain/install.log --single-version-externally-managed install_data
[5.751s] DEBUG:colcon.colcon_core.event_handler.log_command:Invoking command in '/ExoMy_Sensors/raw_data_publisher': PYTHONPATH=/ExoMy_Sensors/build/raw_data_publisher/prefix_override:/usr/lib/python3/dist-packages/colcon_core/task/python/colcon_distutils_commands:/ExoMy_Sensors/install/raw_data_publisher/lib/python3.10/site-packages:${PYTHONPATH} /usr/bin/python3 -W ignore:setup.py install is deprecated -W ignore:easy_install command is deprecated setup.py egg_info --egg-base ../build/raw_data_publisher build --build-base /ExoMy_Sensors/build/raw_data_publisher/build install --record /ExoMy_Sensors/build/raw_data_publisher/install.log --single-version-externally-managed install_data
[5.775s] DEBUG:colcon.colcon_core.event_handler.log_command:Invoking command in '/ExoMy_Sensors/data_processor': PYTHONPATH=/ExoMy_Sensors/build/data_processor/prefix_override:/usr/lib/python3/dist-packages/colcon_core/task/python/colcon_distutils_commands:/ExoMy_Sensors/install/data_processor/lib/python3.10/site-packages:${PYTHONPATH} /usr/bin/python3 -W ignore:setup.py install is deprecated -W ignore:easy_install command is deprecated setup.py egg_info --egg-base ../build/data_processor build --build-base /ExoMy_Sensors/build/data_processor/build install --record /ExoMy_Sensors/build/data_processor/install.log --single-version-externally-managed install_data
[6.988s] DEBUG:colcon.colcon_core.event_handler.log_command:Invoked command in '/ExoMy_Sensors/brain' returned '0': PYTHONPATH=/ExoMy_Sensors/build/brain/prefix_override:/usr/lib/python3/dist-packages/colcon_core/task/python/colcon_distutils_commands:/ExoMy_Sensors/install/brain/lib/python3.10/site-packages:${PYTHONPATH} /usr/bin/python3 -W ignore:setup.py install is deprecated -W ignore:easy_install command is deprecated setup.py egg_info --egg-base ../build/brain build --build-base /ExoMy_Sensors/build/brain/build install --record /ExoMy_Sensors/build/brain/install.log --single-version-externally-managed install_data
[7.023s] Level 1:colcon.colcon_core.environment:checking '/ExoMy_Sensors/install/brain' for CMake module files
[7.027s] Level 1:colcon.colcon_core.environment:checking '/ExoMy_Sensors/install/brain' for CMake config files
[7.033s] Level 1:colcon.colcon_core.environment:checking '/ExoMy_Sensors/install/brain/lib'
[7.034s] Level 1:colcon.colcon_core.environment:checking '/ExoMy_Sensors/install/brain/bin'
[7.035s] Level 1:colcon.colcon_core.environment:checking '/ExoMy_Sensors/install/brain/lib/pkgconfig/brain.pc'
[7.038s] Level 1:colcon.colcon_core.environment:checking '/ExoMy_Sensors/install/brain/lib/python3.10/site-packages'
[7.040s] Level 1:colcon.colcon_core.shell:create_environment_hook('brain', 'pythonpath')
[7.042s] INFO:colcon.colcon_core.shell:Creating environment hook '/ExoMy_Sensors/install/brain/share/brain/hook/pythonpath.ps1'
[7.045s] INFO:colcon.colcon_core.shell:Creating environment descriptor '/ExoMy_Sensors/install/brain/share/brain/hook/pythonpath.dsv'
[7.048s] INFO:colcon.colcon_core.shell:Creating environment hook '/ExoMy_Sensors/install/brain/share/brain/hook/pythonpath.sh'
[7.052s] Level 1:colcon.colcon_core.environment:checking '/ExoMy_Sensors/install/brain/bin'
[7.053s] Level 1:colcon.colcon_core.environment:create_environment_scripts_only(brain)
[7.055s] INFO:colcon.colcon_core.shell:Creating package script '/ExoMy_Sensors/install/brain/share/brain/package.ps1'
[7.072s] INFO:colcon.colcon_core.shell:Creating package descriptor '/ExoMy_Sensors/install/brain/share/brain/package.dsv'
[7.098s] INFO:colcon.colcon_core.shell:Creating package script '/ExoMy_Sensors/install/brain/share/brain/package.sh'
[7.108s] INFO:colcon.colcon_core.shell:Creating package script '/ExoMy_Sensors/install/brain/share/brain/package.bash'
[7.118s] INFO:colcon.colcon_core.shell:Creating package script '/ExoMy_Sensors/install/brain/share/brain/package.zsh'
[7.131s] Level 1:colcon.colcon_core.environment:create_file_with_runtime_dependencies(/ExoMy_Sensors/install/brain/share/colcon-core/packages/brain)
[7.158s] Level 1:colcon.colcon_core.environment:checking '/ExoMy_Sensors/install/raw_data_publisher' for CMake module files
[7.161s] Level 1:colcon.colcon_core.environment:checking '/ExoMy_Sensors/install/raw_data_publisher' for CMake config files
[7.164s] DEBUG:colcon.colcon_core.event_handler.log_command:Invoked command in '/ExoMy_Sensors/raw_data_publisher' returned '0': PYTHONPATH=/ExoMy_Sensors/build/raw_data_publisher/prefix_override:/usr/lib/python3/dist-packages/colcon_core/task/python/colcon_distutils_commands:/ExoMy_Sensors/install/raw_data_publisher/lib/python3.10/site-packages:${PYTHONPATH} /usr/bin/python3 -W ignore:setup.py install is deprecated -W ignore:easy_install command is deprecated setup.py egg_info --egg-base ../build/raw_data_publisher build --build-base /ExoMy_Sensors/build/raw_data_publisher/build install --record /ExoMy_Sensors/build/raw_data_publisher/install.log --single-version-externally-managed install_data
[7.168s] Level 1:colcon.colcon_core.environment:checking '/ExoMy_Sensors/install/raw_data_publisher/lib'
[7.169s] Level 1:colcon.colcon_core.environment:checking '/ExoMy_Sensors/install/raw_data_publisher/bin'
[7.169s] Level 1:colcon.colcon_core.environment:checking '/ExoMy_Sensors/install/raw_data_publisher/lib/pkgconfig/raw_data_publisher.pc'
[7.171s] Level 1:colcon.colcon_core.environment:checking '/ExoMy_Sensors/install/raw_data_publisher/lib/python3.10/site-packages'
[7.172s] Level 1:colcon.colcon_core.shell:create_environment_hook('raw_data_publisher', 'pythonpath')
[7.174s] INFO:colcon.colcon_core.shell:Creating environment hook '/ExoMy_Sensors/install/raw_data_publisher/share/raw_data_publisher/hook/pythonpath.ps1'
[7.178s] INFO:colcon.colcon_core.shell:Creating environment descriptor '/ExoMy_Sensors/install/raw_data_publisher/share/raw_data_publisher/hook/pythonpath.dsv'
[7.182s] INFO:colcon.colcon_core.shell:Creating environment hook '/ExoMy_Sensors/install/raw_data_publisher/share/raw_data_publisher/hook/pythonpath.sh'
[7.186s] Level 1:colcon.colcon_core.environment:checking '/ExoMy_Sensors/install/raw_data_publisher/bin'
[7.187s] Level 1:colcon.colcon_core.environment:create_environment_scripts_only(raw_data_publisher)
[7.189s] INFO:colcon.colcon_core.shell:Creating package script '/ExoMy_Sensors/install/raw_data_publisher/share/raw_data_publisher/package.ps1'
[7.194s] INFO:colcon.colcon_core.shell:Creating package descriptor '/ExoMy_Sensors/install/raw_data_publisher/share/raw_data_publisher/package.dsv'
[7.197s] INFO:colcon.colcon_core.shell:Creating package script '/ExoMy_Sensors/install/raw_data_publisher/share/raw_data_publisher/package.sh'
[7.200s] INFO:colcon.colcon_core.shell:Creating package script '/ExoMy_Sensors/install/raw_data_publisher/share/raw_data_publisher/package.bash'
[7.202s] INFO:colcon.colcon_core.shell:Creating package script '/ExoMy_Sensors/install/raw_data_publisher/share/raw_data_publisher/package.zsh'
[7.205s] Level 1:colcon.colcon_core.environment:create_file_with_runtime_dependencies(/ExoMy_Sensors/install/raw_data_publisher/share/colcon-core/packages/raw_data_publisher)
[7.227s] Level 1:colcon.colcon_core.environment:checking '/ExoMy_Sensors/install/data_processor' for CMake module files
[7.228s] DEBUG:colcon.colcon_core.event_handler.log_command:Invoked command in '/ExoMy_Sensors/data_processor' returned '0': PYTHONPATH=/ExoMy_Sensors/build/data_processor/prefix_override:/usr/lib/python3/dist-packages/colcon_core/task/python/colcon_distutils_commands:/ExoMy_Sensors/install/data_processor/lib/python3.10/site-packages:${PYTHONPATH} /usr/bin/python3 -W ignore:setup.py install is deprecated -W ignore:easy_install command is deprecated setup.py egg_info --egg-base ../build/data_processor build --build-base /ExoMy_Sensors/build/data_processor/build install --record /ExoMy_Sensors/build/data_processor/install.log --single-version-externally-managed install_data
[7.229s] Level 1:colcon.colcon_core.environment:checking '/ExoMy_Sensors/install/data_processor' for CMake config files
[7.232s] Level 1:colcon.colcon_core.environment:checking '/ExoMy_Sensors/install/data_processor/lib'
[7.232s] Level 1:colcon.colcon_core.environment:checking '/ExoMy_Sensors/install/data_processor/bin'
[7.233s] Level 1:colcon.colcon_core.environment:checking '/ExoMy_Sensors/install/data_processor/lib/pkgconfig/data_processor.pc'
[7.233s] Level 1:colcon.colcon_core.environment:checking '/ExoMy_Sensors/install/data_processor/lib/python3.10/site-packages'
[7.234s] Level 1:colcon.colcon_core.shell:create_environment_hook('data_processor', 'pythonpath')
[7.234s] INFO:colcon.colcon_core.shell:Creating environment hook '/ExoMy_Sensors/install/data_processor/share/data_processor/hook/pythonpath.ps1'
[7.236s] INFO:colcon.colcon_core.shell:Creating environment descriptor '/ExoMy_Sensors/install/data_processor/share/data_processor/hook/pythonpath.dsv'
[7.238s] INFO:colcon.colcon_core.shell:Creating environment hook '/ExoMy_Sensors/install/data_processor/share/data_processor/hook/pythonpath.sh'
[7.240s] Level 1:colcon.colcon_core.environment:checking '/ExoMy_Sensors/install/data_processor/bin'
[7.241s] Level 1:colcon.colcon_core.environment:create_environment_scripts_only(data_processor)
[7.243s] INFO:colcon.colcon_core.shell:Creating package script '/ExoMy_Sensors/install/data_processor/share/data_processor/package.ps1'
[7.245s] INFO:colcon.colcon_core.shell:Creating package descriptor '/ExoMy_Sensors/install/data_processor/share/data_processor/package.dsv'
[7.248s] INFO:colcon.colcon_core.shell:Creating package script '/ExoMy_Sensors/install/data_processor/share/data_processor/package.sh'
[7.250s] INFO:colcon.colcon_core.shell:Creating package script '/ExoMy_Sensors/install/data_processor/share/data_processor/package.bash'
[7.251s] INFO:colcon.colcon_core.shell:Creating package script '/ExoMy_Sensors/install/data_processor/share/data_processor/package.zsh'
[7.253s] Level 1:colcon.colcon_core.environment:create_file_with_runtime_dependencies(/ExoMy_Sensors/install/data_processor/share/colcon-core/packages/data_processor)
[7.254s] DEBUG:colcon.colcon_parallel_executor.executor.parallel:closing loop
[7.255s] DEBUG:colcon.colcon_parallel_executor.executor.parallel:loop closed
[7.256s] DEBUG:colcon.colcon_parallel_executor.executor.parallel:run_until_complete finished with '0'
[7.256s] DEBUG:colcon.colcon_core.event_reactor:joining thread
[7.352s] INFO:colcon.colcon_core.plugin_system:Skipping extension 'colcon_notification.desktop_notification.notify_send': Could not find 'notify-send'
[7.353s] INFO:colcon.colcon_core.plugin_system:Skipping extension 'colcon_notification.desktop_notification.terminal_notifier': Not used on non-Darwin systems
[7.353s] INFO:colcon.colcon_core.plugin_system:Skipping extension 'colcon_notification.desktop_notification.win32': Not used on non-Windows systems
[7.353s] INFO:colcon.colcon_notification.desktop_notification:Sending desktop notification using 'notify2'
[7.353s] DEBUG:colcon.colcon_notification.desktop_notification.notify2:Failed to initialize notify2: org.freedesktop.DBus.Error.NotSupported: Unable to autolaunch a dbus-daemon without a $DISPLAY for X11
[7.354s] DEBUG:colcon.colcon_core.event_reactor:joined thread
[7.354s] INFO:colcon.colcon_core.shell:Creating prefix script '/ExoMy_Sensors/install/local_setup.ps1'
[7.359s] INFO:colcon.colcon_core.shell:Creating prefix util module '/ExoMy_Sensors/install/_local_setup_util_ps1.py'
[7.366s] INFO:colcon.colcon_core.shell:Creating prefix chain script '/ExoMy_Sensors/install/setup.ps1'
[7.371s] INFO:colcon.colcon_core.shell:Creating prefix script '/ExoMy_Sensors/install/local_setup.sh'
[7.378s] INFO:colcon.colcon_core.shell:Creating prefix util module '/ExoMy_Sensors/install/_local_setup_util_sh.py'
[7.380s] INFO:colcon.colcon_core.shell:Creating prefix chain script '/ExoMy_Sensors/install/setup.sh'
[7.385s] INFO:colcon.colcon_core.shell:Creating prefix script '/ExoMy_Sensors/install/local_setup.bash'
[7.389s] INFO:colcon.colcon_core.shell:Creating prefix chain script '/ExoMy_Sensors/install/setup.bash'
[7.394s] INFO:colcon.colcon_core.shell:Creating prefix script '/ExoMy_Sensors/install/local_setup.zsh'
[7.397s] INFO:colcon.colcon_core.shell:Creating prefix chain script '/ExoMy_Sensors/install/setup.zsh'
