[8.533s] Invoking command in '/ExoMy_Sensors/brain': PYTHONPATH=/ExoMy_Sensors/build/brain/prefix_override:/usr/lib/python3/dist-packages/colcon_core/task/python/colcon_distutils_commands:/ExoMy_Sensors/install/brain/lib/python3.10/site-packages:${PYTHONPATH} /usr/bin/python3 -W ignore:setup.py install is deprecated -W ignore:easy_install command is deprecated setup.py egg_info --egg-base ../build/brain build --build-base /ExoMy_Sensors/build/brain/build install --record /ExoMy_Sensors/build/brain/install.log --single-version-externally-managed install_data
[10.402s] running egg_info
[10.407s] writing ../build/brain/brain.egg-info/PKG-INFO
[10.411s] writing dependency_links to ../build/brain/brain.egg-info/dependency_links.txt
[10.416s] writing entry points to ../build/brain/brain.egg-info/entry_points.txt
[10.420s] writing requirements to ../build/brain/brain.egg-info/requires.txt
[10.421s] writing top-level names to ../build/brain/brain.egg-info/top_level.txt
[10.438s] reading manifest file '../build/brain/brain.egg-info/SOURCES.txt'
[10.445s] writing manifest file '../build/brain/brain.egg-info/SOURCES.txt'
[10.453s] running build
[10.454s] running build_py
[10.454s] running install
[10.455s] running install_lib
[10.480s] running install_data
[10.482s] running install_egg_info
[10.491s] removing '/ExoMy_Sensors/install/brain/lib/python3.10/site-packages/brain-0.0.0-py3.10.egg-info' (and everything under it)
[10.497s] Copying ../build/brain/brain.egg-info to /ExoMy_Sensors/install/brain/lib/python3.10/site-packages/brain-0.0.0-py3.10.egg-info
[10.505s] running install_scripts
[10.633s] writing list of installed files to '/ExoMy_Sensors/build/brain/install.log'
[10.886s] Invoked command in '/ExoMy_Sensors/brain' returned '0': PYTHONPATH=/ExoMy_Sensors/build/brain/prefix_override:/usr/lib/python3/dist-packages/colcon_core/task/python/colcon_distutils_commands:/ExoMy_Sensors/install/brain/lib/python3.10/site-packages:${PYTHONPATH} /usr/bin/python3 -W ignore:setup.py install is deprecated -W ignore:easy_install command is deprecated setup.py egg_info --egg-base ../build/brain build --build-base /ExoMy_Sensors/build/brain/build install --record /ExoMy_Sensors/build/brain/install.log --single-version-externally-managed install_data
