[4.784s] Invoking command in '/ExoMy_Sensors/brain': PYTHONPATH=/ExoMy_Sensors/build/brain/prefix_override:/usr/lib/python3/dist-packages/colcon_core/task/python/colcon_distutils_commands:/ExoMy_Sensors/install/brain/lib/python3.10/site-packages:${PYTHONPATH} /usr/bin/python3 -W ignore:setup.py install is deprecated -W ignore:easy_install command is deprecated setup.py egg_info --egg-base ../build/brain build --build-base /ExoMy_Sensors/build/brain/build install --record /ExoMy_Sensors/build/brain/install.log --single-version-externally-managed install_data
[5.635s] running egg_info
[5.639s] writing ../build/brain/brain.egg-info/PKG-INFO
[5.639s] writing dependency_links to ../build/brain/brain.egg-info/dependency_links.txt
[5.643s] writing entry points to ../build/brain/brain.egg-info/entry_points.txt
[5.647s] writing requirements to ../build/brain/brain.egg-info/requires.txt
[5.648s] writing top-level names to ../build/brain/brain.egg-info/top_level.txt
[5.663s] reading manifest file '../build/brain/brain.egg-info/SOURCES.txt'
[5.674s] writing manifest file '../build/brain/brain.egg-info/SOURCES.txt'
[5.675s] running build
[5.676s] running build_py
[5.683s] running install
[5.683s] running install_lib
[5.699s] running install_data
[5.699s] running install_egg_info
[5.719s] removing '/ExoMy_Sensors/install/brain/lib/python3.10/site-packages/brain-0.0.0-py3.10.egg-info' (and everything under it)
[5.727s] Copying ../build/brain/brain.egg-info to /ExoMy_Sensors/install/brain/lib/python3.10/site-packages/brain-0.0.0-py3.10.egg-info
[5.733s] running install_scripts
[5.812s] writing list of installed files to '/ExoMy_Sensors/build/brain/install.log'
[6.115s] Invoked command in '/ExoMy_Sensors/brain' returned '0': PYTHONPATH=/ExoMy_Sensors/build/brain/prefix_override:/usr/lib/python3/dist-packages/colcon_core/task/python/colcon_distutils_commands:/ExoMy_Sensors/install/brain/lib/python3.10/site-packages:${PYTHONPATH} /usr/bin/python3 -W ignore:setup.py install is deprecated -W ignore:easy_install command is deprecated setup.py egg_info --egg-base ../build/brain build --build-base /ExoMy_Sensors/build/brain/build install --record /ExoMy_Sensors/build/brain/install.log --single-version-externally-managed install_data
