[4.039s] Invoking command in '/ExoMy_Sensors/raw_data_publisher': PYTHONPATH=/ExoMy_Sensors/build/raw_data_publisher/prefix_override:/usr/lib/python3/dist-packages/colcon_core/task/python/colcon_distutils_commands:/ExoMy_Sensors/install/raw_data_publisher/lib/python3.10/site-packages:${PYTHONPATH} /usr/bin/python3 -W ignore:setup.py install is deprecated -W ignore:easy_install command is deprecated setup.py egg_info --egg-base ../build/raw_data_publisher build --build-base /ExoMy_Sensors/build/raw_data_publisher/build install --record /ExoMy_Sensors/build/raw_data_publisher/install.log --single-version-externally-managed install_data
[5.010s] running egg_info
[5.026s] writing ../build/raw_data_publisher/raw_data_publisher.egg-info/PKG-INFO
[5.027s] writing dependency_links to ../build/raw_data_publisher/raw_data_publisher.egg-info/dependency_links.txt
[5.027s] writing entry points to ../build/raw_data_publisher/raw_data_publisher.egg-info/entry_points.txt
[5.028s] writing requirements to ../build/raw_data_publisher/raw_data_publisher.egg-info/requires.txt
[5.028s] writing top-level names to ../build/raw_data_publisher/raw_data_publisher.egg-info/top_level.txt
[5.037s] reading manifest file '../build/raw_data_publisher/raw_data_publisher.egg-info/SOURCES.txt'
[5.045s] writing manifest file '../build/raw_data_publisher/raw_data_publisher.egg-info/SOURCES.txt'
[5.050s] running build
[5.050s] running build_py
[5.054s] copying raw_data_publisher/scripts/imu_publisher.py -> /ExoMy_Sensors/build/raw_data_publisher/build/lib/raw_data_publisher/scripts
[5.055s] running install
[5.059s] running install_lib
[5.071s] copying /ExoMy_Sensors/build/raw_data_publisher/build/lib/raw_data_publisher/scripts/imu_publisher.py -> /ExoMy_Sensors/install/raw_data_publisher/lib/python3.10/site-packages/raw_data_publisher/scripts
[5.077s] byte-compiling /ExoMy_Sensors/install/raw_data_publisher/lib/python3.10/site-packages/raw_data_publisher/scripts/imu_publisher.py to imu_publisher.cpython-310.pyc
[5.082s] running install_data
[5.083s] creating /ExoMy_Sensors/install/raw_data_publisher/share/raw_data_publisher/msg
[5.085s] error: can't copy 'msg/MyFloatArray.msg': doesn't exist or not a regular file
[5.229s] Invoked command in '/ExoMy_Sensors/raw_data_publisher' returned '1': PYTHONPATH=/ExoMy_Sensors/build/raw_data_publisher/prefix_override:/usr/lib/python3/dist-packages/colcon_core/task/python/colcon_distutils_commands:/ExoMy_Sensors/install/raw_data_publisher/lib/python3.10/site-packages:${PYTHONPATH} /usr/bin/python3 -W ignore:setup.py install is deprecated -W ignore:easy_install command is deprecated setup.py egg_info --egg-base ../build/raw_data_publisher build --build-base /ExoMy_Sensors/build/raw_data_publisher/build install --record /ExoMy_Sensors/build/raw_data_publisher/install.log --single-version-externally-managed install_data
