[3.947s] Invoking command in '/ExoMy_Sensors/brain': PYTHONPATH=/ExoMy_Sensors/build/brain/prefix_override:/usr/lib/python3/dist-packages/colcon_core/task/python/colcon_distutils_commands:/ExoMy_Sensors/install/brain/lib/python3.10/site-packages:${PYTHONPATH} /usr/bin/python3 -W ignore:setup.py install is deprecated -W ignore:easy_install command is deprecated setup.py egg_info --egg-base ../build/brain build --build-base /ExoMy_Sensors/build/brain/build install --record /ExoMy_Sensors/build/brain/install.log --single-version-externally-managed install_data
[4.819s] running egg_info
[4.824s] writing ../build/brain/brain.egg-info/PKG-INFO
[4.830s] writing dependency_links to ../build/brain/brain.egg-info/dependency_links.txt
[4.842s] writing entry points to ../build/brain/brain.egg-info/entry_points.txt
[4.844s] writing requirements to ../build/brain/brain.egg-info/requires.txt
[4.845s] writing top-level names to ../build/brain/brain.egg-info/top_level.txt
[4.848s] reading manifest file '../build/brain/brain.egg-info/SOURCES.txt'
[4.856s] writing manifest file '../build/brain/brain.egg-info/SOURCES.txt'
[4.859s] running build
[4.861s] running build_py
[4.890s] running install
[4.900s] running install_lib
[4.924s] running install_data
[4.928s] running install_egg_info
[4.932s] removing '/ExoMy_Sensors/install/brain/lib/python3.10/site-packages/brain-0.0.0-py3.10.egg-info' (and everything under it)
[4.941s] Copying ../build/brain/brain.egg-info to /ExoMy_Sensors/install/brain/lib/python3.10/site-packages/brain-0.0.0-py3.10.egg-info
[4.947s] running install_scripts
[4.994s] writing list of installed files to '/ExoMy_Sensors/build/brain/install.log'
[5.362s] Invoked command in '/ExoMy_Sensors/brain' returned '0': PYTHONPATH=/ExoMy_Sensors/build/brain/prefix_override:/usr/lib/python3/dist-packages/colcon_core/task/python/colcon_distutils_commands:/ExoMy_Sensors/install/brain/lib/python3.10/site-packages:${PYTHONPATH} /usr/bin/python3 -W ignore:setup.py install is deprecated -W ignore:easy_install command is deprecated setup.py egg_info --egg-base ../build/brain build --build-base /ExoMy_Sensors/build/brain/build install --record /ExoMy_Sensors/build/brain/install.log --single-version-externally-managed install_data
