[4.982s] Invoking command in '/ExoMy_Sensors/brain': PYTHONPATH=/ExoMy_Sensors/build/brain/prefix_override:/usr/lib/python3/dist-packages/colcon_core/task/python/colcon_distutils_commands:/ExoMy_Sensors/install/brain/lib/python3.10/site-packages:${PYTHONPATH} /usr/bin/python3 -W ignore:setup.py install is deprecated -W ignore:easy_install command is deprecated setup.py egg_info --egg-base ../build/brain build --build-base /ExoMy_Sensors/build/brain/build install --record /ExoMy_Sensors/build/brain/install.log --single-version-externally-managed install_data
[6.117s] running egg_info
[6.122s] writing ../build/brain/brain.egg-info/PKG-INFO
[6.123s] writing dependency_links to ../build/brain/brain.egg-info/dependency_links.txt
[6.124s] writing entry points to ../build/brain/brain.egg-info/entry_points.txt
[6.128s] writing requirements to ../build/brain/brain.egg-info/requires.txt
[6.131s] writing top-level names to ../build/brain/brain.egg-info/top_level.txt
[6.146s] reading manifest file '../build/brain/brain.egg-info/SOURCES.txt'
[6.154s] writing manifest file '../build/brain/brain.egg-info/SOURCES.txt'
[6.161s] running build
[6.162s] running build_py
[6.163s] running install
[6.169s] running install_lib
[6.196s] running install_data
[6.198s] running install_egg_info
[6.207s] removing '/ExoMy_Sensors/install/brain/lib/python3.10/site-packages/brain-0.0.0-py3.10.egg-info' (and everything under it)
[6.227s] Copying ../build/brain/brain.egg-info to /ExoMy_Sensors/install/brain/lib/python3.10/site-packages/brain-0.0.0-py3.10.egg-info
[6.231s] running install_scripts
[6.356s] writing list of installed files to '/ExoMy_Sensors/build/brain/install.log'
[6.621s] Invoked command in '/ExoMy_Sensors/brain' returned '0': PYTHONPATH=/ExoMy_Sensors/build/brain/prefix_override:/usr/lib/python3/dist-packages/colcon_core/task/python/colcon_distutils_commands:/ExoMy_Sensors/install/brain/lib/python3.10/site-packages:${PYTHONPATH} /usr/bin/python3 -W ignore:setup.py install is deprecated -W ignore:easy_install command is deprecated setup.py egg_info --egg-base ../build/brain build --build-base /ExoMy_Sensors/build/brain/build install --record /ExoMy_Sensors/build/brain/install.log --single-version-externally-managed install_data
