[3.679s] Invoking command in '/ExoMy_Sensors/data_processor': PYTHONPATH=/ExoMy_Sensors/build/data_processor/prefix_override:/usr/lib/python3/dist-packages/colcon_core/task/python/colcon_distutils_commands:/ExoMy_Sensors/install/data_processor/lib/python3.10/site-packages:${PYTHONPATH} /usr/bin/python3 -W ignore:setup.py install is deprecated -W ignore:easy_install command is deprecated setup.py egg_info --egg-base ../build/data_processor build --build-base /ExoMy_Sensors/build/data_processor/build install --record /ExoMy_Sensors/build/data_processor/install.log --single-version-externally-managed install_data
[4.539s] running egg_info
[4.542s] writing ../build/data_processor/data_processor.egg-info/PKG-INFO
[4.543s] writing dependency_links to ../build/data_processor/data_processor.egg-info/dependency_links.txt
[4.545s] writing entry points to ../build/data_processor/data_processor.egg-info/entry_points.txt
[4.546s] writing requirements to ../build/data_processor/data_processor.egg-info/requires.txt
[4.547s] writing top-level names to ../build/data_processor/data_processor.egg-info/top_level.txt
[4.554s] reading manifest file '../build/data_processor/data_processor.egg-info/SOURCES.txt'
[4.558s] writing manifest file '../build/data_processor/data_processor.egg-info/SOURCES.txt'
[4.559s] running build
[4.559s] running build_py
[4.560s] running install
[4.561s] running install_lib
[4.571s] running install_data
[4.600s] running install_egg_info
[4.604s] removing '/ExoMy_Sensors/install/data_processor/lib/python3.10/site-packages/data_processor-0.0.0-py3.10.egg-info' (and everything under it)
[4.604s] Copying ../build/data_processor/data_processor.egg-info to /ExoMy_Sensors/install/data_processor/lib/python3.10/site-packages/data_processor-0.0.0-py3.10.egg-info
[4.606s] running install_scripts
[4.694s] Installing imu_data_processor script to /ExoMy_Sensors/install/data_processor/lib/data_processor
[4.695s] Installing tof_data_processor script to /ExoMy_Sensors/install/data_processor/lib/data_processor
[4.702s] writing list of installed files to '/ExoMy_Sensors/build/data_processor/install.log'
[4.991s] Invoked command in '/ExoMy_Sensors/data_processor' returned '0': PYTHONPATH=/ExoMy_Sensors/build/data_processor/prefix_override:/usr/lib/python3/dist-packages/colcon_core/task/python/colcon_distutils_commands:/ExoMy_Sensors/install/data_processor/lib/python3.10/site-packages:${PYTHONPATH} /usr/bin/python3 -W ignore:setup.py install is deprecated -W ignore:easy_install command is deprecated setup.py egg_info --egg-base ../build/data_processor build --build-base /ExoMy_Sensors/build/data_processor/build install --record /ExoMy_Sensors/build/data_processor/install.log --single-version-externally-managed install_data
