[4.086s] Invoking command in '/ExoMy_Sensors/brain': PYTHONPATH=/ExoMy_Sensors/build/brain/prefix_override:/usr/lib/python3/dist-packages/colcon_core/task/python/colcon_distutils_commands:/ExoMy_Sensors/install/brain/lib/python3.10/site-packages:${PYTHONPATH} /usr/bin/python3 -W ignore:setup.py install is deprecated -W ignore:easy_install command is deprecated setup.py egg_info --egg-base ../build/brain build --build-base /ExoMy_Sensors/build/brain/build install --record /ExoMy_Sensors/build/brain/install.log --single-version-externally-managed install_data
[4.999s] running egg_info
[5.005s] writing ../build/brain/brain.egg-info/PKG-INFO
[5.009s] writing dependency_links to ../build/brain/brain.egg-info/dependency_links.txt
[5.012s] writing entry points to ../build/brain/brain.egg-info/entry_points.txt
[5.012s] writing requirements to ../build/brain/brain.egg-info/requires.txt
[5.013s] writing top-level names to ../build/brain/brain.egg-info/top_level.txt
[5.023s] reading manifest file '../build/brain/brain.egg-info/SOURCES.txt'
[5.029s] writing manifest file '../build/brain/brain.egg-info/SOURCES.txt'
[5.032s] running build
[5.033s] running build_py
[5.036s] running install
[5.037s] running install_lib
[5.045s] running install_data
[5.052s] running install_egg_info
[5.062s] removing '/ExoMy_Sensors/install/brain/lib/python3.10/site-packages/brain-0.0.0-py3.10.egg-info' (and everything under it)
[5.064s] Copying ../build/brain/brain.egg-info to /ExoMy_Sensors/install/brain/lib/python3.10/site-packages/brain-0.0.0-py3.10.egg-info
[5.072s] running install_scripts
[5.175s] writing list of installed files to '/ExoMy_Sensors/build/brain/install.log'
[5.352s] Invoked command in '/ExoMy_Sensors/brain' returned '0': PYTHONPATH=/ExoMy_Sensors/build/brain/prefix_override:/usr/lib/python3/dist-packages/colcon_core/task/python/colcon_distutils_commands:/ExoMy_Sensors/install/brain/lib/python3.10/site-packages:${PYTHONPATH} /usr/bin/python3 -W ignore:setup.py install is deprecated -W ignore:easy_install command is deprecated setup.py egg_info --egg-base ../build/brain build --build-base /ExoMy_Sensors/build/brain/build install --record /ExoMy_Sensors/build/brain/install.log --single-version-externally-managed install_data
