running develop
running egg_info
creating raw_data_publisher.egg-info
writing raw_data_publisher.egg-info/PKG-INFO
writing dependency_links to raw_data_publisher.egg-info/dependency_links.txt
writing entry points to raw_data_publisher.egg-info/entry_points.txt
writing requirements to raw_data_publisher.egg-info/requires.txt
writing top-level names to raw_data_publisher.egg-info/top_level.txt
writing manifest file 'raw_data_publisher.egg-info/SOURCES.txt'
reading manifest file 'raw_data_publisher.egg-info/SOURCES.txt'
writing manifest file 'raw_data_publisher.egg-info/SOURCES.txt'
running build_ext
Creating /ros2_ws/src/raw_data_publisher/install/raw_data_publisher/lib/python3.10/site-packages/raw-data-publisher.egg-link (link to .)
Installing imu_publisher script to /ros2_ws/src/raw_data_publisher/install/raw_data_publisher/lib/raw_data_publisher
Installing tof_publisher script to /ros2_ws/src/raw_data_publisher/install/raw_data_publisher/lib/raw_data_publisher

Installed /ros2_ws/src/raw_data_publisher/build/raw_data_publisher
running symlink_data
creating /ros2_ws/src/raw_data_publisher/install/raw_data_publisher/share/ament_index
creating /ros2_ws/src/raw_data_publisher/install/raw_data_publisher/share/ament_index/resource_index
creating /ros2_ws/src/raw_data_publisher/install/raw_data_publisher/share/ament_index/resource_index/packages
symbolically linking /ros2_ws/src/raw_data_publisher/build/raw_data_publisher/resource/raw_data_publisher -> /ros2_ws/src/raw_data_publisher/install/raw_data_publisher/share/ament_index/resource_index/packages
symbolically linking /ros2_ws/src/raw_data_publisher/build/raw_data_publisher/package.xml -> /ros2_ws/src/raw_data_publisher/install/raw_data_publisher/share/raw_data_publisher
