[9.785s] Invoking command in '/ExoMy_Sensors/brain': PYTHONPATH=/ExoMy_Sensors/build/brain/prefix_override:/usr/lib/python3/dist-packages/colcon_core/task/python/colcon_distutils_commands:/ExoMy_Sensors/install/brain/lib/python3.10/site-packages:${PYTHONPATH} /usr/bin/python3 -W ignore:setup.py install is deprecated -W ignore:easy_install command is deprecated setup.py egg_info --egg-base ../build/brain build --build-base /ExoMy_Sensors/build/brain/build install --record /ExoMy_Sensors/build/brain/install.log --single-version-externally-managed install_data
[11.272s] running egg_info
[11.274s] writing ../build/brain/brain.egg-info/PKG-INFO
[11.324s] writing dependency_links to ../build/brain/brain.egg-info/dependency_links.txt
[11.325s] writing entry points to ../build/brain/brain.egg-info/entry_points.txt
[11.326s] writing requirements to ../build/brain/brain.egg-info/requires.txt
[11.332s] writing top-level names to ../build/brain/brain.egg-info/top_level.txt
[11.338s] reading manifest file '../build/brain/brain.egg-info/SOURCES.txt'
[11.353s] writing manifest file '../build/brain/brain.egg-info/SOURCES.txt'
[11.358s] running build
[11.358s] running build_py
[11.359s] running install
[11.369s] running install_lib
[11.370s] running install_data
[11.370s] running install_egg_info
[11.391s] removing '/ExoMy_Sensors/install/brain/lib/python3.10/site-packages/brain-0.0.0-py3.10.egg-info' (and everything under it)
[11.397s] Copying ../build/brain/brain.egg-info to /ExoMy_Sensors/install/brain/lib/python3.10/site-packages/brain-0.0.0-py3.10.egg-info
[11.415s] running install_scripts
[11.534s] writing list of installed files to '/ExoMy_Sensors/build/brain/install.log'
[11.751s] Invoked command in '/ExoMy_Sensors/brain' returned '0': PYTHONPATH=/ExoMy_Sensors/build/brain/prefix_override:/usr/lib/python3/dist-packages/colcon_core/task/python/colcon_distutils_commands:/ExoMy_Sensors/install/brain/lib/python3.10/site-packages:${PYTHONPATH} /usr/bin/python3 -W ignore:setup.py install is deprecated -W ignore:easy_install command is deprecated setup.py egg_info --egg-base ../build/brain build --build-base /ExoMy_Sensors/build/brain/build install --record /ExoMy_Sensors/build/brain/install.log --single-version-externally-managed install_data
