[3.862s] Invoking command in '/ExoMy_Sensors/brain': PYTHONPATH=/ExoMy_Sensors/build/brain/prefix_override:/usr/lib/python3/dist-packages/colcon_core/task/python/colcon_distutils_commands:/ExoMy_Sensors/install/brain/lib/python3.10/site-packages:${PYTHONPATH} /usr/bin/python3 -W ignore:setup.py install is deprecated -W ignore:easy_install command is deprecated setup.py egg_info --egg-base ../build/brain build --build-base /ExoMy_Sensors/build/brain/build install --record /ExoMy_Sensors/build/brain/install.log --single-version-externally-managed install_data
[4.710s] running egg_info
[4.711s] writing ../build/brain/brain.egg-info/PKG-INFO
[4.715s] writing dependency_links to ../build/brain/brain.egg-info/dependency_links.txt
[4.715s] writing entry points to ../build/brain/brain.egg-info/entry_points.txt
[4.716s] writing requirements to ../build/brain/brain.egg-info/requires.txt
[4.717s] writing top-level names to ../build/brain/brain.egg-info/top_level.txt
[4.724s] reading manifest file '../build/brain/brain.egg-info/SOURCES.txt'
[4.729s] writing manifest file '../build/brain/brain.egg-info/SOURCES.txt'
[4.729s] running build
[4.730s] running build_py
[4.746s] running install
[4.747s] running install_lib
[4.756s] running install_data
[4.764s] running install_egg_info
[4.783s] removing '/ExoMy_Sensors/install/brain/lib/python3.10/site-packages/brain-0.0.0-py3.10.egg-info' (and everything under it)
[4.784s] Copying ../build/brain/brain.egg-info to /ExoMy_Sensors/install/brain/lib/python3.10/site-packages/brain-0.0.0-py3.10.egg-info
[4.785s] running install_scripts
[4.871s] writing list of installed files to '/ExoMy_Sensors/build/brain/install.log'
[5.115s] Invoked command in '/ExoMy_Sensors/brain' returned '0': PYTHONPATH=/ExoMy_Sensors/build/brain/prefix_override:/usr/lib/python3/dist-packages/colcon_core/task/python/colcon_distutils_commands:/ExoMy_Sensors/install/brain/lib/python3.10/site-packages:${PYTHONPATH} /usr/bin/python3 -W ignore:setup.py install is deprecated -W ignore:easy_install command is deprecated setup.py egg_info --egg-base ../build/brain build --build-base /ExoMy_Sensors/build/brain/build install --record /ExoMy_Sensors/build/brain/install.log --single-version-externally-managed install_data
