[5.354s] Invoking command in '/ExoMy_Sensors/brain': PYTHONPATH=/ExoMy_Sensors/build/brain/prefix_override:/usr/lib/python3/dist-packages/colcon_core/task/python/colcon_distutils_commands:/ExoMy_Sensors/install/brain/lib/python3.10/site-packages:${PYTHONPATH} /usr/bin/python3 -W ignore:setup.py install is deprecated -W ignore:easy_install command is deprecated setup.py egg_info --egg-base ../build/brain build --build-base /ExoMy_Sensors/build/brain/build install --record /ExoMy_Sensors/build/brain/install.log --single-version-externally-managed install_data
[6.871s] running egg_info
[6.874s] writing ../build/brain/brain.egg-info/PKG-INFO
[6.877s] writing dependency_links to ../build/brain/brain.egg-info/dependency_links.txt
[6.879s] writing entry points to ../build/brain/brain.egg-info/entry_points.txt
[6.879s] writing requirements to ../build/brain/brain.egg-info/requires.txt
[6.880s] writing top-level names to ../build/brain/brain.egg-info/top_level.txt
[6.887s] reading manifest file '../build/brain/brain.egg-info/SOURCES.txt'
[6.892s] writing manifest file '../build/brain/brain.egg-info/SOURCES.txt'
[6.893s] running build
[6.893s] running build_py
[6.898s] running install
[6.900s] running install_lib
[6.912s] running install_data
[6.920s] running install_egg_info
[6.922s] removing '/ExoMy_Sensors/install/brain/lib/python3.10/site-packages/brain-0.0.0-py3.10.egg-info' (and everything under it)
[6.923s] Copying ../build/brain/brain.egg-info to /ExoMy_Sensors/install/brain/lib/python3.10/site-packages/brain-0.0.0-py3.10.egg-info
[6.928s] running install_scripts
[7.011s] writing list of installed files to '/ExoMy_Sensors/build/brain/install.log'
[7.149s] Invoked command in '/ExoMy_Sensors/brain' returned '0': PYTHONPATH=/ExoMy_Sensors/build/brain/prefix_override:/usr/lib/python3/dist-packages/colcon_core/task/python/colcon_distutils_commands:/ExoMy_Sensors/install/brain/lib/python3.10/site-packages:${PYTHONPATH} /usr/bin/python3 -W ignore:setup.py install is deprecated -W ignore:easy_install command is deprecated setup.py egg_info --egg-base ../build/brain build --build-base /ExoMy_Sensors/build/brain/build install --record /ExoMy_Sensors/build/brain/install.log --single-version-externally-managed install_data
