[5.160s] Invoking command in '/ExoMy_Sensors/raw_data_publisher': PYTHONPATH=/ExoMy_Sensors/build/raw_data_publisher/prefix_override:/usr/lib/python3/dist-packages/colcon_core/task/python/colcon_distutils_commands:/ExoMy_Sensors/install/raw_data_publisher/lib/python3.10/site-packages:${PYTHONPATH} /usr/bin/python3 -W ignore:setup.py install is deprecated -W ignore:easy_install command is deprecated setup.py egg_info --egg-base ../build/raw_data_publisher build --build-base /ExoMy_Sensors/build/raw_data_publisher/build install --record /ExoMy_Sensors/build/raw_data_publisher/install.log --single-version-externally-managed install_data
[6.710s] running egg_info
[6.711s] writing ../build/raw_data_publisher/raw_data_publisher.egg-info/PKG-INFO
[6.715s] writing dependency_links to ../build/raw_data_publisher/raw_data_publisher.egg-info/dependency_links.txt
[6.718s] writing entry points to ../build/raw_data_publisher/raw_data_publisher.egg-info/entry_points.txt
[6.718s] writing requirements to ../build/raw_data_publisher/raw_data_publisher.egg-info/requires.txt
[6.719s] writing top-level names to ../build/raw_data_publisher/raw_data_publisher.egg-info/top_level.txt
[6.731s] reading manifest file '../build/raw_data_publisher/raw_data_publisher.egg-info/SOURCES.txt'
[6.732s] writing manifest file '../build/raw_data_publisher/raw_data_publisher.egg-info/SOURCES.txt'
[6.735s] running build
[6.735s] running build_py
[6.736s] copying raw_data_publisher/scripts/tof_publisher.py -> /ExoMy_Sensors/build/raw_data_publisher/build/lib/raw_data_publisher/scripts
[6.739s] running install
[6.741s] running install_lib
[6.766s] copying /ExoMy_Sensors/build/raw_data_publisher/build/lib/raw_data_publisher/scripts/tof_publisher.py -> /ExoMy_Sensors/install/raw_data_publisher/lib/python3.10/site-packages/raw_data_publisher/scripts
[6.774s] byte-compiling /ExoMy_Sensors/install/raw_data_publisher/lib/python3.10/site-packages/raw_data_publisher/scripts/tof_publisher.py to tof_publisher.cpython-310.pyc
[6.782s] running install_data
[6.782s] running install_egg_info
[6.798s] removing '/ExoMy_Sensors/install/raw_data_publisher/lib/python3.10/site-packages/raw_data_publisher-0.0.0-py3.10.egg-info' (and everything under it)
[6.810s] Copying ../build/raw_data_publisher/raw_data_publisher.egg-info to /ExoMy_Sensors/install/raw_data_publisher/lib/python3.10/site-packages/raw_data_publisher-0.0.0-py3.10.egg-info
[6.830s] running install_scripts
[6.903s] Installing imu_publisher script to /ExoMy_Sensors/install/raw_data_publisher/lib/raw_data_publisher
[6.905s] Installing tof_publisher script to /ExoMy_Sensors/install/raw_data_publisher/lib/raw_data_publisher
[6.922s] writing list of installed files to '/ExoMy_Sensors/build/raw_data_publisher/install.log'
[7.059s] Invoked command in '/ExoMy_Sensors/raw_data_publisher' returned '0': PYTHONPATH=/ExoMy_Sensors/build/raw_data_publisher/prefix_override:/usr/lib/python3/dist-packages/colcon_core/task/python/colcon_distutils_commands:/ExoMy_Sensors/install/raw_data_publisher/lib/python3.10/site-packages:${PYTHONPATH} /usr/bin/python3 -W ignore:setup.py install is deprecated -W ignore:easy_install command is deprecated setup.py egg_info --egg-base ../build/raw_data_publisher build --build-base /ExoMy_Sensors/build/raw_data_publisher/build install --record /ExoMy_Sensors/build/raw_data_publisher/install.log --single-version-externally-managed install_data
