[3.873s] Invoking command in '/ExoMy_Sensors/brain': PYTHONPATH=/ExoMy_Sensors/build/brain/prefix_override:/usr/lib/python3/dist-packages/colcon_core/task/python/colcon_distutils_commands:/ExoMy_Sensors/install/brain/lib/python3.10/site-packages:${PYTHONPATH} /usr/bin/python3 -W ignore:setup.py install is deprecated -W ignore:easy_install command is deprecated setup.py egg_info --egg-base ../build/brain build --build-base /ExoMy_Sensors/build/brain/build install --record /ExoMy_Sensors/build/brain/install.log --single-version-externally-managed install_data
[4.805s] running egg_info
[4.809s] writing ../build/brain/brain.egg-info/PKG-INFO
[4.811s] writing dependency_links to ../build/brain/brain.egg-info/dependency_links.txt
[4.812s] writing entry points to ../build/brain/brain.egg-info/entry_points.txt
[4.812s] writing requirements to ../build/brain/brain.egg-info/requires.txt
[4.813s] writing top-level names to ../build/brain/brain.egg-info/top_level.txt
[4.819s] reading manifest file '../build/brain/brain.egg-info/SOURCES.txt'
[4.826s] writing manifest file '../build/brain/brain.egg-info/SOURCES.txt'
[4.830s] running build
[4.830s] running build_py
[4.831s] running install
[4.831s] running install_lib
[4.835s] running install_data
[4.838s] running install_egg_info
[4.850s] removing '/ExoMy_Sensors/install/brain/lib/python3.10/site-packages/brain-0.0.0-py3.10.egg-info' (and everything under it)
[4.852s] Copying ../build/brain/brain.egg-info to /ExoMy_Sensors/install/brain/lib/python3.10/site-packages/brain-0.0.0-py3.10.egg-info
[4.861s] running install_scripts
[5.027s] writing list of installed files to '/ExoMy_Sensors/build/brain/install.log'
[5.249s] Invoked command in '/ExoMy_Sensors/brain' returned '0': PYTHONPATH=/ExoMy_Sensors/build/brain/prefix_override:/usr/lib/python3/dist-packages/colcon_core/task/python/colcon_distutils_commands:/ExoMy_Sensors/install/brain/lib/python3.10/site-packages:${PYTHONPATH} /usr/bin/python3 -W ignore:setup.py install is deprecated -W ignore:easy_install command is deprecated setup.py egg_info --egg-base ../build/brain build --build-base /ExoMy_Sensors/build/brain/build install --record /ExoMy_Sensors/build/brain/install.log --single-version-externally-managed install_data
