running develop
Removing /ExoMy_Sensors/install/raw_data_publisher/lib/python3.10/site-packages/raw-data-publisher.egg-link (link to .)
running egg_info
writing ../build/raw_data_publisher/raw_data_publisher.egg-info/PKG-INFO
writing dependency_links to ../build/raw_data_publisher/raw_data_publisher.egg-info/dependency_links.txt
writing entry points to ../build/raw_data_publisher/raw_data_publisher.egg-info/entry_points.txt
writing requirements to ../build/raw_data_publisher/raw_data_publisher.egg-info/requires.txt
writing top-level names to ../build/raw_data_publisher/raw_data_publisher.egg-info/top_level.txt
reading manifest file '../build/raw_data_publisher/raw_data_publisher.egg-info/SOURCES.txt'
writing manifest file '../build/raw_data_publisher/raw_data_publisher.egg-info/SOURCES.txt'
running build
running build_py
creating /ExoMy_Sensors/build/raw_data_publisher/build
creating /ExoMy_Sensors/build/raw_data_publisher/build/lib
creating /ExoMy_Sensors/build/raw_data_publisher/build/lib/raw_data_publisher
copying raw_data_publisher/__init__.py -> /ExoMy_Sensors/build/raw_data_publisher/build/lib/raw_data_publisher
creating /ExoMy_Sensors/build/raw_data_publisher/build/lib/raw_data_publisher/scripts
copying raw_data_publisher/scripts/tof_publisher.py -> /ExoMy_Sensors/build/raw_data_publisher/build/lib/raw_data_publisher/scripts
copying raw_data_publisher/scripts/imu_gpt.py -> /ExoMy_Sensors/build/raw_data_publisher/build/lib/raw_data_publisher/scripts
copying raw_data_publisher/scripts/imu_publisher.py -> /ExoMy_Sensors/build/raw_data_publisher/build/lib/raw_data_publisher/scripts
copying raw_data_publisher/scripts/__init__.py -> /ExoMy_Sensors/build/raw_data_publisher/build/lib/raw_data_publisher/scripts
copying raw_data_publisher/scripts/imu_publisher copy.py -> /ExoMy_Sensors/build/raw_data_publisher/build/lib/raw_data_publisher/scripts
running install
running install_lib
creating /ExoMy_Sensors/install/raw_data_publisher/lib/python3.10/site-packages/raw_data_publisher
copying /ExoMy_Sensors/build/raw_data_publisher/build/lib/raw_data_publisher/__init__.py -> /ExoMy_Sensors/install/raw_data_publisher/lib/python3.10/site-packages/raw_data_publisher
creating /ExoMy_Sensors/install/raw_data_publisher/lib/python3.10/site-packages/raw_data_publisher/scripts
copying /ExoMy_Sensors/build/raw_data_publisher/build/lib/raw_data_publisher/scripts/tof_publisher.py -> /ExoMy_Sensors/install/raw_data_publisher/lib/python3.10/site-packages/raw_data_publisher/scripts
copying /ExoMy_Sensors/build/raw_data_publisher/build/lib/raw_data_publisher/scripts/imu_gpt.py -> /ExoMy_Sensors/install/raw_data_publisher/lib/python3.10/site-packages/raw_data_publisher/scripts
copying /ExoMy_Sensors/build/raw_data_publisher/build/lib/raw_data_publisher/scripts/imu_publisher.py -> /ExoMy_Sensors/install/raw_data_publisher/lib/python3.10/site-packages/raw_data_publisher/scripts
copying /ExoMy_Sensors/build/raw_data_publisher/build/lib/raw_data_publisher/scripts/__init__.py -> /ExoMy_Sensors/install/raw_data_publisher/lib/python3.10/site-packages/raw_data_publisher/scripts
copying /ExoMy_Sensors/build/raw_data_publisher/build/lib/raw_data_publisher/scripts/imu_publisher copy.py -> /ExoMy_Sensors/install/raw_data_publisher/lib/python3.10/site-packages/raw_data_publisher/scripts
byte-compiling /ExoMy_Sensors/install/raw_data_publisher/lib/python3.10/site-packages/raw_data_publisher/__init__.py to __init__.cpython-310.pyc
byte-compiling /ExoMy_Sensors/install/raw_data_publisher/lib/python3.10/site-packages/raw_data_publisher/scripts/tof_publisher.py to tof_publisher.cpython-310.pyc
byte-compiling /ExoMy_Sensors/install/raw_data_publisher/lib/python3.10/site-packages/raw_data_publisher/scripts/imu_gpt.py to imu_gpt.cpython-310.pyc
byte-compiling /ExoMy_Sensors/install/raw_data_publisher/lib/python3.10/site-packages/raw_data_publisher/scripts/imu_publisher.py to imu_publisher.cpython-310.pyc
byte-compiling /ExoMy_Sensors/install/raw_data_publisher/lib/python3.10/site-packages/raw_data_publisher/scripts/__init__.py to __init__.cpython-310.pyc
byte-compiling /ExoMy_Sensors/install/raw_data_publisher/lib/python3.10/site-packages/raw_data_publisher/scripts/imu_publisher copy.py to imu_publisher copy.cpython-310.pyc
running install_egg_info
Copying ../build/raw_data_publisher/raw_data_publisher.egg-info to /ExoMy_Sensors/install/raw_data_publisher/lib/python3.10/site-packages/raw_data_publisher-0.0.0-py3.10.egg-info
running install_scripts
Installing imu_publisher script to /ExoMy_Sensors/install/raw_data_publisher/lib/raw_data_publisher
Installing tof_publisher script to /ExoMy_Sensors/install/raw_data_publisher/lib/raw_data_publisher
writing list of installed files to '/ExoMy_Sensors/build/raw_data_publisher/install.log'
