[5.487s] Invoking command in '/ExoMy_Sensors/data_processor': PYTHONPATH=/ExoMy_Sensors/build/data_processor/prefix_override:/usr/lib/python3/dist-packages/colcon_core/task/python/colcon_distutils_commands:/ExoMy_Sensors/install/data_processor/lib/python3.10/site-packages:${PYTHONPATH} /usr/bin/python3 -W ignore:setup.py install is deprecated -W ignore:easy_install command is deprecated setup.py egg_info --egg-base ../build/data_processor build --build-base /ExoMy_Sensors/build/data_processor/build install --record /ExoMy_Sensors/build/data_processor/install.log --single-version-externally-managed install_data
[7.137s] running egg_info
[7.150s] writing ../build/data_processor/data_processor.egg-info/PKG-INFO
[7.156s] writing dependency_links to ../build/data_processor/data_processor.egg-info/dependency_links.txt
[7.171s] writing entry points to ../build/data_processor/data_processor.egg-info/entry_points.txt
[7.172s] writing requirements to ../build/data_processor/data_processor.egg-info/requires.txt
[7.172s] writing top-level names to ../build/data_processor/data_processor.egg-info/top_level.txt
[7.187s] reading manifest file '../build/data_processor/data_processor.egg-info/SOURCES.txt'
[7.203s] writing manifest file '../build/data_processor/data_processor.egg-info/SOURCES.txt'
[7.204s] running build
[7.205s] running build_py
[7.211s] running install
[7.211s] running install_lib
[7.236s] running install_data
[7.237s] running install_egg_info
[7.250s] removing '/ExoMy_Sensors/install/data_processor/lib/python3.10/site-packages/data_processor-0.0.0-py3.10.egg-info' (and everything under it)
[7.262s] Copying ../build/data_processor/data_processor.egg-info to /ExoMy_Sensors/install/data_processor/lib/python3.10/site-packages/data_processor-0.0.0-py3.10.egg-info
[7.283s] running install_scripts
[7.403s] Installing imu_data_processor script to /ExoMy_Sensors/install/data_processor/lib/data_processor
[7.407s] Installing tof_data_processor script to /ExoMy_Sensors/install/data_processor/lib/data_processor
[7.408s] writing list of installed files to '/ExoMy_Sensors/build/data_processor/install.log'
[7.522s] Invoked command in '/ExoMy_Sensors/data_processor' returned '0': PYTHONPATH=/ExoMy_Sensors/build/data_processor/prefix_override:/usr/lib/python3/dist-packages/colcon_core/task/python/colcon_distutils_commands:/ExoMy_Sensors/install/data_processor/lib/python3.10/site-packages:${PYTHONPATH} /usr/bin/python3 -W ignore:setup.py install is deprecated -W ignore:easy_install command is deprecated setup.py egg_info --egg-base ../build/data_processor build --build-base /ExoMy_Sensors/build/data_processor/build install --record /ExoMy_Sensors/build/data_processor/install.log --single-version-externally-managed install_data
