[4.808s] Invoking command in '/ExoMy_Sensors/brain': PYTHONPATH=/ExoMy_Sensors/build/brain/prefix_override:/usr/lib/python3/dist-packages/colcon_core/task/python/colcon_distutils_commands:/ExoMy_Sensors/install/brain/lib/python3.10/site-packages:${PYTHONPATH} /usr/bin/python3 -W ignore:setup.py install is deprecated -W ignore:easy_install command is deprecated setup.py egg_info --egg-base ../build/brain build --build-base /ExoMy_Sensors/build/brain/build install --record /ExoMy_Sensors/build/brain/install.log --single-version-externally-managed install_data
[6.073s] running egg_info
[6.074s] writing ../build/brain/brain.egg-info/PKG-INFO
[6.075s] writing dependency_links to ../build/brain/brain.egg-info/dependency_links.txt
[6.085s] writing entry points to ../build/brain/brain.egg-info/entry_points.txt
[6.085s] writing requirements to ../build/brain/brain.egg-info/requires.txt
[6.085s] writing top-level names to ../build/brain/brain.egg-info/top_level.txt
[6.087s] reading manifest file '../build/brain/brain.egg-info/SOURCES.txt'
[6.099s] writing manifest file '../build/brain/brain.egg-info/SOURCES.txt'
[6.100s] running build
[6.100s] running build_py
[6.106s] running install
[6.106s] running install_lib
[6.117s] running install_data
[6.125s] running install_egg_info
[6.139s] removing '/ExoMy_Sensors/install/brain/lib/python3.10/site-packages/brain-0.0.0-py3.10.egg-info' (and everything under it)
[6.142s] Copying ../build/brain/brain.egg-info to /ExoMy_Sensors/install/brain/lib/python3.10/site-packages/brain-0.0.0-py3.10.egg-info
[6.165s] running install_scripts
[6.299s] writing list of installed files to '/ExoMy_Sensors/build/brain/install.log'
[6.484s] Invoked command in '/ExoMy_Sensors/brain' returned '0': PYTHONPATH=/ExoMy_Sensors/build/brain/prefix_override:/usr/lib/python3/dist-packages/colcon_core/task/python/colcon_distutils_commands:/ExoMy_Sensors/install/brain/lib/python3.10/site-packages:${PYTHONPATH} /usr/bin/python3 -W ignore:setup.py install is deprecated -W ignore:easy_install command is deprecated setup.py egg_info --egg-base ../build/brain build --build-base /ExoMy_Sensors/build/brain/build install --record /ExoMy_Sensors/build/brain/install.log --single-version-externally-managed install_data
