[5.519s] Invoking command in '/ExoMy_Sensors/data_processor': PYTHONPATH=/ExoMy_Sensors/build/data_processor/prefix_override:/usr/lib/python3/dist-packages/colcon_core/task/python/colcon_distutils_commands:/ExoMy_Sensors/install/data_processor/lib/python3.10/site-packages:${PYTHONPATH} /usr/bin/python3 -W ignore:setup.py install is deprecated -W ignore:easy_install command is deprecated setup.py egg_info --egg-base ../build/data_processor build --build-base /ExoMy_Sensors/build/data_processor/build install --record /ExoMy_Sensors/build/data_processor/install.log --single-version-externally-managed install_data
[7.234s] running egg_info
[7.237s] writing ../build/data_processor/data_processor.egg-info/PKG-INFO
[7.240s] writing dependency_links to ../build/data_processor/data_processor.egg-info/dependency_links.txt
[7.242s] writing entry points to ../build/data_processor/data_processor.egg-info/entry_points.txt
[7.243s] writing requirements to ../build/data_processor/data_processor.egg-info/requires.txt
[7.248s] writing top-level names to ../build/data_processor/data_processor.egg-info/top_level.txt
[7.255s] reading manifest file '../build/data_processor/data_processor.egg-info/SOURCES.txt'
[7.259s] writing manifest file '../build/data_processor/data_processor.egg-info/SOURCES.txt'
[7.260s] running build
[7.261s] running build_py
[7.265s] running install
[7.266s] running install_lib
[7.277s] running install_data
[7.284s] running install_egg_info
[7.301s] removing '/ExoMy_Sensors/install/data_processor/lib/python3.10/site-packages/data_processor-0.0.0-py3.10.egg-info' (and everything under it)
[7.301s] Copying ../build/data_processor/data_processor.egg-info to /ExoMy_Sensors/install/data_processor/lib/python3.10/site-packages/data_processor-0.0.0-py3.10.egg-info
[7.307s] running install_scripts
[7.385s] Installing imu_data_processor script to /ExoMy_Sensors/install/data_processor/lib/data_processor
[7.388s] Installing tof_data_processor script to /ExoMy_Sensors/install/data_processor/lib/data_processor
[7.389s] writing list of installed files to '/ExoMy_Sensors/build/data_processor/install.log'
[7.539s] Invoked command in '/ExoMy_Sensors/data_processor' returned '0': PYTHONPATH=/ExoMy_Sensors/build/data_processor/prefix_override:/usr/lib/python3/dist-packages/colcon_core/task/python/colcon_distutils_commands:/ExoMy_Sensors/install/data_processor/lib/python3.10/site-packages:${PYTHONPATH} /usr/bin/python3 -W ignore:setup.py install is deprecated -W ignore:easy_install command is deprecated setup.py egg_info --egg-base ../build/data_processor build --build-base /ExoMy_Sensors/build/data_processor/build install --record /ExoMy_Sensors/build/data_processor/install.log --single-version-externally-managed install_data
