[6.524s] Invoking command in '/ExoMy_Sensors/data_processor': PYTHONPATH=/ExoMy_Sensors/build/data_processor/prefix_override:/usr/lib/python3/dist-packages/colcon_core/task/python/colcon_distutils_commands:/ExoMy_Sensors/install/data_processor/lib/python3.10/site-packages:${PYTHONPATH} /usr/bin/python3 -W ignore:setup.py install is deprecated -W ignore:easy_install command is deprecated setup.py egg_info --egg-base ../build/data_processor build --build-base /ExoMy_Sensors/build/data_processor/build install --record /ExoMy_Sensors/build/data_processor/install.log --single-version-externally-managed install_data
[8.369s] running egg_info
[8.376s] writing ../build/data_processor/data_processor.egg-info/PKG-INFO
[8.379s] writing dependency_links to ../build/data_processor/data_processor.egg-info/dependency_links.txt
[8.383s] writing entry points to ../build/data_processor/data_processor.egg-info/entry_points.txt
[8.387s] writing requirements to ../build/data_processor/data_processor.egg-info/requires.txt
[8.392s] writing top-level names to ../build/data_processor/data_processor.egg-info/top_level.txt
[8.412s] reading manifest file '../build/data_processor/data_processor.egg-info/SOURCES.txt'
[8.418s] writing manifest file '../build/data_processor/data_processor.egg-info/SOURCES.txt'
[8.428s] running build
[8.429s] running build_py
[8.432s] running install
[8.439s] running install_lib
[8.476s] running install_data
[8.479s] running install_egg_info
[8.587s] removing '/ExoMy_Sensors/install/data_processor/lib/python3.10/site-packages/data_processor-0.0.0-py3.10.egg-info' (and everything under it)
[8.588s] Copying ../build/data_processor/data_processor.egg-info to /ExoMy_Sensors/install/data_processor/lib/python3.10/site-packages/data_processor-0.0.0-py3.10.egg-info
[8.588s] running install_scripts
[8.796s] Installing imu_data_processor script to /ExoMy_Sensors/install/data_processor/lib/data_processor
[8.806s] Installing tof_data_processor script to /ExoMy_Sensors/install/data_processor/lib/data_processor
[8.820s] writing list of installed files to '/ExoMy_Sensors/build/data_processor/install.log'
[9.163s] Invoked command in '/ExoMy_Sensors/data_processor' returned '0': PYTHONPATH=/ExoMy_Sensors/build/data_processor/prefix_override:/usr/lib/python3/dist-packages/colcon_core/task/python/colcon_distutils_commands:/ExoMy_Sensors/install/data_processor/lib/python3.10/site-packages:${PYTHONPATH} /usr/bin/python3 -W ignore:setup.py install is deprecated -W ignore:easy_install command is deprecated setup.py egg_info --egg-base ../build/data_processor build --build-base /ExoMy_Sensors/build/data_processor/build install --record /ExoMy_Sensors/build/data_processor/install.log --single-version-externally-managed install_data
