[4.420s] Invoking command in '/ExoMy_Sensors/brain': PYTHONPATH=/ExoMy_Sensors/build/brain/prefix_override:/usr/lib/python3/dist-packages/colcon_core/task/python/colcon_distutils_commands:/ExoMy_Sensors/install/brain/lib/python3.10/site-packages:${PYTHONPATH} /usr/bin/python3 -W ignore:setup.py install is deprecated -W ignore:easy_install command is deprecated setup.py egg_info --egg-base ../build/brain build --build-base /ExoMy_Sensors/build/brain/build install --record /ExoMy_Sensors/build/brain/install.log --single-version-externally-managed install_data
[5.338s] running egg_info
[5.340s] writing ../build/brain/brain.egg-info/PKG-INFO
[5.344s] writing dependency_links to ../build/brain/brain.egg-info/dependency_links.txt
[5.345s] writing entry points to ../build/brain/brain.egg-info/entry_points.txt
[5.345s] writing requirements to ../build/brain/brain.egg-info/requires.txt
[5.348s] writing top-level names to ../build/brain/brain.egg-info/top_level.txt
[5.350s] reading manifest file '../build/brain/brain.egg-info/SOURCES.txt'
[5.355s] writing manifest file '../build/brain/brain.egg-info/SOURCES.txt'
[5.357s] running build
[5.357s] running build_py
[5.358s] running install
[5.363s] running install_lib
[5.369s] running install_data
[5.375s] running install_egg_info
[5.380s] removing '/ExoMy_Sensors/install/brain/lib/python3.10/site-packages/brain-0.0.0-py3.10.egg-info' (and everything under it)
[5.391s] Copying ../build/brain/brain.egg-info to /ExoMy_Sensors/install/brain/lib/python3.10/site-packages/brain-0.0.0-py3.10.egg-info
[5.392s] running install_scripts
[5.487s] writing list of installed files to '/ExoMy_Sensors/build/brain/install.log'
[5.674s] Invoked command in '/ExoMy_Sensors/brain' returned '0': PYTHONPATH=/ExoMy_Sensors/build/brain/prefix_override:/usr/lib/python3/dist-packages/colcon_core/task/python/colcon_distutils_commands:/ExoMy_Sensors/install/brain/lib/python3.10/site-packages:${PYTHONPATH} /usr/bin/python3 -W ignore:setup.py install is deprecated -W ignore:easy_install command is deprecated setup.py egg_info --egg-base ../build/brain build --build-base /ExoMy_Sensors/build/brain/build install --record /ExoMy_Sensors/build/brain/install.log --single-version-externally-managed install_data
