[3.904s] Invoking command in '/ExoMy_Sensors/brain': PYTHONPATH=/ExoMy_Sensors/build/brain/prefix_override:/usr/lib/python3/dist-packages/colcon_core/task/python/colcon_distutils_commands:/ExoMy_Sensors/install/brain/lib/python3.10/site-packages:${PYTHONPATH} /usr/bin/python3 -W ignore:setup.py install is deprecated -W ignore:easy_install command is deprecated setup.py egg_info --egg-base ../build/brain build --build-base /ExoMy_Sensors/build/brain/build install --record /ExoMy_Sensors/build/brain/install.log --single-version-externally-managed install_data
[4.774s] running egg_info
[4.775s] writing ../build/brain/brain.egg-info/PKG-INFO
[4.778s] writing dependency_links to ../build/brain/brain.egg-info/dependency_links.txt
[4.780s] writing entry points to ../build/brain/brain.egg-info/entry_points.txt
[4.780s] writing requirements to ../build/brain/brain.egg-info/requires.txt
[4.781s] writing top-level names to ../build/brain/brain.egg-info/top_level.txt
[4.790s] reading manifest file '../build/brain/brain.egg-info/SOURCES.txt'
[4.797s] writing manifest file '../build/brain/brain.egg-info/SOURCES.txt'
[4.797s] running build
[4.797s] running build_py
[4.815s] running install
[4.817s] running install_lib
[4.823s] running install_data
[4.826s] running install_egg_info
[4.841s] removing '/ExoMy_Sensors/install/brain/lib/python3.10/site-packages/brain-0.0.0-py3.10.egg-info' (and everything under it)
[4.842s] Copying ../build/brain/brain.egg-info to /ExoMy_Sensors/install/brain/lib/python3.10/site-packages/brain-0.0.0-py3.10.egg-info
[4.849s] running install_scripts
[4.935s] writing list of installed files to '/ExoMy_Sensors/build/brain/install.log'
[5.192s] Invoked command in '/ExoMy_Sensors/brain' returned '0': PYTHONPATH=/ExoMy_Sensors/build/brain/prefix_override:/usr/lib/python3/dist-packages/colcon_core/task/python/colcon_distutils_commands:/ExoMy_Sensors/install/brain/lib/python3.10/site-packages:${PYTHONPATH} /usr/bin/python3 -W ignore:setup.py install is deprecated -W ignore:easy_install command is deprecated setup.py egg_info --egg-base ../build/brain build --build-base /ExoMy_Sensors/build/brain/build install --record /ExoMy_Sensors/build/brain/install.log --single-version-externally-managed install_data
