[1.060s] DEBUG:colcon:Command line arguments: ['/usr/bin/colcon', 'build']
[1.060s] DEBUG:colcon:Parsed command line arguments: Namespace(log_base=None, log_level=None, verb_name='build', build_base='build', install_base='install', merge_install=False, symlink_install=False, test_result_base=None, continue_on_error=False, executor='parallel', parallel_workers=4, event_handlers=None, ignore_user_meta=False, metas=['./colcon.meta'], base_paths=['.'], packages_ignore=None, packages_ignore_regex=None, paths=None, packages_up_to=None, packages_up_to_regex=None, packages_above=None, packages_above_and_dependencies=None, packages_above_depth=None, packages_select_by_dep=None, packages_skip_by_dep=None, packages_skip_up_to=None, packages_select_build_failed=False, packages_skip_build_finished=False, packages_select_test_failures=False, packages_skip_test_passed=False, packages_select=None, packages_skip=None, packages_select_regex=None, packages_skip_regex=None, packages_start=None, packages_end=None, cmake_args=None, cmake_target=None, cmake_target_skip_unavailable=False, cmake_clean_cache=False, cmake_clean_first=False, cmake_force_configure=False, ament_cmake_args=None, catkin_cmake_args=None, catkin_skip_building_tests=False, mixin_files=None, mixin=None, verb_parser=<colcon_mixin.mixin.mixin_argument.MixinArgumentDecorator object at 0x7f7f3794b0>, verb_extension=<colcon_core.verb.build.BuildVerb object at 0x7f7f378fd0>, main=<bound method BuildVerb.main of <colcon_core.verb.build.BuildVerb object at 0x7f7f378fd0>>, mixin_verb=('build',))
[1.706s] Level 1:colcon.colcon_core.package_discovery:discover_packages(colcon_meta) check parameters
[1.713s] INFO:colcon.colcon_metadata.package_discovery.colcon_meta:Using configuration from '/root/.colcon/metadata/default/Gazebo.meta'
[1.716s] INFO:colcon.colcon_metadata.package_discovery.colcon_meta:Using configuration from '/root/.colcon/metadata/default/fastrtps.meta'
[1.716s] Level 1:colcon.colcon_core.package_discovery:discover_packages(recursive) check parameters
[1.716s] Level 1:colcon.colcon_core.package_discovery:discover_packages(ignore) check parameters
[1.716s] Level 1:colcon.colcon_core.package_discovery:discover_packages(path) check parameters
[1.716s] Level 1:colcon.colcon_core.package_discovery:discover_packages(colcon_meta) discover
[1.716s] Level 1:colcon.colcon_core.package_discovery:discover_packages(recursive) discover
[1.717s] INFO:colcon.colcon_core.package_discovery:Crawling recursively for packages in '/ExoMy_Sensors'
[1.717s] Level 1:colcon.colcon_core.package_identification:_identify(.) by extensions ['ignore', 'ignore_ament_install']
[1.717s] Level 1:colcon.colcon_core.package_identification:_identify(.) by extension 'ignore'
[1.717s] Level 1:colcon.colcon_core.package_identification:_identify(.) by extension 'ignore_ament_install'
[1.718s] Level 1:colcon.colcon_core.package_identification:_identify(.) by extensions ['colcon_pkg']
[1.718s] Level 1:colcon.colcon_core.package_identification:_identify(.) by extension 'colcon_pkg'
[1.718s] Level 1:colcon.colcon_core.package_identification:_identify(.) by extensions ['colcon_meta']
[1.718s] Level 1:colcon.colcon_core.package_identification:_identify(.) by extension 'colcon_meta'
[1.718s] Level 1:colcon.colcon_core.package_identification:_identify(.) by extensions ['ros']
[1.718s] Level 1:colcon.colcon_core.package_identification:_identify(.) by extension 'ros'
[1.779s] Level 1:colcon.colcon_core.package_identification:_identify(.) by extensions ['cmake', 'python']
[1.780s] Level 1:colcon.colcon_core.package_identification:_identify(.) by extension 'cmake'
[1.780s] Level 1:colcon.colcon_core.package_identification:_identify(.) by extension 'python'
[1.780s] Level 1:colcon.colcon_core.package_identification:_identify(.) by extensions ['python_setup_py']
[1.780s] Level 1:colcon.colcon_core.package_identification:_identify(.) by extension 'python_setup_py'
[1.781s] Level 1:colcon.colcon_core.package_identification:_identify(brain) by extensions ['ignore', 'ignore_ament_install']
[1.782s] Level 1:colcon.colcon_core.package_identification:_identify(brain) by extension 'ignore'
[1.782s] Level 1:colcon.colcon_core.package_identification:_identify(brain) by extension 'ignore_ament_install'
[1.782s] Level 1:colcon.colcon_core.package_identification:_identify(brain) by extensions ['colcon_pkg']
[1.782s] Level 1:colcon.colcon_core.package_identification:_identify(brain) by extension 'colcon_pkg'
[1.782s] Level 1:colcon.colcon_core.package_identification:_identify(brain) by extensions ['colcon_meta']
[1.782s] Level 1:colcon.colcon_core.package_identification:_identify(brain) by extension 'colcon_meta'
[1.782s] Level 1:colcon.colcon_core.package_identification:_identify(brain) by extensions ['ros']
[1.783s] Level 1:colcon.colcon_core.package_identification:_identify(brain) by extension 'ros'
[1.794s] DEBUG:colcon.colcon_core.package_identification:Package 'brain' with type 'ros.ament_python' and name 'brain'
[1.795s] Level 1:colcon.colcon_core.package_identification:_identify(build) by extensions ['ignore', 'ignore_ament_install']
[1.795s] Level 1:colcon.colcon_core.package_identification:_identify(build) by extension 'ignore'
[1.795s] Level 1:colcon.colcon_core.package_identification:_identify(build) ignored
[1.796s] Level 1:colcon.colcon_core.package_identification:_identify(data_processor) by extensions ['ignore', 'ignore_ament_install']
[1.797s] Level 1:colcon.colcon_core.package_identification:_identify(data_processor) by extension 'ignore'
[1.797s] Level 1:colcon.colcon_core.package_identification:_identify(data_processor) by extension 'ignore_ament_install'
[1.797s] Level 1:colcon.colcon_core.package_identification:_identify(data_processor) by extensions ['colcon_pkg']
[1.798s] Level 1:colcon.colcon_core.package_identification:_identify(data_processor) by extension 'colcon_pkg'
[1.798s] Level 1:colcon.colcon_core.package_identification:_identify(data_processor) by extensions ['colcon_meta']
[1.798s] Level 1:colcon.colcon_core.package_identification:_identify(data_processor) by extension 'colcon_meta'
[1.798s] Level 1:colcon.colcon_core.package_identification:_identify(data_processor) by extensions ['ros']
[1.798s] Level 1:colcon.colcon_core.package_identification:_identify(data_processor) by extension 'ros'
[1.802s] DEBUG:colcon.colcon_core.package_identification:Package 'data_processor' with type 'ros.ament_python' and name 'data_processor'
[1.803s] Level 1:colcon.colcon_core.package_identification:_identify(install) by extensions ['ignore', 'ignore_ament_install']
[1.803s] Level 1:colcon.colcon_core.package_identification:_identify(install) by extension 'ignore'
[1.803s] Level 1:colcon.colcon_core.package_identification:_identify(install) ignored
[1.804s] Level 1:colcon.colcon_core.package_identification:_identify(log) by extensions ['ignore', 'ignore_ament_install']
[1.804s] Level 1:colcon.colcon_core.package_identification:_identify(log) by extension 'ignore'
[1.804s] Level 1:colcon.colcon_core.package_identification:_identify(log) ignored
[1.805s] Level 1:colcon.colcon_core.package_identification:_identify(raw_data_publisher) by extensions ['ignore', 'ignore_ament_install']
[1.805s] Level 1:colcon.colcon_core.package_identification:_identify(raw_data_publisher) by extension 'ignore'
[1.806s] Level 1:colcon.colcon_core.package_identification:_identify(raw_data_publisher) by extension 'ignore_ament_install'
[1.806s] Level 1:colcon.colcon_core.package_identification:_identify(raw_data_publisher) by extensions ['colcon_pkg']
[1.806s] Level 1:colcon.colcon_core.package_identification:_identify(raw_data_publisher) by extension 'colcon_pkg'
[1.806s] Level 1:colcon.colcon_core.package_identification:_identify(raw_data_publisher) by extensions ['colcon_meta']
[1.806s] Level 1:colcon.colcon_core.package_identification:_identify(raw_data_publisher) by extension 'colcon_meta'
[1.807s] Level 1:colcon.colcon_core.package_identification:_identify(raw_data_publisher) by extensions ['ros']
[1.807s] Level 1:colcon.colcon_core.package_identification:_identify(raw_data_publisher) by extension 'ros'
[1.811s] DEBUG:colcon.colcon_core.package_identification:Package 'raw_data_publisher' with type 'ros.ament_python' and name 'raw_data_publisher'
[1.811s] Level 1:colcon.colcon_core.package_discovery:discover_packages(recursive) using defaults
[1.811s] Level 1:colcon.colcon_core.package_discovery:discover_packages(ignore) discover
[1.811s] Level 1:colcon.colcon_core.package_discovery:discover_packages(ignore) using defaults
[1.811s] Level 1:colcon.colcon_core.package_discovery:discover_packages(path) discover
[1.811s] Level 1:colcon.colcon_core.package_discovery:discover_packages(path) using defaults
[1.934s] Level 5:colcon.colcon_core.verb:set package 'brain' build argument 'cmake_args' from command line to 'None'
[1.934s] Level 5:colcon.colcon_core.verb:set package 'brain' build argument 'cmake_target' from command line to 'None'
[1.934s] Level 5:colcon.colcon_core.verb:set package 'brain' build argument 'cmake_target_skip_unavailable' from command line to 'False'
[1.934s] Level 5:colcon.colcon_core.verb:set package 'brain' build argument 'cmake_clean_cache' from command line to 'False'
[1.935s] Level 5:colcon.colcon_core.verb:set package 'brain' build argument 'cmake_clean_first' from command line to 'False'
[1.935s] Level 5:colcon.colcon_core.verb:set package 'brain' build argument 'cmake_force_configure' from command line to 'False'
[1.935s] Level 5:colcon.colcon_core.verb:set package 'brain' build argument 'ament_cmake_args' from command line to 'None'
[1.935s] Level 5:colcon.colcon_core.verb:set package 'brain' build argument 'catkin_cmake_args' from command line to 'None'
[1.935s] Level 5:colcon.colcon_core.verb:set package 'brain' build argument 'catkin_skip_building_tests' from command line to 'False'
[1.935s] DEBUG:colcon.colcon_core.verb:Building package 'brain' with the following arguments: {'ament_cmake_args': None, 'build_base': '/ExoMy_Sensors/build/brain', 'catkin_cmake_args': None, 'catkin_skip_building_tests': False, 'cmake_args': None, 'cmake_clean_cache': False, 'cmake_clean_first': False, 'cmake_force_configure': False, 'cmake_target': None, 'cmake_target_skip_unavailable': False, 'install_base': '/ExoMy_Sensors/install/brain', 'merge_install': False, 'path': '/ExoMy_Sensors/brain', 'symlink_install': False, 'test_result_base': None}
[1.936s] Level 5:colcon.colcon_core.verb:set package 'data_processor' build argument 'cmake_args' from command line to 'None'
[1.937s] Level 5:colcon.colcon_core.verb:set package 'data_processor' build argument 'cmake_target' from command line to 'None'
[1.937s] Level 5:colcon.colcon_core.verb:set package 'data_processor' build argument 'cmake_target_skip_unavailable' from command line to 'False'
[1.937s] Level 5:colcon.colcon_core.verb:set package 'data_processor' build argument 'cmake_clean_cache' from command line to 'False'
[1.937s] Level 5:colcon.colcon_core.verb:set package 'data_processor' build argument 'cmake_clean_first' from command line to 'False'
[1.937s] Level 5:colcon.colcon_core.verb:set package 'data_processor' build argument 'cmake_force_configure' from command line to 'False'
[1.937s] Level 5:colcon.colcon_core.verb:set package 'data_processor' build argument 'ament_cmake_args' from command line to 'None'
[1.937s] Level 5:colcon.colcon_core.verb:set package 'data_processor' build argument 'catkin_cmake_args' from command line to 'None'
[1.937s] Level 5:colcon.colcon_core.verb:set package 'data_processor' build argument 'catkin_skip_building_tests' from command line to 'False'
[1.937s] DEBUG:colcon.colcon_core.verb:Building package 'data_processor' with the following arguments: {'ament_cmake_args': None, 'build_base': '/ExoMy_Sensors/build/data_processor', 'catkin_cmake_args': None, 'catkin_skip_building_tests': False, 'cmake_args': None, 'cmake_clean_cache': False, 'cmake_clean_first': False, 'cmake_force_configure': False, 'cmake_target': None, 'cmake_target_skip_unavailable': False, 'install_base': '/ExoMy_Sensors/install/data_processor', 'merge_install': False, 'path': '/ExoMy_Sensors/data_processor', 'symlink_install': False, 'test_result_base': None}
[1.938s] Level 5:colcon.colcon_core.verb:set package 'raw_data_publisher' build argument 'cmake_args' from command line to 'None'
[1.939s] Level 5:colcon.colcon_core.verb:set package 'raw_data_publisher' build argument 'cmake_target' from command line to 'None'
[1.939s] Level 5:colcon.colcon_core.verb:set package 'raw_data_publisher' build argument 'cmake_target_skip_unavailable' from command line to 'False'
[1.939s] Level 5:colcon.colcon_core.verb:set package 'raw_data_publisher' build argument 'cmake_clean_cache' from command line to 'False'
[1.939s] Level 5:colcon.colcon_core.verb:set package 'raw_data_publisher' build argument 'cmake_clean_first' from command line to 'False'
[1.939s] Level 5:colcon.colcon_core.verb:set package 'raw_data_publisher' build argument 'cmake_force_configure' from command line to 'False'
[1.939s] Level 5:colcon.colcon_core.verb:set package 'raw_data_publisher' build argument 'ament_cmake_args' from command line to 'None'
[1.939s] Level 5:colcon.colcon_core.verb:set package 'raw_data_publisher' build argument 'catkin_cmake_args' from command line to 'None'
[1.939s] Level 5:colcon.colcon_core.verb:set package 'raw_data_publisher' build argument 'catkin_skip_building_tests' from command line to 'False'
[1.939s] DEBUG:colcon.colcon_core.verb:Building package 'raw_data_publisher' with the following arguments: {'ament_cmake_args': None, 'build_base': '/ExoMy_Sensors/build/raw_data_publisher', 'catkin_cmake_args': None, 'catkin_skip_building_tests': False, 'cmake_args': None, 'cmake_clean_cache': False, 'cmake_clean_first': False, 'cmake_force_configure': False, 'cmake_target': None, 'cmake_target_skip_unavailable': False, 'install_base': '/ExoMy_Sensors/install/raw_data_publisher', 'merge_install': False, 'path': '/ExoMy_Sensors/raw_data_publisher', 'symlink_install': False, 'test_result_base': None}
[1.940s] INFO:colcon.colcon_core.executor:Executing jobs using 'parallel' executor
[1.943s] DEBUG:colcon.colcon_parallel_executor.executor.parallel:run_until_complete
[1.944s] INFO:colcon.colcon_ros.task.ament_python.build:Building ROS package in '/ExoMy_Sensors/brain' with build type 'ament_python'
[1.945s] Level 1:colcon.colcon_core.shell:create_environment_hook('brain', 'ament_prefix_path')
[1.964s] INFO:colcon.colcon_core.plugin_system:Skipping extension 'colcon_core.shell.bat': Not used on non-Windows systems
[1.965s] INFO:colcon.colcon_core.shell:Creating environment hook '/ExoMy_Sensors/install/brain/share/brain/hook/ament_prefix_path.ps1'
[1.971s] INFO:colcon.colcon_core.shell:Creating environment descriptor '/ExoMy_Sensors/install/brain/share/brain/hook/ament_prefix_path.dsv'
[1.974s] INFO:colcon.colcon_core.shell:Creating environment hook '/ExoMy_Sensors/install/brain/share/brain/hook/ament_prefix_path.sh'
[1.978s] INFO:colcon.colcon_core.shell:Skip shell extension 'powershell' for command environment: Not usable outside of PowerShell
[1.979s] DEBUG:colcon.colcon_core.shell:Skip shell extension 'dsv' for command environment
[1.998s] INFO:colcon.colcon_ros.task.ament_python.build:Building ROS package in '/ExoMy_Sensors/data_processor' with build type 'ament_python'
[1.999s] Level 1:colcon.colcon_core.shell:create_environment_hook('data_processor', 'ament_prefix_path')
[2.000s] INFO:colcon.colcon_core.shell:Creating environment hook '/ExoMy_Sensors/install/data_processor/share/data_processor/hook/ament_prefix_path.ps1'
[2.006s] INFO:colcon.colcon_core.shell:Creating environment descriptor '/ExoMy_Sensors/install/data_processor/share/data_processor/hook/ament_prefix_path.dsv'
[2.008s] INFO:colcon.colcon_core.shell:Creating environment hook '/ExoMy_Sensors/install/data_processor/share/data_processor/hook/ament_prefix_path.sh'
[2.010s] INFO:colcon.colcon_core.shell:Skip shell extension 'powershell' for command environment: Not usable outside of PowerShell
[2.011s] DEBUG:colcon.colcon_core.shell:Skip shell extension 'dsv' for command environment
[2.018s] INFO:colcon.colcon_ros.task.ament_python.build:Building ROS package in '/ExoMy_Sensors/raw_data_publisher' with build type 'ament_python'
[2.019s] Level 1:colcon.colcon_core.shell:create_environment_hook('raw_data_publisher', 'ament_prefix_path')
[2.020s] INFO:colcon.colcon_core.shell:Creating environment hook '/ExoMy_Sensors/install/raw_data_publisher/share/raw_data_publisher/hook/ament_prefix_path.ps1'
[2.024s] INFO:colcon.colcon_core.shell:Creating environment descriptor '/ExoMy_Sensors/install/raw_data_publisher/share/raw_data_publisher/hook/ament_prefix_path.dsv'
[2.026s] INFO:colcon.colcon_core.shell:Creating environment hook '/ExoMy_Sensors/install/raw_data_publisher/share/raw_data_publisher/hook/ament_prefix_path.sh'
[2.028s] INFO:colcon.colcon_core.shell:Skip shell extension 'powershell' for command environment: Not usable outside of PowerShell
[2.028s] DEBUG:colcon.colcon_core.shell:Skip shell extension 'dsv' for command environment
[2.734s] INFO:colcon.colcon_core.task.python.build:Building Python package in '/ExoMy_Sensors/brain'
[2.735s] INFO:colcon.colcon_core.shell:Skip shell extension 'powershell' for command environment: Not usable outside of PowerShell
[2.735s] DEBUG:colcon.colcon_core.shell:Skip shell extension 'dsv' for command environment
[3.445s] INFO:colcon.colcon_core.task.python.build:Building Python package in '/ExoMy_Sensors/data_processor'
[3.446s] INFO:colcon.colcon_core.shell:Skip shell extension 'powershell' for command environment: Not usable outside of PowerShell
[3.446s] DEBUG:colcon.colcon_core.shell:Skip shell extension 'dsv' for command environment
[4.161s] WARNING:colcon.colcon_ros.task.ament_python.build:Package 'raw_data_publisher' doesn't explicitly install a marker in the package index (colcon-ros currently does it implicitly but that fallback will be removed in the future)
[4.163s] WARNING:colcon.colcon_ros.task.ament_python.build:Package 'raw_data_publisher' doesn't explicitly install the 'package.xml' file (colcon-ros currently does it implicitly but that fallback will be removed in the future)
[4.165s] INFO:colcon.colcon_core.task.python.build:Building Python package in '/ExoMy_Sensors/raw_data_publisher'
[4.166s] INFO:colcon.colcon_core.shell:Skip shell extension 'powershell' for command environment: Not usable outside of PowerShell
[4.166s] DEBUG:colcon.colcon_core.shell:Skip shell extension 'dsv' for command environment
[5.754s] DEBUG:colcon.colcon_core.event_handler.log_command:Invoking command in '/ExoMy_Sensors/brain': PYTHONPATH=/ExoMy_Sensors/build/brain/prefix_override:/usr/lib/python3/dist-packages/colcon_core/task/python/colcon_distutils_commands:/ExoMy_Sensors/install/brain/lib/python3.10/site-packages:${PYTHONPATH} /usr/bin/python3 -W ignore:setup.py install is deprecated -W ignore:easy_install command is deprecated setup.py egg_info --egg-base ../build/brain build --build-base /ExoMy_Sensors/build/brain/build install --record /ExoMy_Sensors/build/brain/install.log --single-version-externally-managed install_data
[5.766s] DEBUG:colcon.colcon_core.event_handler.log_command:Invoking command in '/ExoMy_Sensors/data_processor': PYTHONPATH=/ExoMy_Sensors/build/data_processor/prefix_override:/usr/lib/python3/dist-packages/colcon_core/task/python/colcon_distutils_commands:/ExoMy_Sensors/install/data_processor/lib/python3.10/site-packages:${PYTHONPATH} /usr/bin/python3 -W ignore:setup.py install is deprecated -W ignore:easy_install command is deprecated setup.py egg_info --egg-base ../build/data_processor build --build-base /ExoMy_Sensors/build/data_processor/build install --record /ExoMy_Sensors/build/data_processor/install.log --single-version-externally-managed install_data
[5.779s] DEBUG:colcon.colcon_core.event_handler.log_command:Invoking command in '/ExoMy_Sensors/raw_data_publisher': PYTHONPATH=/ExoMy_Sensors/build/raw_data_publisher/prefix_override:/usr/lib/python3/dist-packages/colcon_core/task/python/colcon_distutils_commands:/ExoMy_Sensors/install/raw_data_publisher/lib/python3.10/site-packages:${PYTHONPATH} /usr/bin/python3 -W ignore:setup.py install is deprecated -W ignore:easy_install command is deprecated setup.py egg_info --egg-base ../build/raw_data_publisher build --build-base /ExoMy_Sensors/build/raw_data_publisher/build install --record /ExoMy_Sensors/build/raw_data_publisher/install.log --single-version-externally-managed install_data
[6.959s] DEBUG:colcon.colcon_core.event_handler.log_command:Invoked command in '/ExoMy_Sensors/brain' returned '0': PYTHONPATH=/ExoMy_Sensors/build/brain/prefix_override:/usr/lib/python3/dist-packages/colcon_core/task/python/colcon_distutils_commands:/ExoMy_Sensors/install/brain/lib/python3.10/site-packages:${PYTHONPATH} /usr/bin/python3 -W ignore:setup.py install is deprecated -W ignore:easy_install command is deprecated setup.py egg_info --egg-base ../build/brain build --build-base /ExoMy_Sensors/build/brain/build install --record /ExoMy_Sensors/build/brain/install.log --single-version-externally-managed install_data
[7.021s] Level 1:colcon.colcon_core.environment:checking '/ExoMy_Sensors/install/brain' for CMake module files
[7.024s] Level 1:colcon.colcon_core.environment:checking '/ExoMy_Sensors/install/brain' for CMake config files
[7.029s] Level 1:colcon.colcon_core.environment:checking '/ExoMy_Sensors/install/brain/lib'
[7.030s] Level 1:colcon.colcon_core.environment:checking '/ExoMy_Sensors/install/brain/bin'
[7.031s] Level 1:colcon.colcon_core.environment:checking '/ExoMy_Sensors/install/brain/lib/pkgconfig/brain.pc'
[7.032s] Level 1:colcon.colcon_core.environment:checking '/ExoMy_Sensors/install/brain/lib/python3.10/site-packages'
[7.033s] Level 1:colcon.colcon_core.shell:create_environment_hook('brain', 'pythonpath')
[7.034s] INFO:colcon.colcon_core.shell:Creating environment hook '/ExoMy_Sensors/install/brain/share/brain/hook/pythonpath.ps1'
[7.037s] INFO:colcon.colcon_core.shell:Creating environment descriptor '/ExoMy_Sensors/install/brain/share/brain/hook/pythonpath.dsv'
[7.040s] INFO:colcon.colcon_core.shell:Creating environment hook '/ExoMy_Sensors/install/brain/share/brain/hook/pythonpath.sh'
[7.044s] Level 1:colcon.colcon_core.environment:checking '/ExoMy_Sensors/install/brain/bin'
[7.045s] Level 1:colcon.colcon_core.environment:create_environment_scripts_only(brain)
[7.046s] INFO:colcon.colcon_core.shell:Creating package script '/ExoMy_Sensors/install/brain/share/brain/package.ps1'
[7.051s] INFO:colcon.colcon_core.shell:Creating package descriptor '/ExoMy_Sensors/install/brain/share/brain/package.dsv'
[7.054s] INFO:colcon.colcon_core.shell:Creating package script '/ExoMy_Sensors/install/brain/share/brain/package.sh'
[7.059s] INFO:colcon.colcon_core.shell:Creating package script '/ExoMy_Sensors/install/brain/share/brain/package.bash'
[7.064s] INFO:colcon.colcon_core.shell:Creating package script '/ExoMy_Sensors/install/brain/share/brain/package.zsh'
[7.069s] Level 1:colcon.colcon_core.environment:create_file_with_runtime_dependencies(/ExoMy_Sensors/install/brain/share/colcon-core/packages/brain)
[7.074s] Level 1:colcon.colcon_core.environment:checking '/ExoMy_Sensors/install/raw_data_publisher' for CMake module files
[7.076s] DEBUG:colcon.colcon_core.event_handler.log_command:Invoked command in '/ExoMy_Sensors/raw_data_publisher' returned '0': PYTHONPATH=/ExoMy_Sensors/build/raw_data_publisher/prefix_override:/usr/lib/python3/dist-packages/colcon_core/task/python/colcon_distutils_commands:/ExoMy_Sensors/install/raw_data_publisher/lib/python3.10/site-packages:${PYTHONPATH} /usr/bin/python3 -W ignore:setup.py install is deprecated -W ignore:easy_install command is deprecated setup.py egg_info --egg-base ../build/raw_data_publisher build --build-base /ExoMy_Sensors/build/raw_data_publisher/build install --record /ExoMy_Sensors/build/raw_data_publisher/install.log --single-version-externally-managed install_data
[7.077s] Level 1:colcon.colcon_core.environment:checking '/ExoMy_Sensors/install/raw_data_publisher' for CMake config files
[7.081s] Level 1:colcon.colcon_core.environment:checking '/ExoMy_Sensors/install/raw_data_publisher/lib'
[7.081s] Level 1:colcon.colcon_core.environment:checking '/ExoMy_Sensors/install/raw_data_publisher/bin'
[7.082s] Level 1:colcon.colcon_core.environment:checking '/ExoMy_Sensors/install/raw_data_publisher/lib/pkgconfig/raw_data_publisher.pc'
[7.082s] Level 1:colcon.colcon_core.environment:checking '/ExoMy_Sensors/install/raw_data_publisher/lib/python3.10/site-packages'
[7.082s] Level 1:colcon.colcon_core.shell:create_environment_hook('raw_data_publisher', 'pythonpath')
[7.083s] INFO:colcon.colcon_core.shell:Creating environment hook '/ExoMy_Sensors/install/raw_data_publisher/share/raw_data_publisher/hook/pythonpath.ps1'
[7.085s] INFO:colcon.colcon_core.shell:Creating environment descriptor '/ExoMy_Sensors/install/raw_data_publisher/share/raw_data_publisher/hook/pythonpath.dsv'
[7.088s] INFO:colcon.colcon_core.shell:Creating environment hook '/ExoMy_Sensors/install/raw_data_publisher/share/raw_data_publisher/hook/pythonpath.sh'
[7.091s] Level 1:colcon.colcon_core.environment:checking '/ExoMy_Sensors/install/raw_data_publisher/bin'
[7.091s] Level 1:colcon.colcon_core.environment:create_environment_scripts_only(raw_data_publisher)
[7.092s] INFO:colcon.colcon_core.shell:Creating package script '/ExoMy_Sensors/install/raw_data_publisher/share/raw_data_publisher/package.ps1'
[7.094s] INFO:colcon.colcon_core.shell:Creating package descriptor '/ExoMy_Sensors/install/raw_data_publisher/share/raw_data_publisher/package.dsv'
[7.095s] INFO:colcon.colcon_core.shell:Creating package script '/ExoMy_Sensors/install/raw_data_publisher/share/raw_data_publisher/package.sh'
[7.097s] INFO:colcon.colcon_core.shell:Creating package script '/ExoMy_Sensors/install/raw_data_publisher/share/raw_data_publisher/package.bash'
[7.099s] INFO:colcon.colcon_core.shell:Creating package script '/ExoMy_Sensors/install/raw_data_publisher/share/raw_data_publisher/package.zsh'
[7.100s] Level 1:colcon.colcon_core.environment:create_file_with_runtime_dependencies(/ExoMy_Sensors/install/raw_data_publisher/share/colcon-core/packages/raw_data_publisher)
[7.102s] Level 1:colcon.colcon_core.environment:checking '/ExoMy_Sensors/install/data_processor' for CMake module files
[7.105s] Level 1:colcon.colcon_core.environment:checking '/ExoMy_Sensors/install/data_processor' for CMake config files
[7.106s] DEBUG:colcon.colcon_core.event_handler.log_command:Invoked command in '/ExoMy_Sensors/data_processor' returned '0': PYTHONPATH=/ExoMy_Sensors/build/data_processor/prefix_override:/usr/lib/python3/dist-packages/colcon_core/task/python/colcon_distutils_commands:/ExoMy_Sensors/install/data_processor/lib/python3.10/site-packages:${PYTHONPATH} /usr/bin/python3 -W ignore:setup.py install is deprecated -W ignore:easy_install command is deprecated setup.py egg_info --egg-base ../build/data_processor build --build-base /ExoMy_Sensors/build/data_processor/build install --record /ExoMy_Sensors/build/data_processor/install.log --single-version-externally-managed install_data
[7.110s] Level 1:colcon.colcon_core.environment:checking '/ExoMy_Sensors/install/data_processor/lib'
[7.111s] Level 1:colcon.colcon_core.environment:checking '/ExoMy_Sensors/install/data_processor/bin'
[7.111s] Level 1:colcon.colcon_core.environment:checking '/ExoMy_Sensors/install/data_processor/lib/pkgconfig/data_processor.pc'
[7.112s] Level 1:colcon.colcon_core.environment:checking '/ExoMy_Sensors/install/data_processor/lib/python3.10/site-packages'
[7.112s] Level 1:colcon.colcon_core.shell:create_environment_hook('data_processor', 'pythonpath')
[7.113s] INFO:colcon.colcon_core.shell:Creating environment hook '/ExoMy_Sensors/install/data_processor/share/data_processor/hook/pythonpath.ps1'
[7.114s] INFO:colcon.colcon_core.shell:Creating environment descriptor '/ExoMy_Sensors/install/data_processor/share/data_processor/hook/pythonpath.dsv'
[7.118s] INFO:colcon.colcon_core.shell:Creating environment hook '/ExoMy_Sensors/install/data_processor/share/data_processor/hook/pythonpath.sh'
[7.120s] Level 1:colcon.colcon_core.environment:checking '/ExoMy_Sensors/install/data_processor/bin'
[7.121s] Level 1:colcon.colcon_core.environment:create_environment_scripts_only(data_processor)
[7.122s] INFO:colcon.colcon_core.shell:Creating package script '/ExoMy_Sensors/install/data_processor/share/data_processor/package.ps1'
[7.124s] INFO:colcon.colcon_core.shell:Creating package descriptor '/ExoMy_Sensors/install/data_processor/share/data_processor/package.dsv'
[7.125s] INFO:colcon.colcon_core.shell:Creating package script '/ExoMy_Sensors/install/data_processor/share/data_processor/package.sh'
[7.127s] INFO:colcon.colcon_core.shell:Creating package script '/ExoMy_Sensors/install/data_processor/share/data_processor/package.bash'
[7.129s] INFO:colcon.colcon_core.shell:Creating package script '/ExoMy_Sensors/install/data_processor/share/data_processor/package.zsh'
[7.131s] Level 1:colcon.colcon_core.environment:create_file_with_runtime_dependencies(/ExoMy_Sensors/install/data_processor/share/colcon-core/packages/data_processor)
[7.132s] DEBUG:colcon.colcon_parallel_executor.executor.parallel:closing loop
[7.133s] DEBUG:colcon.colcon_parallel_executor.executor.parallel:loop closed
[7.133s] DEBUG:colcon.colcon_parallel_executor.executor.parallel:run_until_complete finished with '0'
[7.133s] DEBUG:colcon.colcon_core.event_reactor:joining thread
[7.222s] INFO:colcon.colcon_core.plugin_system:Skipping extension 'colcon_notification.desktop_notification.notify_send': Could not find 'notify-send'
[7.223s] INFO:colcon.colcon_core.plugin_system:Skipping extension 'colcon_notification.desktop_notification.terminal_notifier': Not used on non-Darwin systems
[7.223s] INFO:colcon.colcon_core.plugin_system:Skipping extension 'colcon_notification.desktop_notification.win32': Not used on non-Windows systems
[7.223s] INFO:colcon.colcon_notification.desktop_notification:Sending desktop notification using 'notify2'
[7.223s] DEBUG:colcon.colcon_notification.desktop_notification.notify2:Failed to initialize notify2: org.freedesktop.DBus.Error.NotSupported: Unable to autolaunch a dbus-daemon without a $DISPLAY for X11
[7.223s] DEBUG:colcon.colcon_core.event_reactor:joined thread
[7.224s] INFO:colcon.colcon_core.shell:Creating prefix script '/ExoMy_Sensors/install/local_setup.ps1'
[7.228s] INFO:colcon.colcon_core.shell:Creating prefix util module '/ExoMy_Sensors/install/_local_setup_util_ps1.py'
[7.238s] INFO:colcon.colcon_core.shell:Creating prefix chain script '/ExoMy_Sensors/install/setup.ps1'
[7.242s] INFO:colcon.colcon_core.shell:Creating prefix script '/ExoMy_Sensors/install/local_setup.sh'
[7.249s] INFO:colcon.colcon_core.shell:Creating prefix util module '/ExoMy_Sensors/install/_local_setup_util_sh.py'
[7.251s] INFO:colcon.colcon_core.shell:Creating prefix chain script '/ExoMy_Sensors/install/setup.sh'
[7.256s] INFO:colcon.colcon_core.shell:Creating prefix script '/ExoMy_Sensors/install/local_setup.bash'
[7.259s] INFO:colcon.colcon_core.shell:Creating prefix chain script '/ExoMy_Sensors/install/setup.bash'
[7.264s] INFO:colcon.colcon_core.shell:Creating prefix script '/ExoMy_Sensors/install/local_setup.zsh'
[7.267s] INFO:colcon.colcon_core.shell:Creating prefix chain script '/ExoMy_Sensors/install/setup.zsh'
