[9.818s] Invoking command in '/ExoMy_Sensors/data_processor': PYTHONPATH=/ExoMy_Sensors/build/data_processor/prefix_override:/usr/lib/python3/dist-packages/colcon_core/task/python/colcon_distutils_commands:/ExoMy_Sensors/install/data_processor/lib/python3.10/site-packages:${PYTHONPATH} /usr/bin/python3 -W ignore:setup.py install is deprecated -W ignore:easy_install command is deprecated setup.py egg_info --egg-base ../build/data_processor build --build-base /ExoMy_Sensors/build/data_processor/build install --record /ExoMy_Sensors/build/data_processor/install.log --single-version-externally-managed install_data
[11.826s] running egg_info
[11.828s] writing ../build/data_processor/data_processor.egg-info/PKG-INFO
[11.829s] writing dependency_links to ../build/data_processor/data_processor.egg-info/dependency_links.txt
[11.833s] writing entry points to ../build/data_processor/data_processor.egg-info/entry_points.txt
[11.834s] writing requirements to ../build/data_processor/data_processor.egg-info/requires.txt
[11.840s] writing top-level names to ../build/data_processor/data_processor.egg-info/top_level.txt
[11.845s] reading manifest file '../build/data_processor/data_processor.egg-info/SOURCES.txt'
[11.850s] writing manifest file '../build/data_processor/data_processor.egg-info/SOURCES.txt'
[11.852s] running build
[11.856s] running build_py
[11.857s] running install
[11.857s] running install_lib
[11.871s] running install_data
[11.872s] running install_egg_info
[11.882s] removing '/ExoMy_Sensors/install/data_processor/lib/python3.10/site-packages/data_processor-0.0.0-py3.10.egg-info' (and everything under it)
[11.884s] Copying ../build/data_processor/data_processor.egg-info to /ExoMy_Sensors/install/data_processor/lib/python3.10/site-packages/data_processor-0.0.0-py3.10.egg-info
[11.891s] running install_scripts
[12.008s] Installing imu_data_processor script to /ExoMy_Sensors/install/data_processor/lib/data_processor
[12.010s] Installing tof_data_processor script to /ExoMy_Sensors/install/data_processor/lib/data_processor
[12.012s] writing list of installed files to '/ExoMy_Sensors/build/data_processor/install.log'
[12.236s] Invoked command in '/ExoMy_Sensors/data_processor' returned '0': PYTHONPATH=/ExoMy_Sensors/build/data_processor/prefix_override:/usr/lib/python3/dist-packages/colcon_core/task/python/colcon_distutils_commands:/ExoMy_Sensors/install/data_processor/lib/python3.10/site-packages:${PYTHONPATH} /usr/bin/python3 -W ignore:setup.py install is deprecated -W ignore:easy_install command is deprecated setup.py egg_info --egg-base ../build/data_processor build --build-base /ExoMy_Sensors/build/data_processor/build install --record /ExoMy_Sensors/build/data_processor/install.log --single-version-externally-managed install_data
