[7.333s] Invoking command in '/ExoMy_Sensors/data_processor': PYTHONPATH=/ExoMy_Sensors/build/data_processor/prefix_override:/usr/lib/python3/dist-packages/colcon_core/task/python/colcon_distutils_commands:/ExoMy_Sensors/install/data_processor/lib/python3.10/site-packages:${PYTHONPATH} /usr/bin/python3 -W ignore:setup.py install is deprecated -W ignore:easy_install command is deprecated setup.py egg_info --egg-base ../build/data_processor build --build-base /ExoMy_Sensors/build/data_processor/build install --record /ExoMy_Sensors/build/data_processor/install.log --single-version-externally-managed install_data
[9.064s] running egg_info
[9.065s] writing ../build/data_processor/data_processor.egg-info/PKG-INFO
[9.066s] writing dependency_links to ../build/data_processor/data_processor.egg-info/dependency_links.txt
[9.067s] writing entry points to ../build/data_processor/data_processor.egg-info/entry_points.txt
[9.067s] writing requirements to ../build/data_processor/data_processor.egg-info/requires.txt
[9.068s] writing top-level names to ../build/data_processor/data_processor.egg-info/top_level.txt
[9.078s] reading manifest file '../build/data_processor/data_processor.egg-info/SOURCES.txt'
[9.081s] writing manifest file '../build/data_processor/data_processor.egg-info/SOURCES.txt'
[9.083s] running build
[9.083s] running build_py
[9.084s] running install
[9.085s] running install_lib
[9.091s] running install_data
[9.092s] running install_egg_info
[9.108s] removing '/ExoMy_Sensors/install/data_processor/lib/python3.10/site-packages/data_processor-0.0.0-py3.10.egg-info' (and everything under it)
[9.111s] Copying ../build/data_processor/data_processor.egg-info to /ExoMy_Sensors/install/data_processor/lib/python3.10/site-packages/data_processor-0.0.0-py3.10.egg-info
[9.121s] running install_scripts
[9.222s] Installing imu_data_processor script to /ExoMy_Sensors/install/data_processor/lib/data_processor
[9.224s] Installing tof_data_processor script to /ExoMy_Sensors/install/data_processor/lib/data_processor
[9.224s] writing list of installed files to '/ExoMy_Sensors/build/data_processor/install.log'
[9.439s] Invoked command in '/ExoMy_Sensors/data_processor' returned '0': PYTHONPATH=/ExoMy_Sensors/build/data_processor/prefix_override:/usr/lib/python3/dist-packages/colcon_core/task/python/colcon_distutils_commands:/ExoMy_Sensors/install/data_processor/lib/python3.10/site-packages:${PYTHONPATH} /usr/bin/python3 -W ignore:setup.py install is deprecated -W ignore:easy_install command is deprecated setup.py egg_info --egg-base ../build/data_processor build --build-base /ExoMy_Sensors/build/data_processor/build install --record /ExoMy_Sensors/build/data_processor/install.log --single-version-externally-managed install_data
