[1.420s] DEBUG:colcon:Command line arguments: ['/usr/bin/colcon', 'build']
[1.421s] DEBUG:colcon:Parsed command line arguments: Namespace(log_base=None, log_level=None, verb_name='build', build_base='build', install_base='install', merge_install=False, symlink_install=False, test_result_base=None, continue_on_error=False, executor='parallel', parallel_workers=4, event_handlers=None, ignore_user_meta=False, metas=['./colcon.meta'], base_paths=['.'], packages_ignore=None, packages_ignore_regex=None, paths=None, packages_up_to=None, packages_up_to_regex=None, packages_above=None, packages_above_and_dependencies=None, packages_above_depth=None, packages_select_by_dep=None, packages_skip_by_dep=None, packages_skip_up_to=None, packages_select_build_failed=False, packages_skip_build_finished=False, packages_select_test_failures=False, packages_skip_test_passed=False, packages_select=None, packages_skip=None, packages_select_regex=None, packages_skip_regex=None, packages_start=None, packages_end=None, cmake_args=None, cmake_target=None, cmake_target_skip_unavailable=False, cmake_clean_cache=False, cmake_clean_first=False, cmake_force_configure=False, ament_cmake_args=None, catkin_cmake_args=None, catkin_skip_building_tests=False, mixin_files=None, mixin=None, verb_parser=<colcon_mixin.mixin.mixin_argument.MixinArgumentDecorator object at 0x7f81076140>, verb_extension=<colcon_core.verb.build.BuildVerb object at 0x7f81075bd0>, main=<bound method BuildVerb.main of <colcon_core.verb.build.BuildVerb object at 0x7f81075bd0>>, mixin_verb=('build',))
[2.419s] Level 1:colcon.colcon_core.package_discovery:discover_packages(colcon_meta) check parameters
[2.428s] INFO:colcon.colcon_metadata.package_discovery.colcon_meta:Using configuration from '/root/.colcon/metadata/default/Gazebo.meta'
[2.432s] INFO:colcon.colcon_metadata.package_discovery.colcon_meta:Using configuration from '/root/.colcon/metadata/default/fastrtps.meta'
[2.432s] Level 1:colcon.colcon_core.package_discovery:discover_packages(recursive) check parameters
[2.432s] Level 1:colcon.colcon_core.package_discovery:discover_packages(ignore) check parameters
[2.433s] Level 1:colcon.colcon_core.package_discovery:discover_packages(path) check parameters
[2.433s] Level 1:colcon.colcon_core.package_discovery:discover_packages(colcon_meta) discover
[2.433s] Level 1:colcon.colcon_core.package_discovery:discover_packages(recursive) discover
[2.434s] INFO:colcon.colcon_core.package_discovery:Crawling recursively for packages in '/ExoMy_Sensors'
[2.434s] Level 1:colcon.colcon_core.package_identification:_identify(.) by extensions ['ignore', 'ignore_ament_install']
[2.435s] Level 1:colcon.colcon_core.package_identification:_identify(.) by extension 'ignore'
[2.435s] Level 1:colcon.colcon_core.package_identification:_identify(.) by extension 'ignore_ament_install'
[2.435s] Level 1:colcon.colcon_core.package_identification:_identify(.) by extensions ['colcon_pkg']
[2.436s] Level 1:colcon.colcon_core.package_identification:_identify(.) by extension 'colcon_pkg'
[2.436s] Level 1:colcon.colcon_core.package_identification:_identify(.) by extensions ['colcon_meta']
[2.436s] Level 1:colcon.colcon_core.package_identification:_identify(.) by extension 'colcon_meta'
[2.436s] Level 1:colcon.colcon_core.package_identification:_identify(.) by extensions ['ros']
[2.436s] Level 1:colcon.colcon_core.package_identification:_identify(.) by extension 'ros'
[2.505s] Level 1:colcon.colcon_core.package_identification:_identify(.) by extensions ['cmake', 'python']
[2.505s] Level 1:colcon.colcon_core.package_identification:_identify(.) by extension 'cmake'
[2.505s] Level 1:colcon.colcon_core.package_identification:_identify(.) by extension 'python'
[2.506s] Level 1:colcon.colcon_core.package_identification:_identify(.) by extensions ['python_setup_py']
[2.506s] Level 1:colcon.colcon_core.package_identification:_identify(.) by extension 'python_setup_py'
[2.506s] Level 1:colcon.colcon_core.package_identification:_identify(brain) by extensions ['ignore', 'ignore_ament_install']
[2.507s] Level 1:colcon.colcon_core.package_identification:_identify(brain) by extension 'ignore'
[2.507s] Level 1:colcon.colcon_core.package_identification:_identify(brain) by extension 'ignore_ament_install'
[2.507s] Level 1:colcon.colcon_core.package_identification:_identify(brain) by extensions ['colcon_pkg']
[2.507s] Level 1:colcon.colcon_core.package_identification:_identify(brain) by extension 'colcon_pkg'
[2.508s] Level 1:colcon.colcon_core.package_identification:_identify(brain) by extensions ['colcon_meta']
[2.508s] Level 1:colcon.colcon_core.package_identification:_identify(brain) by extension 'colcon_meta'
[2.508s] Level 1:colcon.colcon_core.package_identification:_identify(brain) by extensions ['ros']
[2.508s] Level 1:colcon.colcon_core.package_identification:_identify(brain) by extension 'ros'
[2.521s] DEBUG:colcon.colcon_core.package_identification:Package 'brain' with type 'ros.ament_python' and name 'brain'
[2.522s] Level 1:colcon.colcon_core.package_identification:_identify(build) by extensions ['ignore', 'ignore_ament_install']
[2.522s] Level 1:colcon.colcon_core.package_identification:_identify(build) by extension 'ignore'
[2.522s] Level 1:colcon.colcon_core.package_identification:_identify(build) ignored
[2.523s] Level 1:colcon.colcon_core.package_identification:_identify(data_processor) by extensions ['ignore', 'ignore_ament_install']
[2.523s] Level 1:colcon.colcon_core.package_identification:_identify(data_processor) by extension 'ignore'
[2.523s] Level 1:colcon.colcon_core.package_identification:_identify(data_processor) by extension 'ignore_ament_install'
[2.524s] Level 1:colcon.colcon_core.package_identification:_identify(data_processor) by extensions ['colcon_pkg']
[2.524s] Level 1:colcon.colcon_core.package_identification:_identify(data_processor) by extension 'colcon_pkg'
[2.524s] Level 1:colcon.colcon_core.package_identification:_identify(data_processor) by extensions ['colcon_meta']
[2.524s] Level 1:colcon.colcon_core.package_identification:_identify(data_processor) by extension 'colcon_meta'
[2.525s] Level 1:colcon.colcon_core.package_identification:_identify(data_processor) by extensions ['ros']
[2.525s] Level 1:colcon.colcon_core.package_identification:_identify(data_processor) by extension 'ros'
[2.529s] DEBUG:colcon.colcon_core.package_identification:Package 'data_processor' with type 'ros.ament_python' and name 'data_processor'
[2.530s] Level 1:colcon.colcon_core.package_identification:_identify(install) by extensions ['ignore', 'ignore_ament_install']
[2.530s] Level 1:colcon.colcon_core.package_identification:_identify(install) by extension 'ignore'
[2.530s] Level 1:colcon.colcon_core.package_identification:_identify(install) ignored
[2.531s] Level 1:colcon.colcon_core.package_identification:_identify(log) by extensions ['ignore', 'ignore_ament_install']
[2.531s] Level 1:colcon.colcon_core.package_identification:_identify(log) by extension 'ignore'
[2.532s] Level 1:colcon.colcon_core.package_identification:_identify(log) ignored
[2.532s] Level 1:colcon.colcon_core.package_identification:_identify(raw_data_publisher) by extensions ['ignore', 'ignore_ament_install']
[2.532s] Level 1:colcon.colcon_core.package_identification:_identify(raw_data_publisher) by extension 'ignore'
[2.533s] Level 1:colcon.colcon_core.package_identification:_identify(raw_data_publisher) by extension 'ignore_ament_install'
[2.533s] Level 1:colcon.colcon_core.package_identification:_identify(raw_data_publisher) by extensions ['colcon_pkg']
[2.533s] Level 1:colcon.colcon_core.package_identification:_identify(raw_data_publisher) by extension 'colcon_pkg'
[2.533s] Level 1:colcon.colcon_core.package_identification:_identify(raw_data_publisher) by extensions ['colcon_meta']
[2.533s] Level 1:colcon.colcon_core.package_identification:_identify(raw_data_publisher) by extension 'colcon_meta'
[2.533s] Level 1:colcon.colcon_core.package_identification:_identify(raw_data_publisher) by extensions ['ros']
[2.534s] Level 1:colcon.colcon_core.package_identification:_identify(raw_data_publisher) by extension 'ros'
[2.537s] DEBUG:colcon.colcon_core.package_identification:Package 'raw_data_publisher' with type 'ros.ament_python' and name 'raw_data_publisher'
[2.538s] Level 1:colcon.colcon_core.package_discovery:discover_packages(recursive) using defaults
[2.538s] Level 1:colcon.colcon_core.package_discovery:discover_packages(ignore) discover
[2.538s] Level 1:colcon.colcon_core.package_discovery:discover_packages(ignore) using defaults
[2.538s] Level 1:colcon.colcon_core.package_discovery:discover_packages(path) discover
[2.538s] Level 1:colcon.colcon_core.package_discovery:discover_packages(path) using defaults
[2.679s] Level 5:colcon.colcon_core.verb:set package 'brain' build argument 'cmake_args' from command line to 'None'
[2.679s] Level 5:colcon.colcon_core.verb:set package 'brain' build argument 'cmake_target' from command line to 'None'
[2.679s] Level 5:colcon.colcon_core.verb:set package 'brain' build argument 'cmake_target_skip_unavailable' from command line to 'False'
[2.679s] Level 5:colcon.colcon_core.verb:set package 'brain' build argument 'cmake_clean_cache' from command line to 'False'
[2.679s] Level 5:colcon.colcon_core.verb:set package 'brain' build argument 'cmake_clean_first' from command line to 'False'
[2.679s] Level 5:colcon.colcon_core.verb:set package 'brain' build argument 'cmake_force_configure' from command line to 'False'
[2.680s] Level 5:colcon.colcon_core.verb:set package 'brain' build argument 'ament_cmake_args' from command line to 'None'
[2.680s] Level 5:colcon.colcon_core.verb:set package 'brain' build argument 'catkin_cmake_args' from command line to 'None'
[2.680s] Level 5:colcon.colcon_core.verb:set package 'brain' build argument 'catkin_skip_building_tests' from command line to 'False'
[2.680s] DEBUG:colcon.colcon_core.verb:Building package 'brain' with the following arguments: {'ament_cmake_args': None, 'build_base': '/ExoMy_Sensors/build/brain', 'catkin_cmake_args': None, 'catkin_skip_building_tests': False, 'cmake_args': None, 'cmake_clean_cache': False, 'cmake_clean_first': False, 'cmake_force_configure': False, 'cmake_target': None, 'cmake_target_skip_unavailable': False, 'install_base': '/ExoMy_Sensors/install/brain', 'merge_install': False, 'path': '/ExoMy_Sensors/brain', 'symlink_install': False, 'test_result_base': None}
[2.681s] Level 5:colcon.colcon_core.verb:set package 'data_processor' build argument 'cmake_args' from command line to 'None'
[2.682s] Level 5:colcon.colcon_core.verb:set package 'data_processor' build argument 'cmake_target' from command line to 'None'
[2.682s] Level 5:colcon.colcon_core.verb:set package 'data_processor' build argument 'cmake_target_skip_unavailable' from command line to 'False'
[2.682s] Level 5:colcon.colcon_core.verb:set package 'data_processor' build argument 'cmake_clean_cache' from command line to 'False'
[2.682s] Level 5:colcon.colcon_core.verb:set package 'data_processor' build argument 'cmake_clean_first' from command line to 'False'
[2.682s] Level 5:colcon.colcon_core.verb:set package 'data_processor' build argument 'cmake_force_configure' from command line to 'False'
[2.682s] Level 5:colcon.colcon_core.verb:set package 'data_processor' build argument 'ament_cmake_args' from command line to 'None'
[2.682s] Level 5:colcon.colcon_core.verb:set package 'data_processor' build argument 'catkin_cmake_args' from command line to 'None'
[2.682s] Level 5:colcon.colcon_core.verb:set package 'data_processor' build argument 'catkin_skip_building_tests' from command line to 'False'
[2.682s] DEBUG:colcon.colcon_core.verb:Building package 'data_processor' with the following arguments: {'ament_cmake_args': None, 'build_base': '/ExoMy_Sensors/build/data_processor', 'catkin_cmake_args': None, 'catkin_skip_building_tests': False, 'cmake_args': None, 'cmake_clean_cache': False, 'cmake_clean_first': False, 'cmake_force_configure': False, 'cmake_target': None, 'cmake_target_skip_unavailable': False, 'install_base': '/ExoMy_Sensors/install/data_processor', 'merge_install': False, 'path': '/ExoMy_Sensors/data_processor', 'symlink_install': False, 'test_result_base': None}
[2.684s] Level 5:colcon.colcon_core.verb:set package 'raw_data_publisher' build argument 'cmake_args' from command line to 'None'
[2.684s] Level 5:colcon.colcon_core.verb:set package 'raw_data_publisher' build argument 'cmake_target' from command line to 'None'
[2.684s] Level 5:colcon.colcon_core.verb:set package 'raw_data_publisher' build argument 'cmake_target_skip_unavailable' from command line to 'False'
[2.684s] Level 5:colcon.colcon_core.verb:set package 'raw_data_publisher' build argument 'cmake_clean_cache' from command line to 'False'
[2.684s] Level 5:colcon.colcon_core.verb:set package 'raw_data_publisher' build argument 'cmake_clean_first' from command line to 'False'
[2.685s] Level 5:colcon.colcon_core.verb:set package 'raw_data_publisher' build argument 'cmake_force_configure' from command line to 'False'
[2.685s] Level 5:colcon.colcon_core.verb:set package 'raw_data_publisher' build argument 'ament_cmake_args' from command line to 'None'
[2.685s] Level 5:colcon.colcon_core.verb:set package 'raw_data_publisher' build argument 'catkin_cmake_args' from command line to 'None'
[2.685s] Level 5:colcon.colcon_core.verb:set package 'raw_data_publisher' build argument 'catkin_skip_building_tests' from command line to 'False'
[2.685s] DEBUG:colcon.colcon_core.verb:Building package 'raw_data_publisher' with the following arguments: {'ament_cmake_args': None, 'build_base': '/ExoMy_Sensors/build/raw_data_publisher', 'catkin_cmake_args': None, 'catkin_skip_building_tests': False, 'cmake_args': None, 'cmake_clean_cache': False, 'cmake_clean_first': False, 'cmake_force_configure': False, 'cmake_target': None, 'cmake_target_skip_unavailable': False, 'install_base': '/ExoMy_Sensors/install/raw_data_publisher', 'merge_install': False, 'path': '/ExoMy_Sensors/raw_data_publisher', 'symlink_install': False, 'test_result_base': None}
[2.685s] INFO:colcon.colcon_core.executor:Executing jobs using 'parallel' executor
[2.689s] DEBUG:colcon.colcon_parallel_executor.executor.parallel:run_until_complete
[2.690s] INFO:colcon.colcon_ros.task.ament_python.build:Building ROS package in '/ExoMy_Sensors/brain' with build type 'ament_python'
[2.691s] Level 1:colcon.colcon_core.shell:create_environment_hook('brain', 'ament_prefix_path')
[2.720s] INFO:colcon.colcon_core.plugin_system:Skipping extension 'colcon_core.shell.bat': Not used on non-Windows systems
[2.721s] INFO:colcon.colcon_core.shell:Creating environment hook '/ExoMy_Sensors/install/brain/share/brain/hook/ament_prefix_path.ps1'
[2.725s] INFO:colcon.colcon_core.shell:Creating environment descriptor '/ExoMy_Sensors/install/brain/share/brain/hook/ament_prefix_path.dsv'
[2.731s] INFO:colcon.colcon_core.shell:Creating environment hook '/ExoMy_Sensors/install/brain/share/brain/hook/ament_prefix_path.sh'
[2.735s] INFO:colcon.colcon_core.shell:Skip shell extension 'powershell' for command environment: Not usable outside of PowerShell
[2.736s] DEBUG:colcon.colcon_core.shell:Skip shell extension 'dsv' for command environment
[2.785s] INFO:colcon.colcon_ros.task.ament_python.build:Building ROS package in '/ExoMy_Sensors/data_processor' with build type 'ament_python'
[2.787s] Level 1:colcon.colcon_core.shell:create_environment_hook('data_processor', 'ament_prefix_path')
[2.792s] INFO:colcon.colcon_core.shell:Creating environment hook '/ExoMy_Sensors/install/data_processor/share/data_processor/hook/ament_prefix_path.ps1'
[2.800s] INFO:colcon.colcon_core.shell:Creating environment descriptor '/ExoMy_Sensors/install/data_processor/share/data_processor/hook/ament_prefix_path.dsv'
[2.807s] INFO:colcon.colcon_core.shell:Creating environment hook '/ExoMy_Sensors/install/data_processor/share/data_processor/hook/ament_prefix_path.sh'
[2.813s] INFO:colcon.colcon_core.shell:Skip shell extension 'powershell' for command environment: Not usable outside of PowerShell
[2.814s] DEBUG:colcon.colcon_core.shell:Skip shell extension 'dsv' for command environment
[2.835s] INFO:colcon.colcon_ros.task.ament_python.build:Building ROS package in '/ExoMy_Sensors/raw_data_publisher' with build type 'ament_python'
[2.836s] Level 1:colcon.colcon_core.shell:create_environment_hook('raw_data_publisher', 'ament_prefix_path')
[2.837s] INFO:colcon.colcon_core.shell:Creating environment hook '/ExoMy_Sensors/install/raw_data_publisher/share/raw_data_publisher/hook/ament_prefix_path.ps1'
[2.845s] INFO:colcon.colcon_core.shell:Creating environment descriptor '/ExoMy_Sensors/install/raw_data_publisher/share/raw_data_publisher/hook/ament_prefix_path.dsv'
[2.848s] INFO:colcon.colcon_core.shell:Creating environment hook '/ExoMy_Sensors/install/raw_data_publisher/share/raw_data_publisher/hook/ament_prefix_path.sh'
[2.856s] INFO:colcon.colcon_core.shell:Skip shell extension 'powershell' for command environment: Not usable outside of PowerShell
[2.857s] DEBUG:colcon.colcon_core.shell:Skip shell extension 'dsv' for command environment
[3.954s] INFO:colcon.colcon_core.task.python.build:Building Python package in '/ExoMy_Sensors/brain'
[3.955s] INFO:colcon.colcon_core.shell:Skip shell extension 'powershell' for command environment: Not usable outside of PowerShell
[3.956s] DEBUG:colcon.colcon_core.shell:Skip shell extension 'dsv' for command environment
[4.705s] INFO:colcon.colcon_core.task.python.build:Building Python package in '/ExoMy_Sensors/data_processor'
[4.706s] INFO:colcon.colcon_core.shell:Skip shell extension 'powershell' for command environment: Not usable outside of PowerShell
[4.706s] DEBUG:colcon.colcon_core.shell:Skip shell extension 'dsv' for command environment
[5.470s] WARNING:colcon.colcon_ros.task.ament_python.build:Package 'raw_data_publisher' doesn't explicitly install a marker in the package index (colcon-ros currently does it implicitly but that fallback will be removed in the future)
[5.471s] WARNING:colcon.colcon_ros.task.ament_python.build:Package 'raw_data_publisher' doesn't explicitly install the 'package.xml' file (colcon-ros currently does it implicitly but that fallback will be removed in the future)
[5.473s] INFO:colcon.colcon_core.task.python.build:Building Python package in '/ExoMy_Sensors/raw_data_publisher'
[5.474s] INFO:colcon.colcon_core.shell:Skip shell extension 'powershell' for command environment: Not usable outside of PowerShell
[5.474s] DEBUG:colcon.colcon_core.shell:Skip shell extension 'dsv' for command environment
[7.187s] DEBUG:colcon.colcon_core.event_handler.log_command:Invoking command in '/ExoMy_Sensors/data_processor': PYTHONPATH=/ExoMy_Sensors/build/data_processor/prefix_override:/usr/lib/python3/dist-packages/colcon_core/task/python/colcon_distutils_commands:/ExoMy_Sensors/install/data_processor/lib/python3.10/site-packages:${PYTHONPATH} /usr/bin/python3 -W ignore:setup.py install is deprecated -W ignore:easy_install command is deprecated setup.py egg_info --egg-base ../build/data_processor build --build-base /ExoMy_Sensors/build/data_processor/build install --record /ExoMy_Sensors/build/data_processor/install.log --single-version-externally-managed install_data
[7.212s] DEBUG:colcon.colcon_core.event_handler.log_command:Invoking command in '/ExoMy_Sensors/raw_data_publisher': PYTHONPATH=/ExoMy_Sensors/build/raw_data_publisher/prefix_override:/usr/lib/python3/dist-packages/colcon_core/task/python/colcon_distutils_commands:/ExoMy_Sensors/install/raw_data_publisher/lib/python3.10/site-packages:${PYTHONPATH} /usr/bin/python3 -W ignore:setup.py install is deprecated -W ignore:easy_install command is deprecated setup.py egg_info --egg-base ../build/raw_data_publisher build --build-base /ExoMy_Sensors/build/raw_data_publisher/build install --record /ExoMy_Sensors/build/raw_data_publisher/install.log --single-version-externally-managed install_data
[7.221s] DEBUG:colcon.colcon_core.event_handler.log_command:Invoking command in '/ExoMy_Sensors/brain': PYTHONPATH=/ExoMy_Sensors/build/brain/prefix_override:/usr/lib/python3/dist-packages/colcon_core/task/python/colcon_distutils_commands:/ExoMy_Sensors/install/brain/lib/python3.10/site-packages:${PYTHONPATH} /usr/bin/python3 -W ignore:setup.py install is deprecated -W ignore:easy_install command is deprecated setup.py egg_info --egg-base ../build/brain build --build-base /ExoMy_Sensors/build/brain/build install --record /ExoMy_Sensors/build/brain/install.log --single-version-externally-managed install_data
[8.399s] DEBUG:colcon.colcon_core.event_handler.log_command:Invoked command in '/ExoMy_Sensors/raw_data_publisher' returned '0': PYTHONPATH=/ExoMy_Sensors/build/raw_data_publisher/prefix_override:/usr/lib/python3/dist-packages/colcon_core/task/python/colcon_distutils_commands:/ExoMy_Sensors/install/raw_data_publisher/lib/python3.10/site-packages:${PYTHONPATH} /usr/bin/python3 -W ignore:setup.py install is deprecated -W ignore:easy_install command is deprecated setup.py egg_info --egg-base ../build/raw_data_publisher build --build-base /ExoMy_Sensors/build/raw_data_publisher/build install --record /ExoMy_Sensors/build/raw_data_publisher/install.log --single-version-externally-managed install_data
[8.445s] Level 1:colcon.colcon_core.environment:checking '/ExoMy_Sensors/install/raw_data_publisher' for CMake module files
[8.452s] Level 1:colcon.colcon_core.environment:checking '/ExoMy_Sensors/install/raw_data_publisher' for CMake config files
[8.456s] Level 1:colcon.colcon_core.environment:checking '/ExoMy_Sensors/install/raw_data_publisher/lib'
[8.457s] Level 1:colcon.colcon_core.environment:checking '/ExoMy_Sensors/install/raw_data_publisher/bin'
[8.459s] Level 1:colcon.colcon_core.environment:checking '/ExoMy_Sensors/install/raw_data_publisher/lib/pkgconfig/raw_data_publisher.pc'
[8.461s] Level 1:colcon.colcon_core.environment:checking '/ExoMy_Sensors/install/raw_data_publisher/lib/python3.10/site-packages'
[8.462s] Level 1:colcon.colcon_core.shell:create_environment_hook('raw_data_publisher', 'pythonpath')
[8.464s] INFO:colcon.colcon_core.shell:Creating environment hook '/ExoMy_Sensors/install/raw_data_publisher/share/raw_data_publisher/hook/pythonpath.ps1'
[8.475s] INFO:colcon.colcon_core.shell:Creating environment descriptor '/ExoMy_Sensors/install/raw_data_publisher/share/raw_data_publisher/hook/pythonpath.dsv'
[8.484s] INFO:colcon.colcon_core.shell:Creating environment hook '/ExoMy_Sensors/install/raw_data_publisher/share/raw_data_publisher/hook/pythonpath.sh'
[8.493s] Level 1:colcon.colcon_core.environment:checking '/ExoMy_Sensors/install/raw_data_publisher/bin'
[8.495s] Level 1:colcon.colcon_core.environment:create_environment_scripts_only(raw_data_publisher)
[8.499s] INFO:colcon.colcon_core.shell:Creating package script '/ExoMy_Sensors/install/raw_data_publisher/share/raw_data_publisher/package.ps1'
[8.511s] INFO:colcon.colcon_core.shell:Creating package descriptor '/ExoMy_Sensors/install/raw_data_publisher/share/raw_data_publisher/package.dsv'
[8.523s] INFO:colcon.colcon_core.shell:Creating package script '/ExoMy_Sensors/install/raw_data_publisher/share/raw_data_publisher/package.sh'
[8.538s] INFO:colcon.colcon_core.shell:Creating package script '/ExoMy_Sensors/install/raw_data_publisher/share/raw_data_publisher/package.bash'
[8.551s] INFO:colcon.colcon_core.shell:Creating package script '/ExoMy_Sensors/install/raw_data_publisher/share/raw_data_publisher/package.zsh'
[8.561s] Level 1:colcon.colcon_core.environment:create_file_with_runtime_dependencies(/ExoMy_Sensors/install/raw_data_publisher/share/colcon-core/packages/raw_data_publisher)
[8.567s] Level 1:colcon.colcon_core.environment:checking '/ExoMy_Sensors/install/data_processor' for CMake module files
[8.570s] DEBUG:colcon.colcon_core.event_handler.log_command:Invoked command in '/ExoMy_Sensors/data_processor' returned '0': PYTHONPATH=/ExoMy_Sensors/build/data_processor/prefix_override:/usr/lib/python3/dist-packages/colcon_core/task/python/colcon_distutils_commands:/ExoMy_Sensors/install/data_processor/lib/python3.10/site-packages:${PYTHONPATH} /usr/bin/python3 -W ignore:setup.py install is deprecated -W ignore:easy_install command is deprecated setup.py egg_info --egg-base ../build/data_processor build --build-base /ExoMy_Sensors/build/data_processor/build install --record /ExoMy_Sensors/build/data_processor/install.log --single-version-externally-managed install_data
[8.572s] Level 1:colcon.colcon_core.environment:checking '/ExoMy_Sensors/install/data_processor' for CMake config files
[8.575s] Level 1:colcon.colcon_core.environment:checking '/ExoMy_Sensors/install/data_processor/lib'
[8.576s] Level 1:colcon.colcon_core.environment:checking '/ExoMy_Sensors/install/data_processor/bin'
[8.577s] Level 1:colcon.colcon_core.environment:checking '/ExoMy_Sensors/install/data_processor/lib/pkgconfig/data_processor.pc'
[8.578s] Level 1:colcon.colcon_core.environment:checking '/ExoMy_Sensors/install/data_processor/lib/python3.10/site-packages'
[8.579s] Level 1:colcon.colcon_core.shell:create_environment_hook('data_processor', 'pythonpath')
[8.581s] INFO:colcon.colcon_core.shell:Creating environment hook '/ExoMy_Sensors/install/data_processor/share/data_processor/hook/pythonpath.ps1'
[8.586s] INFO:colcon.colcon_core.shell:Creating environment descriptor '/ExoMy_Sensors/install/data_processor/share/data_processor/hook/pythonpath.dsv'
[8.590s] INFO:colcon.colcon_core.shell:Creating environment hook '/ExoMy_Sensors/install/data_processor/share/data_processor/hook/pythonpath.sh'
[8.595s] Level 1:colcon.colcon_core.environment:checking '/ExoMy_Sensors/install/data_processor/bin'
[8.595s] Level 1:colcon.colcon_core.environment:create_environment_scripts_only(data_processor)
[8.598s] INFO:colcon.colcon_core.shell:Creating package script '/ExoMy_Sensors/install/data_processor/share/data_processor/package.ps1'
[8.603s] INFO:colcon.colcon_core.shell:Creating package descriptor '/ExoMy_Sensors/install/data_processor/share/data_processor/package.dsv'
[8.607s] INFO:colcon.colcon_core.shell:Creating package script '/ExoMy_Sensors/install/data_processor/share/data_processor/package.sh'
[8.610s] INFO:colcon.colcon_core.shell:Creating package script '/ExoMy_Sensors/install/data_processor/share/data_processor/package.bash'
[8.613s] INFO:colcon.colcon_core.shell:Creating package script '/ExoMy_Sensors/install/data_processor/share/data_processor/package.zsh'
[8.616s] Level 1:colcon.colcon_core.environment:create_file_with_runtime_dependencies(/ExoMy_Sensors/install/data_processor/share/colcon-core/packages/data_processor)
[8.638s] Level 1:colcon.colcon_core.environment:checking '/ExoMy_Sensors/install/brain' for CMake module files
[8.640s] Level 1:colcon.colcon_core.environment:checking '/ExoMy_Sensors/install/brain' for CMake config files
[8.642s] DEBUG:colcon.colcon_core.event_handler.log_command:Invoked command in '/ExoMy_Sensors/brain' returned '0': PYTHONPATH=/ExoMy_Sensors/build/brain/prefix_override:/usr/lib/python3/dist-packages/colcon_core/task/python/colcon_distutils_commands:/ExoMy_Sensors/install/brain/lib/python3.10/site-packages:${PYTHONPATH} /usr/bin/python3 -W ignore:setup.py install is deprecated -W ignore:easy_install command is deprecated setup.py egg_info --egg-base ../build/brain build --build-base /ExoMy_Sensors/build/brain/build install --record /ExoMy_Sensors/build/brain/install.log --single-version-externally-managed install_data
[8.644s] Level 1:colcon.colcon_core.environment:checking '/ExoMy_Sensors/install/brain/lib'
[8.644s] Level 1:colcon.colcon_core.environment:checking '/ExoMy_Sensors/install/brain/bin'
[8.645s] Level 1:colcon.colcon_core.environment:checking '/ExoMy_Sensors/install/brain/lib/pkgconfig/brain.pc'
[8.646s] Level 1:colcon.colcon_core.environment:checking '/ExoMy_Sensors/install/brain/lib/python3.10/site-packages'
[8.646s] Level 1:colcon.colcon_core.shell:create_environment_hook('brain', 'pythonpath')
[8.647s] INFO:colcon.colcon_core.shell:Creating environment hook '/ExoMy_Sensors/install/brain/share/brain/hook/pythonpath.ps1'
[8.649s] INFO:colcon.colcon_core.shell:Creating environment descriptor '/ExoMy_Sensors/install/brain/share/brain/hook/pythonpath.dsv'
[8.652s] INFO:colcon.colcon_core.shell:Creating environment hook '/ExoMy_Sensors/install/brain/share/brain/hook/pythonpath.sh'
[8.655s] Level 1:colcon.colcon_core.environment:checking '/ExoMy_Sensors/install/brain/bin'
[8.655s] Level 1:colcon.colcon_core.environment:create_environment_scripts_only(brain)
[8.657s] INFO:colcon.colcon_core.shell:Creating package script '/ExoMy_Sensors/install/brain/share/brain/package.ps1'
[8.660s] INFO:colcon.colcon_core.shell:Creating package descriptor '/ExoMy_Sensors/install/brain/share/brain/package.dsv'
[8.664s] INFO:colcon.colcon_core.shell:Creating package script '/ExoMy_Sensors/install/brain/share/brain/package.sh'
[8.670s] INFO:colcon.colcon_core.shell:Creating package script '/ExoMy_Sensors/install/brain/share/brain/package.bash'
[8.672s] INFO:colcon.colcon_core.shell:Creating package script '/ExoMy_Sensors/install/brain/share/brain/package.zsh'
[8.674s] Level 1:colcon.colcon_core.environment:create_file_with_runtime_dependencies(/ExoMy_Sensors/install/brain/share/colcon-core/packages/brain)
[8.679s] DEBUG:colcon.colcon_parallel_executor.executor.parallel:closing loop
[8.680s] DEBUG:colcon.colcon_parallel_executor.executor.parallel:loop closed
[8.681s] DEBUG:colcon.colcon_parallel_executor.executor.parallel:run_until_complete finished with '0'
[8.681s] DEBUG:colcon.colcon_core.event_reactor:joining thread
[8.777s] INFO:colcon.colcon_core.plugin_system:Skipping extension 'colcon_notification.desktop_notification.notify_send': Could not find 'notify-send'
[8.777s] INFO:colcon.colcon_core.plugin_system:Skipping extension 'colcon_notification.desktop_notification.terminal_notifier': Not used on non-Darwin systems
[8.778s] INFO:colcon.colcon_core.plugin_system:Skipping extension 'colcon_notification.desktop_notification.win32': Not used on non-Windows systems
[8.778s] INFO:colcon.colcon_notification.desktop_notification:Sending desktop notification using 'notify2'
[8.778s] DEBUG:colcon.colcon_notification.desktop_notification.notify2:Failed to initialize notify2: org.freedesktop.DBus.Error.NotSupported: Unable to autolaunch a dbus-daemon without a $DISPLAY for X11
[8.778s] DEBUG:colcon.colcon_core.event_reactor:joined thread
[8.779s] INFO:colcon.colcon_core.shell:Creating prefix script '/ExoMy_Sensors/install/local_setup.ps1'
[8.784s] INFO:colcon.colcon_core.shell:Creating prefix util module '/ExoMy_Sensors/install/_local_setup_util_ps1.py'
[8.791s] INFO:colcon.colcon_core.shell:Creating prefix chain script '/ExoMy_Sensors/install/setup.ps1'
[8.796s] INFO:colcon.colcon_core.shell:Creating prefix script '/ExoMy_Sensors/install/local_setup.sh'
[8.803s] INFO:colcon.colcon_core.shell:Creating prefix util module '/ExoMy_Sensors/install/_local_setup_util_sh.py'
[8.806s] INFO:colcon.colcon_core.shell:Creating prefix chain script '/ExoMy_Sensors/install/setup.sh'
[8.811s] INFO:colcon.colcon_core.shell:Creating prefix script '/ExoMy_Sensors/install/local_setup.bash'
[8.817s] INFO:colcon.colcon_core.shell:Creating prefix chain script '/ExoMy_Sensors/install/setup.bash'
[8.822s] INFO:colcon.colcon_core.shell:Creating prefix script '/ExoMy_Sensors/install/local_setup.zsh'
[8.826s] INFO:colcon.colcon_core.shell:Creating prefix chain script '/ExoMy_Sensors/install/setup.zsh'
