[0.400s] DEBUG:colcon:Command line arguments: ['/usr/bin/colcon', 'build', '--symlink-install']
[0.401s] DEBUG:colcon:Parsed command line arguments: Namespace(log_base=None, log_level=None, verb_name='build', build_base='build', install_base='install', merge_install=False, symlink_install=True, test_result_base=None, continue_on_error=False, executor='parallel', parallel_workers=4, event_handlers=None, ignore_user_meta=False, metas=['./colcon.meta'], base_paths=['.'], packages_ignore=None, packages_ignore_regex=None, paths=None, packages_up_to=None, packages_up_to_regex=None, packages_above=None, packages_above_and_dependencies=None, packages_above_depth=None, packages_select_by_dep=None, packages_skip_by_dep=None, packages_skip_up_to=None, packages_select_build_failed=False, packages_skip_build_finished=False, packages_select_test_failures=False, packages_skip_test_passed=False, packages_select=None, packages_skip=None, packages_select_regex=None, packages_skip_regex=None, packages_start=None, packages_end=None, cmake_args=None, cmake_target=None, cmake_target_skip_unavailable=False, cmake_clean_cache=False, cmake_clean_first=False, cmake_force_configure=False, ament_cmake_args=None, catkin_cmake_args=None, catkin_skip_building_tests=False, mixin_files=None, mixin=None, verb_parser=<colcon_mixin.mixin.mixin_argument.MixinArgumentDecorator object at 0x7fa47da320>, verb_extension=<colcon_core.verb.build.BuildVerb object at 0x7fa47d9d50>, main=<bound method BuildVerb.main of <colcon_core.verb.build.BuildVerb object at 0x7fa47d9d50>>, mixin_verb=('build',))
[0.795s] Level 1:colcon.colcon_core.package_discovery:discover_packages(colcon_meta) check parameters
[0.798s] INFO:colcon.colcon_metadata.package_discovery.colcon_meta:Using configuration from '/root/.colcon/metadata/default/Gazebo.meta'
[0.800s] INFO:colcon.colcon_metadata.package_discovery.colcon_meta:Using configuration from '/root/.colcon/metadata/default/fastrtps.meta'
[0.800s] Level 1:colcon.colcon_core.package_discovery:discover_packages(recursive) check parameters
[0.800s] Level 1:colcon.colcon_core.package_discovery:discover_packages(ignore) check parameters
[0.800s] Level 1:colcon.colcon_core.package_discovery:discover_packages(path) check parameters
[0.800s] Level 1:colcon.colcon_core.package_discovery:discover_packages(colcon_meta) discover
[0.801s] Level 1:colcon.colcon_core.package_discovery:discover_packages(recursive) discover
[0.801s] INFO:colcon.colcon_core.package_discovery:Crawling recursively for packages in '/ros2_ws/src/raw_data_publisher'
[0.801s] Level 1:colcon.colcon_core.package_identification:_identify(.) by extensions ['ignore', 'ignore_ament_install']
[0.801s] Level 1:colcon.colcon_core.package_identification:_identify(.) by extension 'ignore'
[0.802s] Level 1:colcon.colcon_core.package_identification:_identify(.) by extension 'ignore_ament_install'
[0.802s] Level 1:colcon.colcon_core.package_identification:_identify(.) by extensions ['colcon_pkg']
[0.802s] Level 1:colcon.colcon_core.package_identification:_identify(.) by extension 'colcon_pkg'
[0.802s] Level 1:colcon.colcon_core.package_identification:_identify(.) by extensions ['colcon_meta']
[0.802s] Level 1:colcon.colcon_core.package_identification:_identify(.) by extension 'colcon_meta'
[0.802s] Level 1:colcon.colcon_core.package_identification:_identify(.) by extensions ['ros']
[0.802s] Level 1:colcon.colcon_core.package_identification:_identify(.) by extension 'ros'
[0.850s] DEBUG:colcon.colcon_core.package_identification:Package '.' with type 'ros.ament_python' and name 'raw_data_publisher'
[0.850s] Level 1:colcon.colcon_core.package_discovery:discover_packages(recursive) using defaults
[0.850s] Level 1:colcon.colcon_core.package_discovery:discover_packages(ignore) discover
[0.850s] Level 1:colcon.colcon_core.package_discovery:discover_packages(ignore) using defaults
[0.850s] Level 1:colcon.colcon_core.package_discovery:discover_packages(path) discover
[0.850s] Level 1:colcon.colcon_core.package_discovery:discover_packages(path) using defaults
[0.921s] Level 5:colcon.colcon_core.verb:set package 'raw_data_publisher' build argument 'cmake_args' from command line to 'None'
[0.922s] Level 5:colcon.colcon_core.verb:set package 'raw_data_publisher' build argument 'cmake_target' from command line to 'None'
[0.922s] Level 5:colcon.colcon_core.verb:set package 'raw_data_publisher' build argument 'cmake_target_skip_unavailable' from command line to 'False'
[0.922s] Level 5:colcon.colcon_core.verb:set package 'raw_data_publisher' build argument 'cmake_clean_cache' from command line to 'False'
[0.922s] Level 5:colcon.colcon_core.verb:set package 'raw_data_publisher' build argument 'cmake_clean_first' from command line to 'False'
[0.922s] Level 5:colcon.colcon_core.verb:set package 'raw_data_publisher' build argument 'cmake_force_configure' from command line to 'False'
[0.922s] Level 5:colcon.colcon_core.verb:set package 'raw_data_publisher' build argument 'ament_cmake_args' from command line to 'None'
[0.922s] Level 5:colcon.colcon_core.verb:set package 'raw_data_publisher' build argument 'catkin_cmake_args' from command line to 'None'
[0.922s] Level 5:colcon.colcon_core.verb:set package 'raw_data_publisher' build argument 'catkin_skip_building_tests' from command line to 'False'
[0.922s] DEBUG:colcon.colcon_core.verb:Building package 'raw_data_publisher' with the following arguments: {'ament_cmake_args': None, 'build_base': '/ros2_ws/src/raw_data_publisher/build/raw_data_publisher', 'catkin_cmake_args': None, 'catkin_skip_building_tests': False, 'cmake_args': None, 'cmake_clean_cache': False, 'cmake_clean_first': False, 'cmake_force_configure': False, 'cmake_target': None, 'cmake_target_skip_unavailable': False, 'install_base': '/ros2_ws/src/raw_data_publisher/install/raw_data_publisher', 'merge_install': False, 'path': '/ros2_ws/src/raw_data_publisher', 'symlink_install': True, 'test_result_base': None}
[0.923s] INFO:colcon.colcon_core.executor:Executing jobs using 'parallel' executor
[0.926s] DEBUG:colcon.colcon_parallel_executor.executor.parallel:run_until_complete
[0.927s] INFO:colcon.colcon_ros.task.ament_python.build:Building ROS package in '/ros2_ws/src/raw_data_publisher' with build type 'ament_python'
[0.928s] Level 1:colcon.colcon_core.shell:create_environment_hook('raw_data_publisher', 'ament_prefix_path')
[0.935s] INFO:colcon.colcon_core.plugin_system:Skipping extension 'colcon_core.shell.bat': Not used on non-Windows systems
[0.936s] INFO:colcon.colcon_core.shell:Creating environment hook '/ros2_ws/src/raw_data_publisher/install/raw_data_publisher/share/raw_data_publisher/hook/ament_prefix_path.ps1'
[0.938s] INFO:colcon.colcon_core.shell:Creating environment descriptor '/ros2_ws/src/raw_data_publisher/install/raw_data_publisher/share/raw_data_publisher/hook/ament_prefix_path.dsv'
[0.940s] INFO:colcon.colcon_core.shell:Creating environment hook '/ros2_ws/src/raw_data_publisher/install/raw_data_publisher/share/raw_data_publisher/hook/ament_prefix_path.sh'
[0.942s] INFO:colcon.colcon_core.shell:Skip shell extension 'powershell' for command environment: Not usable outside of PowerShell
[0.943s] DEBUG:colcon.colcon_core.shell:Skip shell extension 'dsv' for command environment
[1.677s] INFO:colcon.colcon_core.task.python.build:Building Python package in '/ros2_ws/src/raw_data_publisher'
[1.678s] INFO:colcon.colcon_core.shell:Skip shell extension 'powershell' for command environment: Not usable outside of PowerShell
[1.678s] DEBUG:colcon.colcon_core.shell:Skip shell extension 'dsv' for command environment
[2.664s] DEBUG:colcon.colcon_core.event_handler.log_command:Invoking command in '/ros2_ws/src/raw_data_publisher/build/raw_data_publisher': PYTHONPATH=/ros2_ws/src/raw_data_publisher/build/raw_data_publisher/prefix_override:/usr/lib/python3/dist-packages/colcon_core/task/python/colcon_distutils_commands:/ros2_ws/src/raw_data_publisher/install/raw_data_publisher/lib/python3.10/site-packages:${PYTHONPATH} /usr/bin/python3 -W ignore:setup.py install is deprecated -W ignore:easy_install command is deprecated setup.py develop --editable --build-directory /ros2_ws/src/raw_data_publisher/build/raw_data_publisher/build --no-deps symlink_data
[3.813s] Level 1:colcon.colcon_core.shell:create_environment_hook('raw_data_publisher', 'pythonpath_develop')
[3.814s] INFO:colcon.colcon_core.shell:Creating environment hook '/ros2_ws/src/raw_data_publisher/build/raw_data_publisher/share/raw_data_publisher/hook/pythonpath_develop.ps1'
[3.815s] DEBUG:colcon.colcon_core.event_handler.log_command:Invoked command in '/ros2_ws/src/raw_data_publisher/build/raw_data_publisher' returned '0': PYTHONPATH=/ros2_ws/src/raw_data_publisher/build/raw_data_publisher/prefix_override:/usr/lib/python3/dist-packages/colcon_core/task/python/colcon_distutils_commands:/ros2_ws/src/raw_data_publisher/install/raw_data_publisher/lib/python3.10/site-packages:${PYTHONPATH} /usr/bin/python3 -W ignore:setup.py install is deprecated -W ignore:easy_install command is deprecated setup.py develop --editable --build-directory /ros2_ws/src/raw_data_publisher/build/raw_data_publisher/build --no-deps symlink_data
[3.816s] INFO:colcon.colcon_core.shell:Creating environment descriptor '/ros2_ws/src/raw_data_publisher/build/raw_data_publisher/share/raw_data_publisher/hook/pythonpath_develop.dsv'
[3.818s] INFO:colcon.colcon_core.shell:Creating environment hook '/ros2_ws/src/raw_data_publisher/build/raw_data_publisher/share/raw_data_publisher/hook/pythonpath_develop.sh'
[3.827s] Level 1:colcon.colcon_core.environment:checking '/ros2_ws/src/raw_data_publisher/install/raw_data_publisher' for CMake module files
[3.828s] Level 1:colcon.colcon_core.environment:checking '/ros2_ws/src/raw_data_publisher/install/raw_data_publisher' for CMake config files
[3.830s] Level 1:colcon.colcon_core.environment:checking '/ros2_ws/src/raw_data_publisher/install/raw_data_publisher/lib'
[3.830s] Level 1:colcon.colcon_core.environment:checking '/ros2_ws/src/raw_data_publisher/install/raw_data_publisher/bin'
[3.831s] Level 1:colcon.colcon_core.environment:checking '/ros2_ws/src/raw_data_publisher/install/raw_data_publisher/lib/pkgconfig/raw_data_publisher.pc'
[3.831s] Level 1:colcon.colcon_core.environment:checking '/ros2_ws/src/raw_data_publisher/install/raw_data_publisher/lib/python3.10/site-packages'
[3.832s] Level 1:colcon.colcon_core.shell:create_environment_hook('raw_data_publisher', 'pythonpath')
[3.832s] INFO:colcon.colcon_core.shell:Creating environment hook '/ros2_ws/src/raw_data_publisher/install/raw_data_publisher/share/raw_data_publisher/hook/pythonpath.ps1'
[3.834s] INFO:colcon.colcon_core.shell:Creating environment descriptor '/ros2_ws/src/raw_data_publisher/install/raw_data_publisher/share/raw_data_publisher/hook/pythonpath.dsv'
[3.835s] INFO:colcon.colcon_core.shell:Creating environment hook '/ros2_ws/src/raw_data_publisher/install/raw_data_publisher/share/raw_data_publisher/hook/pythonpath.sh'
[3.837s] Level 1:colcon.colcon_core.environment:checking '/ros2_ws/src/raw_data_publisher/install/raw_data_publisher/bin'
[3.837s] Level 1:colcon.colcon_core.environment:create_environment_scripts_only(raw_data_publisher)
[3.838s] INFO:colcon.colcon_core.shell:Creating package script '/ros2_ws/src/raw_data_publisher/install/raw_data_publisher/share/raw_data_publisher/package.ps1'
[3.842s] INFO:colcon.colcon_core.shell:Creating package descriptor '/ros2_ws/src/raw_data_publisher/install/raw_data_publisher/share/raw_data_publisher/package.dsv'
[3.844s] INFO:colcon.colcon_core.shell:Creating package script '/ros2_ws/src/raw_data_publisher/install/raw_data_publisher/share/raw_data_publisher/package.sh'
[3.847s] INFO:colcon.colcon_core.shell:Creating package script '/ros2_ws/src/raw_data_publisher/install/raw_data_publisher/share/raw_data_publisher/package.bash'
[3.850s] INFO:colcon.colcon_core.shell:Creating package script '/ros2_ws/src/raw_data_publisher/install/raw_data_publisher/share/raw_data_publisher/package.zsh'
[3.853s] Level 1:colcon.colcon_core.environment:create_file_with_runtime_dependencies(/ros2_ws/src/raw_data_publisher/install/raw_data_publisher/share/colcon-core/packages/raw_data_publisher)
[3.854s] DEBUG:colcon.colcon_parallel_executor.executor.parallel:closing loop
[3.855s] DEBUG:colcon.colcon_parallel_executor.executor.parallel:loop closed
[3.855s] DEBUG:colcon.colcon_parallel_executor.executor.parallel:run_until_complete finished with '0'
[3.856s] DEBUG:colcon.colcon_core.event_reactor:joining thread
[3.872s] INFO:colcon.colcon_core.plugin_system:Skipping extension 'colcon_notification.desktop_notification.notify_send': Could not find 'notify-send'
[3.873s] INFO:colcon.colcon_core.plugin_system:Skipping extension 'colcon_notification.desktop_notification.terminal_notifier': Not used on non-Darwin systems
[3.873s] INFO:colcon.colcon_core.plugin_system:Skipping extension 'colcon_notification.desktop_notification.win32': Not used on non-Windows systems
[3.873s] INFO:colcon.colcon_notification.desktop_notification:Sending desktop notification using 'notify2'
[3.873s] DEBUG:colcon.colcon_notification.desktop_notification.notify2:Failed to initialize notify2: org.freedesktop.DBus.Error.NotSupported: Unable to autolaunch a dbus-daemon without a $DISPLAY for X11
[3.874s] DEBUG:colcon.colcon_core.event_reactor:joined thread
[3.874s] INFO:colcon.colcon_core.shell:Creating prefix script '/ros2_ws/src/raw_data_publisher/install/local_setup.ps1'
[3.878s] INFO:colcon.colcon_core.shell:Creating prefix util module '/ros2_ws/src/raw_data_publisher/install/_local_setup_util_ps1.py'
[3.882s] INFO:colcon.colcon_core.shell:Creating prefix chain script '/ros2_ws/src/raw_data_publisher/install/setup.ps1'
[3.886s] INFO:colcon.colcon_core.shell:Creating prefix script '/ros2_ws/src/raw_data_publisher/install/local_setup.sh'
[3.888s] INFO:colcon.colcon_core.shell:Creating prefix util module '/ros2_ws/src/raw_data_publisher/install/_local_setup_util_sh.py'
[3.890s] INFO:colcon.colcon_core.shell:Creating prefix chain script '/ros2_ws/src/raw_data_publisher/install/setup.sh'
[3.894s] INFO:colcon.colcon_core.shell:Creating prefix script '/ros2_ws/src/raw_data_publisher/install/local_setup.bash'
[3.895s] INFO:colcon.colcon_core.shell:Creating prefix chain script '/ros2_ws/src/raw_data_publisher/install/setup.bash'
[3.899s] INFO:colcon.colcon_core.shell:Creating prefix script '/ros2_ws/src/raw_data_publisher/install/local_setup.zsh'
[3.901s] INFO:colcon.colcon_core.shell:Creating prefix chain script '/ros2_ws/src/raw_data_publisher/install/setup.zsh'
