[3.899s] Invoking command in '/ExoMy_Sensors/brain': PYTHONPATH=/ExoMy_Sensors/build/brain/prefix_override:/usr/lib/python3/dist-packages/colcon_core/task/python/colcon_distutils_commands:/ExoMy_Sensors/install/brain/lib/python3.10/site-packages:${PYTHONPATH} /usr/bin/python3 -W ignore:setup.py install is deprecated -W ignore:easy_install command is deprecated setup.py egg_info --egg-base ../build/brain build --build-base /ExoMy_Sensors/build/brain/build install --record /ExoMy_Sensors/build/brain/install.log --single-version-externally-managed install_data
[4.776s] running egg_info
[4.781s] writing ../build/brain/brain.egg-info/PKG-INFO
[4.783s] writing dependency_links to ../build/brain/brain.egg-info/dependency_links.txt
[4.789s] writing entry points to ../build/brain/brain.egg-info/entry_points.txt
[4.790s] writing requirements to ../build/brain/brain.egg-info/requires.txt
[4.791s] writing top-level names to ../build/brain/brain.egg-info/top_level.txt
[4.802s] reading manifest file '../build/brain/brain.egg-info/SOURCES.txt'
[4.810s] writing manifest file '../build/brain/brain.egg-info/SOURCES.txt'
[4.811s] running build
[4.811s] running build_py
[4.812s] running install
[4.818s] running install_lib
[4.818s] running install_data
[4.822s] running install_egg_info
[4.834s] removing '/ExoMy_Sensors/install/brain/lib/python3.10/site-packages/brain-0.0.0-py3.10.egg-info' (and everything under it)
[4.836s] Copying ../build/brain/brain.egg-info to /ExoMy_Sensors/install/brain/lib/python3.10/site-packages/brain-0.0.0-py3.10.egg-info
[4.842s] running install_scripts
[4.963s] writing list of installed files to '/ExoMy_Sensors/build/brain/install.log'
[5.260s] Invoked command in '/ExoMy_Sensors/brain' returned '0': PYTHONPATH=/ExoMy_Sensors/build/brain/prefix_override:/usr/lib/python3/dist-packages/colcon_core/task/python/colcon_distutils_commands:/ExoMy_Sensors/install/brain/lib/python3.10/site-packages:${PYTHONPATH} /usr/bin/python3 -W ignore:setup.py install is deprecated -W ignore:easy_install command is deprecated setup.py egg_info --egg-base ../build/brain build --build-base /ExoMy_Sensors/build/brain/build install --record /ExoMy_Sensors/build/brain/install.log --single-version-externally-managed install_data
