[3.837s] Invoking command in '/ExoMy_Sensors/raw_data_publisher': PYTHONPATH=/ExoMy_Sensors/build/raw_data_publisher/prefix_override:/usr/lib/python3/dist-packages/colcon_core/task/python/colcon_distutils_commands:/ExoMy_Sensors/install/raw_data_publisher/lib/python3.10/site-packages:${PYTHONPATH} /usr/bin/python3 -W ignore:setup.py install is deprecated -W ignore:easy_install command is deprecated setup.py egg_info --egg-base ../build/raw_data_publisher build --build-base /ExoMy_Sensors/build/raw_data_publisher/build install --record /ExoMy_Sensors/build/raw_data_publisher/install.log --single-version-externally-managed install_data
[4.762s] running egg_info
[4.763s] writing ../build/raw_data_publisher/raw_data_publisher.egg-info/PKG-INFO
[4.776s] writing dependency_links to ../build/raw_data_publisher/raw_data_publisher.egg-info/dependency_links.txt
[4.777s] writing entry points to ../build/raw_data_publisher/raw_data_publisher.egg-info/entry_points.txt
[4.782s] writing requirements to ../build/raw_data_publisher/raw_data_publisher.egg-info/requires.txt
[4.783s] writing top-level names to ../build/raw_data_publisher/raw_data_publisher.egg-info/top_level.txt
[4.788s] reading manifest file '../build/raw_data_publisher/raw_data_publisher.egg-info/SOURCES.txt'
[4.791s] writing manifest file '../build/raw_data_publisher/raw_data_publisher.egg-info/SOURCES.txt'
[4.792s] running build
[4.792s] running build_py
[4.794s] running install
[4.796s] running install_lib
[4.802s] running install_data
[4.803s] running install_egg_info
[4.814s] removing '/ExoMy_Sensors/install/raw_data_publisher/lib/python3.10/site-packages/raw_data_publisher-0.0.0-py3.10.egg-info' (and everything under it)
[4.816s] Copying ../build/raw_data_publisher/raw_data_publisher.egg-info to /ExoMy_Sensors/install/raw_data_publisher/lib/python3.10/site-packages/raw_data_publisher-0.0.0-py3.10.egg-info
[4.819s] running install_scripts
[4.922s] Installing imu_publisher script to /ExoMy_Sensors/install/raw_data_publisher/lib/raw_data_publisher
[4.930s] Installing tof_publisher script to /ExoMy_Sensors/install/raw_data_publisher/lib/raw_data_publisher
[4.939s] writing list of installed files to '/ExoMy_Sensors/build/raw_data_publisher/install.log'
[5.250s] Invoked command in '/ExoMy_Sensors/raw_data_publisher' returned '0': PYTHONPATH=/ExoMy_Sensors/build/raw_data_publisher/prefix_override:/usr/lib/python3/dist-packages/colcon_core/task/python/colcon_distutils_commands:/ExoMy_Sensors/install/raw_data_publisher/lib/python3.10/site-packages:${PYTHONPATH} /usr/bin/python3 -W ignore:setup.py install is deprecated -W ignore:easy_install command is deprecated setup.py egg_info --egg-base ../build/raw_data_publisher build --build-base /ExoMy_Sensors/build/raw_data_publisher/build install --record /ExoMy_Sensors/build/raw_data_publisher/install.log --single-version-externally-managed install_data
