[3.830s] Invoking command in '/ExoMy_Sensors/data_processor': PYTHONPATH=/ExoMy_Sensors/build/data_processor/prefix_override:/usr/lib/python3/dist-packages/colcon_core/task/python/colcon_distutils_commands:/ExoMy_Sensors/install/data_processor/lib/python3.10/site-packages:${PYTHONPATH} /usr/bin/python3 -W ignore:setup.py install is deprecated -W ignore:easy_install command is deprecated setup.py egg_info --egg-base ../build/data_processor build --build-base /ExoMy_Sensors/build/data_processor/build install --record /ExoMy_Sensors/build/data_processor/install.log --single-version-externally-managed install_data
[4.684s] running egg_info
[4.688s] writing ../build/data_processor/data_processor.egg-info/PKG-INFO
[4.695s] writing dependency_links to ../build/data_processor/data_processor.egg-info/dependency_links.txt
[4.699s] writing entry points to ../build/data_processor/data_processor.egg-info/entry_points.txt
[4.701s] writing requirements to ../build/data_processor/data_processor.egg-info/requires.txt
[4.701s] writing top-level names to ../build/data_processor/data_processor.egg-info/top_level.txt
[4.707s] reading manifest file '../build/data_processor/data_processor.egg-info/SOURCES.txt'
[4.715s] writing manifest file '../build/data_processor/data_processor.egg-info/SOURCES.txt'
[4.715s] running build
[4.716s] running build_py
[4.739s] running install
[4.742s] running install_lib
[4.749s] running install_data
[4.752s] running install_egg_info
[4.766s] removing '/ExoMy_Sensors/install/data_processor/lib/python3.10/site-packages/data_processor-0.0.0-py3.10.egg-info' (and everything under it)
[4.769s] Copying ../build/data_processor/data_processor.egg-info to /ExoMy_Sensors/install/data_processor/lib/python3.10/site-packages/data_processor-0.0.0-py3.10.egg-info
[4.775s] running install_scripts
[4.864s] Installing imu_data_processor script to /ExoMy_Sensors/install/data_processor/lib/data_processor
[4.865s] Installing tof_data_processor script to /ExoMy_Sensors/install/data_processor/lib/data_processor
[4.874s] writing list of installed files to '/ExoMy_Sensors/build/data_processor/install.log'
[5.234s] Invoked command in '/ExoMy_Sensors/data_processor' returned '0': PYTHONPATH=/ExoMy_Sensors/build/data_processor/prefix_override:/usr/lib/python3/dist-packages/colcon_core/task/python/colcon_distutils_commands:/ExoMy_Sensors/install/data_processor/lib/python3.10/site-packages:${PYTHONPATH} /usr/bin/python3 -W ignore:setup.py install is deprecated -W ignore:easy_install command is deprecated setup.py egg_info --egg-base ../build/data_processor build --build-base /ExoMy_Sensors/build/data_processor/build install --record /ExoMy_Sensors/build/data_processor/install.log --single-version-externally-managed install_data
