[3.930s] Invoking command in '/ExoMy_Sensors/raw_data_publisher': PYTHONPATH=/ExoMy_Sensors/build/raw_data_publisher/prefix_override:/usr/lib/python3/dist-packages/colcon_core/task/python/colcon_distutils_commands:/ExoMy_Sensors/install/raw_data_publisher/lib/python3.10/site-packages:${PYTHONPATH} /usr/bin/python3 -W ignore:setup.py install is deprecated -W ignore:easy_install command is deprecated setup.py egg_info --egg-base ../build/raw_data_publisher build --build-base /ExoMy_Sensors/build/raw_data_publisher/build install --record /ExoMy_Sensors/build/raw_data_publisher/install.log --single-version-externally-managed install_data
[4.813s] running egg_info
[4.813s] writing ../build/raw_data_publisher/raw_data_publisher.egg-info/PKG-INFO
[4.814s] writing dependency_links to ../build/raw_data_publisher/raw_data_publisher.egg-info/dependency_links.txt
[4.817s] writing entry points to ../build/raw_data_publisher/raw_data_publisher.egg-info/entry_points.txt
[4.819s] writing requirements to ../build/raw_data_publisher/raw_data_publisher.egg-info/requires.txt
[4.821s] writing top-level names to ../build/raw_data_publisher/raw_data_publisher.egg-info/top_level.txt
[4.825s] reading manifest file '../build/raw_data_publisher/raw_data_publisher.egg-info/SOURCES.txt'
[4.830s] writing manifest file '../build/raw_data_publisher/raw_data_publisher.egg-info/SOURCES.txt'
[4.837s] running build
[4.843s] running build_py
[4.844s] running install
[4.849s] running install_lib
[4.854s] running install_data
[4.855s] running install_egg_info
[4.893s] removing '/ExoMy_Sensors/install/raw_data_publisher/lib/python3.10/site-packages/raw_data_publisher-0.0.0-py3.10.egg-info' (and everything under it)
[4.894s] Copying ../build/raw_data_publisher/raw_data_publisher.egg-info to /ExoMy_Sensors/install/raw_data_publisher/lib/python3.10/site-packages/raw_data_publisher-0.0.0-py3.10.egg-info
[4.896s] running install_scripts
[4.981s] Installing imu_publisher script to /ExoMy_Sensors/install/raw_data_publisher/lib/raw_data_publisher
[4.987s] Installing tof_publisher script to /ExoMy_Sensors/install/raw_data_publisher/lib/raw_data_publisher
[4.992s] writing list of installed files to '/ExoMy_Sensors/build/raw_data_publisher/install.log'
[5.324s] Invoked command in '/ExoMy_Sensors/raw_data_publisher' returned '0': PYTHONPATH=/ExoMy_Sensors/build/raw_data_publisher/prefix_override:/usr/lib/python3/dist-packages/colcon_core/task/python/colcon_distutils_commands:/ExoMy_Sensors/install/raw_data_publisher/lib/python3.10/site-packages:${PYTHONPATH} /usr/bin/python3 -W ignore:setup.py install is deprecated -W ignore:easy_install command is deprecated setup.py egg_info --egg-base ../build/raw_data_publisher build --build-base /ExoMy_Sensors/build/raw_data_publisher/build install --record /ExoMy_Sensors/build/raw_data_publisher/install.log --single-version-externally-managed install_data
