[6.553s] Invoking command in '/ExoMy_Sensors/brain': PYTHONPATH=/ExoMy_Sensors/build/brain/prefix_override:/usr/lib/python3/dist-packages/colcon_core/task/python/colcon_distutils_commands:/ExoMy_Sensors/install/brain/lib/python3.10/site-packages:${PYTHONPATH} /usr/bin/python3 -W ignore:setup.py install is deprecated -W ignore:easy_install command is deprecated setup.py egg_info --egg-base ../build/brain build --build-base /ExoMy_Sensors/build/brain/build install --record /ExoMy_Sensors/build/brain/install.log --single-version-externally-managed install_data
[8.188s] running egg_info
[8.188s] writing ../build/brain/brain.egg-info/PKG-INFO
[8.189s] writing dependency_links to ../build/brain/brain.egg-info/dependency_links.txt
[8.200s] writing entry points to ../build/brain/brain.egg-info/entry_points.txt
[8.201s] writing requirements to ../build/brain/brain.egg-info/requires.txt
[8.201s] writing top-level names to ../build/brain/brain.egg-info/top_level.txt
[8.207s] reading manifest file '../build/brain/brain.egg-info/SOURCES.txt'
[8.208s] writing manifest file '../build/brain/brain.egg-info/SOURCES.txt'
[8.215s] running build
[8.216s] running build_py
[8.216s] running install
[8.216s] running install_lib
[8.248s] running install_data
[8.249s] running install_egg_info
[8.249s] removing '/ExoMy_Sensors/install/brain/lib/python3.10/site-packages/brain-0.0.0-py3.10.egg-info' (and everything under it)
[8.250s] Copying ../build/brain/brain.egg-info to /ExoMy_Sensors/install/brain/lib/python3.10/site-packages/brain-0.0.0-py3.10.egg-info
[8.284s] running install_scripts
[8.337s] writing list of installed files to '/ExoMy_Sensors/build/brain/install.log'
[8.504s] Invoked command in '/ExoMy_Sensors/brain' returned '0': PYTHONPATH=/ExoMy_Sensors/build/brain/prefix_override:/usr/lib/python3/dist-packages/colcon_core/task/python/colcon_distutils_commands:/ExoMy_Sensors/install/brain/lib/python3.10/site-packages:${PYTHONPATH} /usr/bin/python3 -W ignore:setup.py install is deprecated -W ignore:easy_install command is deprecated setup.py egg_info --egg-base ../build/brain build --build-base /ExoMy_Sensors/build/brain/build install --record /ExoMy_Sensors/build/brain/install.log --single-version-externally-managed install_data
