[1.736s] Invoking command in '/ros2_ws/src/raw_data_publisher/build/raw_data_publisher': PYTHONPATH=/ros2_ws/src/raw_data_publisher/build/raw_data_publisher/prefix_override:/usr/lib/python3/dist-packages/colcon_core/task/python/colcon_distutils_commands:/ros2_ws/src/raw_data_publisher/install/raw_data_publisher/lib/python3.10/site-packages:${PYTHONPATH} /usr/bin/python3 -W ignore:setup.py install is deprecated -W ignore:easy_install command is deprecated setup.py develop --editable --build-directory /ros2_ws/src/raw_data_publisher/build/raw_data_publisher/build --no-deps symlink_data
[2.452s] running develop
[2.753s] running egg_info
[2.754s] creating raw_data_publisher.egg-info
[2.754s] writing raw_data_publisher.egg-info/PKG-INFO
[2.754s] writing dependency_links to raw_data_publisher.egg-info/dependency_links.txt
[2.754s] writing entry points to raw_data_publisher.egg-info/entry_points.txt
[2.755s] writing requirements to raw_data_publisher.egg-info/requires.txt
[2.755s] writing top-level names to raw_data_publisher.egg-info/top_level.txt
[2.755s] writing manifest file 'raw_data_publisher.egg-info/SOURCES.txt'
[2.761s] reading manifest file 'raw_data_publisher.egg-info/SOURCES.txt'
[2.762s] writing manifest file 'raw_data_publisher.egg-info/SOURCES.txt'
[2.765s] running build_ext
[2.766s] Creating /ros2_ws/src/raw_data_publisher/install/raw_data_publisher/lib/python3.10/site-packages/raw-data-publisher.egg-link (link to .)
[2.768s] Installing imu_publisher script to /ros2_ws/src/raw_data_publisher/install/raw_data_publisher/lib/raw_data_publisher
[2.769s] Installing tof_publisher script to /ros2_ws/src/raw_data_publisher/install/raw_data_publisher/lib/raw_data_publisher
[2.770s] 
[2.770s] Installed /ros2_ws/src/raw_data_publisher/build/raw_data_publisher
[2.771s] running symlink_data
[2.771s] creating /ros2_ws/src/raw_data_publisher/install/raw_data_publisher/share/ament_index
[2.772s] creating /ros2_ws/src/raw_data_publisher/install/raw_data_publisher/share/ament_index/resource_index
[2.772s] creating /ros2_ws/src/raw_data_publisher/install/raw_data_publisher/share/ament_index/resource_index/packages
[2.773s] symbolically linking /ros2_ws/src/raw_data_publisher/build/raw_data_publisher/resource/raw_data_publisher -> /ros2_ws/src/raw_data_publisher/install/raw_data_publisher/share/ament_index/resource_index/packages
[2.774s] symbolically linking /ros2_ws/src/raw_data_publisher/build/raw_data_publisher/package.xml -> /ros2_ws/src/raw_data_publisher/install/raw_data_publisher/share/raw_data_publisher
[2.887s] Invoked command in '/ros2_ws/src/raw_data_publisher/build/raw_data_publisher' returned '0': PYTHONPATH=/ros2_ws/src/raw_data_publisher/build/raw_data_publisher/prefix_override:/usr/lib/python3/dist-packages/colcon_core/task/python/colcon_distutils_commands:/ros2_ws/src/raw_data_publisher/install/raw_data_publisher/lib/python3.10/site-packages:${PYTHONPATH} /usr/bin/python3 -W ignore:setup.py install is deprecated -W ignore:easy_install command is deprecated setup.py develop --editable --build-directory /ros2_ws/src/raw_data_publisher/build/raw_data_publisher/build --no-deps symlink_data
