[3.910s] Invoking command in '/ExoMy_Sensors/brain': PYTHONPATH=/ExoMy_Sensors/build/brain/prefix_override:/usr/lib/python3/dist-packages/colcon_core/task/python/colcon_distutils_commands:/ExoMy_Sensors/install/brain/lib/python3.10/site-packages:${PYTHONPATH} /usr/bin/python3 -W ignore:setup.py install is deprecated -W ignore:easy_install command is deprecated setup.py egg_info --egg-base ../build/brain build --build-base /ExoMy_Sensors/build/brain/build install --record /ExoMy_Sensors/build/brain/install.log --single-version-externally-managed install_data
[4.887s] running egg_info
[4.890s] writing ../build/brain/brain.egg-info/PKG-INFO
[4.893s] writing dependency_links to ../build/brain/brain.egg-info/dependency_links.txt
[4.896s] writing entry points to ../build/brain/brain.egg-info/entry_points.txt
[4.898s] writing requirements to ../build/brain/brain.egg-info/requires.txt
[4.902s] writing top-level names to ../build/brain/brain.egg-info/top_level.txt
[4.912s] reading manifest file '../build/brain/brain.egg-info/SOURCES.txt'
[4.914s] writing manifest file '../build/brain/brain.egg-info/SOURCES.txt'
[4.919s] running build
[4.920s] running build_py
[4.920s] running install
[4.921s] running install_lib
[4.924s] running install_data
[4.925s] running install_egg_info
[4.943s] removing '/ExoMy_Sensors/install/brain/lib/python3.10/site-packages/brain-0.0.0-py3.10.egg-info' (and everything under it)
[4.944s] Copying ../build/brain/brain.egg-info to /ExoMy_Sensors/install/brain/lib/python3.10/site-packages/brain-0.0.0-py3.10.egg-info
[4.949s] running install_scripts
[5.086s] writing list of installed files to '/ExoMy_Sensors/build/brain/install.log'
[5.316s] Invoked command in '/ExoMy_Sensors/brain' returned '0': PYTHONPATH=/ExoMy_Sensors/build/brain/prefix_override:/usr/lib/python3/dist-packages/colcon_core/task/python/colcon_distutils_commands:/ExoMy_Sensors/install/brain/lib/python3.10/site-packages:${PYTHONPATH} /usr/bin/python3 -W ignore:setup.py install is deprecated -W ignore:easy_install command is deprecated setup.py egg_info --egg-base ../build/brain build --build-base /ExoMy_Sensors/build/brain/build install --record /ExoMy_Sensors/build/brain/install.log --single-version-externally-managed install_data
